{"total": {"lines":{"total":19493,"covered":17954,"skipped":0,"pct":92.1},"statements":{"total":19493,"covered":17954,"skipped":0,"pct":92.1},"functions":{"total":979,"covered":834,"skipped":0,"pct":85.18},"branches":{"total":6553,"covered":5364,"skipped":0,"pct":81.85},"branchesTrue":{"total":0,"covered":0,"skipped":0,"pct":100}}
,"/Users/davenichols/AI/Claude/Projects/garden-app-worktrees/frontroadmap-20260730/lambda/daily-plan/engine.js": {"lines":{"total":393,"covered":345,"skipped":0,"pct":87.78},"functions":{"total":57,"covered":29,"skipped":0,"pct":50.87},"statements":{"total":393,"covered":345,"skipped":0,"pct":87.78},"branches":{"total":361,"covered":303,"skipped":0,"pct":83.93}}
,"/Users/davenichols/AI/Claude/Projects/garden-app-worktrees/frontroadmap-20260730/lambda/daily-plan/handler.js": {"lines":{"total":193,"covered":176,"skipped":0,"pct":91.19},"functions":{"total":5,"covered":5,"skipped":0,"pct":100},"statements":{"total":193,"covered":176,"skipped":0,"pct":91.19},"branches":{"total":52,"covered":36,"skipped":0,"pct":69.23}}
,"/Users/davenichols/AI/Claude/Projects/garden-app-worktrees/frontroadmap-20260730/lambda/daily-plan/index.js": {"lines":{"total":177,"covered":0,"skipped":0,"pct":0},"functions":{"total":1,"covered":0,"skipped":0,"pct":0},"statements":{"total":177,"covered":0,"skipped":0,"pct":0},"branches":{"total":1,"covered":0,"skipped":0,"pct":0}}
,"/Users/davenichols/AI/Claude/Projects/garden-app-worktrees/frontroadmap-20260730/lambda/daily-plan/station.js": {"lines":{"total":122,"covered":115,"skipped":0,"pct":94.26},"functions":{"total":16,"covered":10,"skipped":0,"pct":62.5},"statements":{"total":122,"covered":115,"skipped":0,"pct":94.26},"branches":{"total":71,"covered":49,"skipped":0,"pct":69.01}}
,"/Users/davenichols/AI/Claude/Projects/garden-app-worktrees/frontroadmap-20260730/src/components/AssigneePicker.jsx": {"lines":{"total":53,"covered":51,"skipped":0,"pct":96.22},"functions":{"total":2,"covered":2,"skipped":0,"pct":100},"statements":{"total":53,"covered":51,"skipped":0,"pct":96.22},"branches":{"total":21,"covered":17,"skipped":0,"pct":80.95}}
,"/Users/davenichols/AI/Claude/Projects/garden-app-worktrees/frontroadmap-20260730/src/components/BottomNav.jsx": {"lines":{"total":248,"covered":245,"skipped":0,"pct":98.79},"functions":{"total":11,"covered":11,"skipped":0,"pct":100},"statements":{"total":248,"covered":245,"skipped":0,"pct":98.79},"branches":{"total":50,"covered":43,"skipped":0,"pct":86}}
,"/Users/davenichols/AI/Claude/Projects/garden-app-worktrees/frontroadmap-20260730/src/components/BottomNavDot.jsx": {"lines":{"total":57,"covered":55,"skipped":0,"pct":96.49},"functions":{"total":2,"covered":1,"skipped":0,"pct":50},"statements":{"total":57,"covered":55,"skipped":0,"pct":96.49},"branches":{"total":21,"covered":18,"skipped":0,"pct":85.71}}
,"/Users/davenichols/AI/Claude/Projects/garden-app-worktrees/frontroadmap-20260730/src/components/Breadcrumb.jsx": {"lines":{"total":50,"covered":50,"skipped":0,"pct":100},"functions":{"total":1,"covered":1,"skipped":0,"pct":100},"statements":{"total":50,"covered":50,"skipped":0,"pct":100},"branches":{"total":9,"covered":6,"skipped":0,"pct":66.66}}
,"/Users/davenichols/AI/Claude/Projects/garden-app-worktrees/frontroadmap-20260730/src/components/CareStatus.jsx": {"lines":{"total":36,"covered":36,"skipped":0,"pct":100},"functions":{"total":1,"covered":1,"skipped":0,"pct":100},"statements":{"total":36,"covered":36,"skipped":0,"pct":100},"branches":{"total":14,"covered":12,"skipped":0,"pct":85.71}}
,"/Users/davenichols/AI/Claude/Projects/garden-app-worktrees/frontroadmap-20260730/src/components/CaretakerBadge.jsx": {"lines":{"total":23,"covered":23,"skipped":0,"pct":100},"functions":{"total":1,"covered":1,"skipped":0,"pct":100},"statements":{"total":23,"covered":23,"skipped":0,"pct":100},"branches":{"total":10,"covered":3,"skipped":0,"pct":30}}
,"/Users/davenichols/AI/Claude/Projects/garden-app-worktrees/frontroadmap-20260730/src/components/CatchUpBadge.jsx": {"lines":{"total":52,"covered":52,"skipped":0,"pct":100},"functions":{"total":2,"covered":2,"skipped":0,"pct":100},"statements":{"total":52,"covered":52,"skipped":0,"pct":100},"branches":{"total":22,"covered":19,"skipped":0,"pct":86.36}}
,"/Users/davenichols/AI/Claude/Projects/garden-app-worktrees/frontroadmap-20260730/src/components/CritterAnnouncement.jsx": {"lines":{"total":62,"covered":51,"skipped":0,"pct":82.25},"functions":{"total":2,"covered":2,"skipped":0,"pct":100},"statements":{"total":62,"covered":51,"skipped":0,"pct":82.25},"branches":{"total":17,"covered":14,"skipped":0,"pct":82.35}}
,"/Users/davenichols/AI/Claude/Projects/garden-app-worktrees/frontroadmap-20260730/src/components/CritterArrival.jsx": {"lines":{"total":138,"covered":3,"skipped":0,"pct":2.17},"functions":{"total":1,"covered":0,"skipped":0,"pct":0},"statements":{"total":138,"covered":3,"skipped":0,"pct":2.17},"branches":{"total":0,"covered":0,"skipped":0,"pct":100}}
,"/Users/davenichols/AI/Claude/Projects/garden-app-worktrees/frontroadmap-20260730/src/components/CritterArrivalController.jsx": {"lines":{"total":53,"covered":53,"skipped":0,"pct":100},"functions":{"total":3,"covered":2,"skipped":0,"pct":66.66},"statements":{"total":53,"covered":53,"skipped":0,"pct":100},"branches":{"total":38,"covered":33,"skipped":0,"pct":86.84}}
,"/Users/davenichols/AI/Claude/Projects/garden-app-worktrees/frontroadmap-20260730/src/components/CritterCoachmark.jsx": {"lines":{"total":41,"covered":41,"skipped":0,"pct":100},"functions":{"total":1,"covered":1,"skipped":0,"pct":100},"statements":{"total":41,"covered":41,"skipped":0,"pct":100},"branches":{"total":11,"covered":9,"skipped":0,"pct":81.81}}
,"/Users/davenichols/AI/Claude/Projects/garden-app-worktrees/frontroadmap-20260730/src/components/CritterFactsPopover.jsx": {"lines":{"total":95,"covered":3,"skipped":0,"pct":3.15},"functions":{"total":1,"covered":0,"skipped":0,"pct":0},"statements":{"total":95,"covered":3,"skipped":0,"pct":3.15},"branches":{"total":1,"covered":0,"skipped":0,"pct":0}}
,"/Users/davenichols/AI/Claude/Projects/garden-app-worktrees/frontroadmap-20260730/src/components/CritterImage.jsx": {"lines":{"total":102,"covered":0,"skipped":0,"pct":0},"functions":{"total":1,"covered":0,"skipped":0,"pct":0},"statements":{"total":102,"covered":0,"skipped":0,"pct":0},"branches":{"total":1,"covered":0,"skipped":0,"pct":0}}
,"/Users/davenichols/AI/Claude/Projects/garden-app-worktrees/frontroadmap-20260730/src/components/CritterOfDay.jsx": {"lines":{"total":77,"covered":73,"skipped":0,"pct":94.8},"functions":{"total":3,"covered":3,"skipped":0,"pct":100},"statements":{"total":77,"covered":73,"skipped":0,"pct":94.8},"branches":{"total":32,"covered":18,"skipped":0,"pct":56.25}}
,"/Users/davenichols/AI/Claude/Projects/garden-app-worktrees/frontroadmap-20260730/src/components/CritterOptInPrompt.jsx": {"lines":{"total":36,"covered":36,"skipped":0,"pct":100},"functions":{"total":1,"covered":1,"skipped":0,"pct":100},"statements":{"total":36,"covered":36,"skipped":0,"pct":100},"branches":{"total":10,"covered":9,"skipped":0,"pct":90}}
,"/Users/davenichols/AI/Claude/Projects/garden-app-worktrees/frontroadmap-20260730/src/components/CritterSprite.jsx": {"lines":{"total":126,"covered":105,"skipped":0,"pct":83.33},"functions":{"total":3,"covered":1,"skipped":0,"pct":33.33},"statements":{"total":126,"covered":105,"skipped":0,"pct":83.33},"branches":{"total":46,"covered":33,"skipped":0,"pct":71.73}}
,"/Users/davenichols/AI/Claude/Projects/garden-app-worktrees/frontroadmap-20260730/src/components/ErrorBoundary.jsx": {"lines":{"total":21,"covered":21,"skipped":0,"pct":100},"functions":{"total":5,"covered":5,"skipped":0,"pct":100},"statements":{"total":21,"covered":21,"skipped":0,"pct":100},"branches":{"total":14,"covered":13,"skipped":0,"pct":92.85}}
,"/Users/davenichols/AI/Claude/Projects/garden-app-worktrees/frontroadmap-20260730/src/components/FacebookShareSheet.jsx": {"lines":{"total":121,"covered":118,"skipped":0,"pct":97.52},"functions":{"total":9,"covered":6,"skipped":0,"pct":66.66},"statements":{"total":121,"covered":118,"skipped":0,"pct":97.52},"branches":{"total":37,"covered":22,"skipped":0,"pct":59.45}}
,"/Users/davenichols/AI/Claude/Projects/garden-app-worktrees/frontroadmap-20260730/src/components/FavoriteToggle.jsx": {"lines":{"total":49,"covered":48,"skipped":0,"pct":97.95},"functions":{"total":2,"covered":2,"skipped":0,"pct":100},"statements":{"total":49,"covered":48,"skipped":0,"pct":97.95},"branches":{"total":15,"covered":11,"skipped":0,"pct":73.33}}
,"/Users/davenichols/AI/Claude/Projects/garden-app-worktrees/frontroadmap-20260730/src/components/Footer.jsx": {"lines":{"total":40,"covered":0,"skipped":0,"pct":0},"functions":{"total":1,"covered":0,"skipped":0,"pct":0},"statements":{"total":40,"covered":0,"skipped":0,"pct":0},"branches":{"total":1,"covered":0,"skipped":0,"pct":0}}
,"/Users/davenichols/AI/Claude/Projects/garden-app-worktrees/frontroadmap-20260730/src/components/GardenArrival.jsx": {"lines":{"total":62,"covered":17,"skipped":0,"pct":27.41},"functions":{"total":2,"covered":0,"skipped":0,"pct":0},"statements":{"total":62,"covered":17,"skipped":0,"pct":27.41},"branches":{"total":0,"covered":0,"skipped":0,"pct":100}}
,"/Users/davenichols/AI/Claude/Projects/garden-app-worktrees/frontroadmap-20260730/src/components/HarvestReadyBand.jsx": {"lines":{"total":72,"covered":69,"skipped":0,"pct":95.83},"functions":{"total":3,"covered":2,"skipped":0,"pct":66.66},"statements":{"total":72,"covered":69,"skipped":0,"pct":95.83},"branches":{"total":21,"covered":17,"skipped":0,"pct":80.95}}
,"/Users/davenichols/AI/Claude/Projects/garden-app-worktrees/frontroadmap-20260730/src/components/HarvestReadyTile.jsx": {"lines":{"total":135,"covered":135,"skipped":0,"pct":100},"functions":{"total":7,"covered":7,"skipped":0,"pct":100},"statements":{"total":135,"covered":135,"skipped":0,"pct":100},"branches":{"total":28,"covered":28,"skipped":0,"pct":100}}
,"/Users/davenichols/AI/Claude/Projects/garden-app-worktrees/frontroadmap-20260730/src/components/HeadsUpTile.jsx": {"lines":{"total":104,"covered":104,"skipped":0,"pct":100},"functions":{"total":5,"covered":5,"skipped":0,"pct":100},"statements":{"total":104,"covered":104,"skipped":0,"pct":100},"branches":{"total":24,"covered":22,"skipped":0,"pct":91.66}}
,"/Users/davenichols/AI/Claude/Projects/garden-app-worktrees/frontroadmap-20260730/src/components/Icon.jsx": {"lines":{"total":28,"covered":28,"skipped":0,"pct":100},"functions":{"total":2,"covered":2,"skipped":0,"pct":100},"statements":{"total":28,"covered":28,"skipped":0,"pct":100},"branches":{"total":27,"covered":24,"skipped":0,"pct":88.88}}
,"/Users/davenichols/AI/Claude/Projects/garden-app-worktrees/frontroadmap-20260730/src/components/Lightbox.jsx": {"lines":{"total":442,"covered":376,"skipped":0,"pct":85.06},"functions":{"total":20,"covered":16,"skipped":0,"pct":80},"statements":{"total":442,"covered":376,"skipped":0,"pct":85.06},"branches":{"total":152,"covered":131,"skipped":0,"pct":86.18}}
,"/Users/davenichols/AI/Claude/Projects/garden-app-worktrees/frontroadmap-20260730/src/components/LoveMehPopover.jsx": {"lines":{"total":124,"covered":111,"skipped":0,"pct":89.51},"functions":{"total":7,"covered":6,"skipped":0,"pct":85.71},"statements":{"total":124,"covered":111,"skipped":0,"pct":89.51},"branches":{"total":30,"covered":28,"skipped":0,"pct":93.33}}
,"/Users/davenichols/AI/Claude/Projects/garden-app-worktrees/frontroadmap-20260730/src/components/MicCaptureButton.jsx": {"lines":{"total":292,"covered":278,"skipped":0,"pct":95.2},"functions":{"total":11,"covered":11,"skipped":0,"pct":100},"statements":{"total":292,"covered":278,"skipped":0,"pct":95.2},"branches":{"total":120,"covered":101,"skipped":0,"pct":84.16}}
,"/Users/davenichols/AI/Claude/Projects/garden-app-worktrees/frontroadmap-20260730/src/components/NotifyButton.jsx": {"lines":{"total":237,"covered":232,"skipped":0,"pct":97.89},"functions":{"total":6,"covered":6,"skipped":0,"pct":100},"statements":{"total":237,"covered":232,"skipped":0,"pct":97.89},"branches":{"total":52,"covered":41,"skipped":0,"pct":78.84}}
,"/Users/davenichols/AI/Claude/Projects/garden-app-worktrees/frontroadmap-20260730/src/components/PhotoHero.jsx": {"lines":{"total":75,"covered":75,"skipped":0,"pct":100},"functions":{"total":4,"covered":4,"skipped":0,"pct":100},"statements":{"total":75,"covered":75,"skipped":0,"pct":100},"branches":{"total":16,"covered":14,"skipped":0,"pct":87.5}}
,"/Users/davenichols/AI/Claude/Projects/garden-app-worktrees/frontroadmap-20260730/src/components/PhotoImg.jsx": {"lines":{"total":171,"covered":169,"skipped":0,"pct":98.83},"functions":{"total":10,"covered":9,"skipped":0,"pct":90},"statements":{"total":171,"covered":169,"skipped":0,"pct":98.83},"branches":{"total":123,"covered":103,"skipped":0,"pct":83.73}}
,"/Users/davenichols/AI/Claude/Projects/garden-app-worktrees/frontroadmap-20260730/src/components/PhotoUpload.jsx": {"lines":{"total":164,"covered":159,"skipped":0,"pct":96.95},"functions":{"total":3,"covered":1,"skipped":0,"pct":33.33},"statements":{"total":164,"covered":159,"skipped":0,"pct":96.95},"branches":{"total":41,"covered":38,"skipped":0,"pct":92.68}}
,"/Users/davenichols/AI/Claude/Projects/garden-app-worktrees/frontroadmap-20260730/src/components/PhotosWall.jsx": {"lines":{"total":156,"covered":146,"skipped":0,"pct":93.58},"functions":{"total":8,"covered":7,"skipped":0,"pct":87.5},"statements":{"total":156,"covered":146,"skipped":0,"pct":93.58},"branches":{"total":46,"covered":32,"skipped":0,"pct":69.56}}
,"/Users/davenichols/AI/Claude/Projects/garden-app-worktrees/frontroadmap-20260730/src/components/PlantStatusBadge.jsx": {"lines":{"total":22,"covered":22,"skipped":0,"pct":100},"functions":{"total":2,"covered":2,"skipped":0,"pct":100},"statements":{"total":22,"covered":22,"skipped":0,"pct":100},"branches":{"total":10,"covered":10,"skipped":0,"pct":100}}
,"/Users/davenichols/AI/Claude/Projects/garden-app-worktrees/frontroadmap-20260730/src/components/PlantingEditor.jsx": {"lines":{"total":232,"covered":230,"skipped":0,"pct":99.13},"functions":{"total":7,"covered":7,"skipped":0,"pct":100},"statements":{"total":232,"covered":230,"skipped":0,"pct":99.13},"branches":{"total":103,"covered":67,"skipped":0,"pct":65.04}}
,"/Users/davenichols/AI/Claude/Projects/garden-app-worktrees/frontroadmap-20260730/src/components/PlantingTile.jsx": {"lines":{"total":144,"covered":125,"skipped":0,"pct":86.8},"functions":{"total":2,"covered":2,"skipped":0,"pct":100},"statements":{"total":144,"covered":125,"skipped":0,"pct":86.8},"branches":{"total":15,"covered":9,"skipped":0,"pct":60}}
,"/Users/davenichols/AI/Claude/Projects/garden-app-worktrees/frontroadmap-20260730/src/components/PlantsRedirect.jsx": {"lines":{"total":5,"covered":5,"skipped":0,"pct":100},"functions":{"total":1,"covered":1,"skipped":0,"pct":100},"statements":{"total":5,"covered":5,"skipped":0,"pct":100},"branches":{"total":1,"covered":1,"skipped":0,"pct":100}}
,"/Users/davenichols/AI/Claude/Projects/garden-app-worktrees/frontroadmap-20260730/src/components/ProjectOptions.jsx": {"lines":{"total":9,"covered":9,"skipped":0,"pct":100},"functions":{"total":1,"covered":1,"skipped":0,"pct":100},"statements":{"total":9,"covered":9,"skipped":0,"pct":100},"branches":{"total":8,"covered":6,"skipped":0,"pct":75}}
,"/Users/davenichols/AI/Claude/Projects/garden-app-worktrees/frontroadmap-20260730/src/components/ProjectStatusBadge.jsx": {"lines":{"total":16,"covered":16,"skipped":0,"pct":100},"functions":{"total":1,"covered":1,"skipped":0,"pct":100},"statements":{"total":16,"covered":16,"skipped":0,"pct":100},"branches":{"total":3,"covered":3,"skipped":0,"pct":100}}
,"/Users/davenichols/AI/Claude/Projects/garden-app-worktrees/frontroadmap-20260730/src/components/PutUpPhotoThumb.jsx": {"lines":{"total":17,"covered":17,"skipped":0,"pct":100},"functions":{"total":1,"covered":1,"skipped":0,"pct":100},"statements":{"total":17,"covered":17,"skipped":0,"pct":100},"branches":{"total":3,"covered":3,"skipped":0,"pct":100}}
,"/Users/davenichols/AI/Claude/Projects/garden-app-worktrees/frontroadmap-20260730/src/components/PutUpUseSoonBand.jsx": {"lines":{"total":95,"covered":90,"skipped":0,"pct":94.73},"functions":{"total":5,"covered":3,"skipped":0,"pct":60},"statements":{"total":95,"covered":90,"skipped":0,"pct":94.73},"branches":{"total":24,"covered":18,"skipped":0,"pct":75}}
,"/Users/davenichols/AI/Claude/Projects/garden-app-worktrees/frontroadmap-20260730/src/components/QualityDots.jsx": {"lines":{"total":21,"covered":21,"skipped":0,"pct":100},"functions":{"total":1,"covered":1,"skipped":0,"pct":100},"statements":{"total":21,"covered":21,"skipped":0,"pct":100},"branches":{"total":8,"covered":8,"skipped":0,"pct":100}}
,"/Users/davenichols/AI/Claude/Projects/garden-app-worktrees/frontroadmap-20260730/src/components/SeverityBadge.jsx": {"lines":{"total":57,"covered":57,"skipped":0,"pct":100},"functions":{"total":3,"covered":3,"skipped":0,"pct":100},"statements":{"total":57,"covered":57,"skipped":0,"pct":100},"branches":{"total":11,"covered":11,"skipped":0,"pct":100}}
,"/Users/davenichols/AI/Claude/Projects/garden-app-worktrees/frontroadmap-20260730/src/components/SortToggle.jsx": {"lines":{"total":34,"covered":34,"skipped":0,"pct":100},"functions":{"total":2,"covered":1,"skipped":0,"pct":50},"statements":{"total":34,"covered":34,"skipped":0,"pct":100},"branches":{"total":8,"covered":8,"skipped":0,"pct":100}}
,"/Users/davenichols/AI/Claude/Projects/garden-app-worktrees/frontroadmap-20260730/src/components/SpaceHero.jsx": {"lines":{"total":40,"covered":32,"skipped":0,"pct":80},"functions":{"total":3,"covered":2,"skipped":0,"pct":66.66},"statements":{"total":40,"covered":32,"skipped":0,"pct":80},"branches":{"total":8,"covered":6,"skipped":0,"pct":75}}
,"/Users/davenichols/AI/Claude/Projects/garden-app-worktrees/frontroadmap-20260730/src/components/SplashScreen.jsx": {"lines":{"total":69,"covered":65,"skipped":0,"pct":94.2},"functions":{"total":5,"covered":4,"skipped":0,"pct":80},"statements":{"total":69,"covered":65,"skipped":0,"pct":94.2},"branches":{"total":18,"covered":13,"skipped":0,"pct":72.22}}
,"/Users/davenichols/AI/Claude/Projects/garden-app-worktrees/frontroadmap-20260730/src/components/StatTile.jsx": {"lines":{"total":16,"covered":16,"skipped":0,"pct":100},"functions":{"total":1,"covered":1,"skipped":0,"pct":100},"statements":{"total":16,"covered":16,"skipped":0,"pct":100},"branches":{"total":7,"covered":7,"skipped":0,"pct":100}}
,"/Users/davenichols/AI/Claude/Projects/garden-app-worktrees/frontroadmap-20260730/src/components/TallyDisplay.jsx": {"lines":{"total":37,"covered":37,"skipped":0,"pct":100},"functions":{"total":1,"covered":1,"skipped":0,"pct":100},"statements":{"total":37,"covered":37,"skipped":0,"pct":100},"branches":{"total":13,"covered":12,"skipped":0,"pct":92.3}}
,"/Users/davenichols/AI/Claude/Projects/garden-app-worktrees/frontroadmap-20260730/src/components/TapCaptureFallback.jsx": {"lines":{"total":72,"covered":72,"skipped":0,"pct":100},"functions":{"total":3,"covered":3,"skipped":0,"pct":100},"statements":{"total":72,"covered":72,"skipped":0,"pct":100},"branches":{"total":11,"covered":11,"skipped":0,"pct":100}}
,"/Users/davenichols/AI/Claude/Projects/garden-app-worktrees/frontroadmap-20260730/src/components/TodayBand.jsx": {"lines":{"total":81,"covered":81,"skipped":0,"pct":100},"functions":{"total":4,"covered":3,"skipped":0,"pct":75},"statements":{"total":81,"covered":81,"skipped":0,"pct":100},"branches":{"total":40,"covered":30,"skipped":0,"pct":75}}
,"/Users/davenichols/AI/Claude/Projects/garden-app-worktrees/frontroadmap-20260730/src/components/TopChrome.jsx": {"lines":{"total":119,"covered":118,"skipped":0,"pct":99.15},"functions":{"total":8,"covered":3,"skipped":0,"pct":37.5},"statements":{"total":119,"covered":118,"skipped":0,"pct":99.15},"branches":{"total":27,"covered":20,"skipped":0,"pct":74.07}}
,"/Users/davenichols/AI/Claude/Projects/garden-app-worktrees/frontroadmap-20260730/src/components/TranscriptReview.jsx": {"lines":{"total":372,"covered":332,"skipped":0,"pct":89.24},"functions":{"total":11,"covered":10,"skipped":0,"pct":90.9},"statements":{"total":372,"covered":332,"skipped":0,"pct":89.24},"branches":{"total":132,"covered":109,"skipped":0,"pct":82.57}}
,"/Users/davenichols/AI/Claude/Projects/garden-app-worktrees/frontroadmap-20260730/src/components/TreatmentDetails.jsx": {"lines":{"total":93,"covered":88,"skipped":0,"pct":94.62},"functions":{"total":9,"covered":5,"skipped":0,"pct":55.55},"statements":{"total":93,"covered":88,"skipped":0,"pct":94.62},"branches":{"total":32,"covered":18,"skipped":0,"pct":56.25}}
,"/Users/davenichols/AI/Claude/Projects/garden-app-worktrees/frontroadmap-20260730/src/components/UpdateBanner.jsx": {"lines":{"total":32,"covered":32,"skipped":0,"pct":100},"functions":{"total":2,"covered":2,"skipped":0,"pct":100},"statements":{"total":32,"covered":32,"skipped":0,"pct":100},"branches":{"total":8,"covered":7,"skipped":0,"pct":87.5}}
,"/Users/davenichols/AI/Claude/Projects/garden-app-worktrees/frontroadmap-20260730/src/components/VarietyPicker.jsx": {"lines":{"total":725,"covered":697,"skipped":0,"pct":96.13},"functions":{"total":35,"covered":28,"skipped":0,"pct":80},"statements":{"total":725,"covered":697,"skipped":0,"pct":96.13},"branches":{"total":197,"covered":156,"skipped":0,"pct":79.18}}
,"/Users/davenichols/AI/Claude/Projects/garden-app-worktrees/frontroadmap-20260730/src/components/WhatsNewDot.jsx": {"lines":{"total":34,"covered":4,"skipped":0,"pct":11.76},"functions":{"total":2,"covered":1,"skipped":0,"pct":50},"statements":{"total":34,"covered":4,"skipped":0,"pct":11.76},"branches":{"total":2,"covered":1,"skipped":0,"pct":50}}
,"/Users/davenichols/AI/Claude/Projects/garden-app-worktrees/frontroadmap-20260730/src/components/ZoomableImage.jsx": {"lines":{"total":73,"covered":73,"skipped":0,"pct":100},"functions":{"total":7,"covered":7,"skipped":0,"pct":100},"statements":{"total":73,"covered":73,"skipped":0,"pct":100},"branches":{"total":30,"covered":27,"skipped":0,"pct":90}}
,"/Users/davenichols/AI/Claude/Projects/garden-app-worktrees/frontroadmap-20260730/src/components/findings/ConfidenceBasis.jsx": {"lines":{"total":20,"covered":20,"skipped":0,"pct":100},"functions":{"total":1,"covered":1,"skipped":0,"pct":100},"statements":{"total":20,"covered":20,"skipped":0,"pct":100},"branches":{"total":4,"covered":3,"skipped":0,"pct":75}}
,"/Users/davenichols/AI/Claude/Projects/garden-app-worktrees/frontroadmap-20260730/src/components/findings/FindingCard.jsx": {"lines":{"total":91,"covered":89,"skipped":0,"pct":97.8},"functions":{"total":3,"covered":3,"skipped":0,"pct":100},"statements":{"total":91,"covered":89,"skipped":0,"pct":97.8},"branches":{"total":33,"covered":27,"skipped":0,"pct":81.81}}
,"/Users/davenichols/AI/Claude/Projects/garden-app-worktrees/frontroadmap-20260730/src/components/findings/FindingsList.jsx": {"lines":{"total":17,"covered":17,"skipped":0,"pct":100},"functions":{"total":2,"covered":2,"skipped":0,"pct":100},"statements":{"total":17,"covered":17,"skipped":0,"pct":100},"branches":{"total":6,"covered":6,"skipped":0,"pct":100}}
,"/Users/davenichols/AI/Claude/Projects/garden-app-worktrees/frontroadmap-20260730/src/components/findings/GardenVisitors.jsx": {"lines":{"total":18,"covered":18,"skipped":0,"pct":100},"functions":{"total":1,"covered":1,"skipped":0,"pct":100},"statements":{"total":18,"covered":18,"skipped":0,"pct":100},"branches":{"total":5,"covered":3,"skipped":0,"pct":60}}
,"/Users/davenichols/AI/Claude/Projects/garden-app-worktrees/frontroadmap-20260730/src/components/findings/TodayReasoning.jsx": {"lines":{"total":23,"covered":21,"skipped":0,"pct":91.3},"functions":{"total":1,"covered":1,"skipped":0,"pct":100},"statements":{"total":23,"covered":21,"skipped":0,"pct":91.3},"branches":{"total":6,"covered":4,"skipped":0,"pct":66.66}}
,"/Users/davenichols/AI/Claude/Projects/garden-app-worktrees/frontroadmap-20260730/src/components/findings/UrgencyIcon.jsx": {"lines":{"total":15,"covered":15,"skipped":0,"pct":100},"functions":{"total":1,"covered":1,"skipped":0,"pct":100},"statements":{"total":15,"covered":15,"skipped":0,"pct":100},"branches":{"total":4,"covered":1,"skipped":0,"pct":25}}
,"/Users/davenichols/AI/Claude/Projects/garden-app-worktrees/frontroadmap-20260730/src/components/forms/AsyncRegion.jsx": {"lines":{"total":47,"covered":47,"skipped":0,"pct":100},"functions":{"total":2,"covered":2,"skipped":0,"pct":100},"statements":{"total":47,"covered":47,"skipped":0,"pct":100},"branches":{"total":13,"covered":13,"skipped":0,"pct":100}}
,"/Users/davenichols/AI/Claude/Projects/garden-app-worktrees/frontroadmap-20260730/src/components/forms/Badge.jsx": {"lines":{"total":32,"covered":32,"skipped":0,"pct":100},"functions":{"total":2,"covered":2,"skipped":0,"pct":100},"statements":{"total":32,"covered":32,"skipped":0,"pct":100},"branches":{"total":3,"covered":2,"skipped":0,"pct":66.66}}
,"/Users/davenichols/AI/Claude/Projects/garden-app-worktrees/frontroadmap-20260730/src/components/forms/Button.jsx": {"lines":{"total":14,"covered":14,"skipped":0,"pct":100},"functions":{"total":1,"covered":1,"skipped":0,"pct":100},"statements":{"total":14,"covered":14,"skipped":0,"pct":100},"branches":{"total":7,"covered":6,"skipped":0,"pct":85.71}}
,"/Users/davenichols/AI/Claude/Projects/garden-app-worktrees/frontroadmap-20260730/src/components/forms/Card.jsx": {"lines":{"total":12,"covered":12,"skipped":0,"pct":100},"functions":{"total":1,"covered":1,"skipped":0,"pct":100},"statements":{"total":12,"covered":12,"skipped":0,"pct":100},"branches":{"total":1,"covered":1,"skipped":0,"pct":100}}
,"/Users/davenichols/AI/Claude/Projects/garden-app-worktrees/frontroadmap-20260730/src/components/forms/ChoiceGrid.jsx": {"lines":{"total":59,"covered":46,"skipped":0,"pct":77.96},"functions":{"total":6,"covered":4,"skipped":0,"pct":66.66},"statements":{"total":59,"covered":46,"skipped":0,"pct":77.96},"branches":{"total":34,"covered":31,"skipped":0,"pct":91.17}}
,"/Users/davenichols/AI/Claude/Projects/garden-app-worktrees/frontroadmap-20260730/src/components/forms/EnumSelect.jsx": {"lines":{"total":9,"covered":9,"skipped":0,"pct":100},"functions":{"total":1,"covered":1,"skipped":0,"pct":100},"statements":{"total":9,"covered":9,"skipped":0,"pct":100},"branches":{"total":9,"covered":7,"skipped":0,"pct":77.77}}
,"/Users/davenichols/AI/Claude/Projects/garden-app-worktrees/frontroadmap-20260730/src/components/forms/ErrorBanner.jsx": {"lines":{"total":8,"covered":8,"skipped":0,"pct":100},"functions":{"total":1,"covered":1,"skipped":0,"pct":100},"statements":{"total":8,"covered":8,"skipped":0,"pct":100},"branches":{"total":5,"covered":5,"skipped":0,"pct":100}}
,"/Users/davenichols/AI/Claude/Projects/garden-app-worktrees/frontroadmap-20260730/src/components/forms/EventTypePicker.jsx": {"lines":{"total":104,"covered":104,"skipped":0,"pct":100},"functions":{"total":5,"covered":4,"skipped":0,"pct":80},"statements":{"total":104,"covered":104,"skipped":0,"pct":100},"branches":{"total":23,"covered":23,"skipped":0,"pct":100}}
,"/Users/davenichols/AI/Claude/Projects/garden-app-worktrees/frontroadmap-20260730/src/components/forms/FacetGroupHeader.jsx": {"lines":{"total":24,"covered":24,"skipped":0,"pct":100},"functions":{"total":2,"covered":1,"skipped":0,"pct":50},"statements":{"total":24,"covered":24,"skipped":0,"pct":100},"branches":{"total":18,"covered":16,"skipped":0,"pct":88.88}}
,"/Users/davenichols/AI/Claude/Projects/garden-app-worktrees/frontroadmap-20260730/src/components/forms/Field.jsx": {"lines":{"total":57,"covered":52,"skipped":0,"pct":91.22},"functions":{"total":2,"covered":2,"skipped":0,"pct":100},"statements":{"total":57,"covered":52,"skipped":0,"pct":91.22},"branches":{"total":23,"covered":21,"skipped":0,"pct":91.3}}
,"/Users/davenichols/AI/Claude/Projects/garden-app-worktrees/frontroadmap-20260730/src/components/forms/GroupByControl.jsx": {"lines":{"total":21,"covered":21,"skipped":0,"pct":100},"functions":{"total":2,"covered":2,"skipped":0,"pct":100},"statements":{"total":21,"covered":21,"skipped":0,"pct":100},"branches":{"total":11,"covered":11,"skipped":0,"pct":100}}
,"/Users/davenichols/AI/Claude/Projects/garden-app-worktrees/frontroadmap-20260730/src/components/forms/Input.jsx": {"lines":{"total":13,"covered":13,"skipped":0,"pct":100},"functions":{"total":1,"covered":1,"skipped":0,"pct":100},"statements":{"total":13,"covered":13,"skipped":0,"pct":100},"branches":{"total":8,"covered":8,"skipped":0,"pct":100}}
,"/Users/davenichols/AI/Claude/Projects/garden-app-worktrees/frontroadmap-20260730/src/components/forms/PageShell.jsx": {"lines":{"total":24,"covered":24,"skipped":0,"pct":100},"functions":{"total":1,"covered":1,"skipped":0,"pct":100},"statements":{"total":24,"covered":24,"skipped":0,"pct":100},"branches":{"total":1,"covered":1,"skipped":0,"pct":100}}
,"/Users/davenichols/AI/Claude/Projects/garden-app-worktrees/frontroadmap-20260730/src/components/forms/PlantForm.jsx": {"lines":{"total":146,"covered":146,"skipped":0,"pct":100},"functions":{"total":20,"covered":16,"skipped":0,"pct":80},"statements":{"total":146,"covered":146,"skipped":0,"pct":100},"branches":{"total":41,"covered":33,"skipped":0,"pct":80.48}}
,"/Users/davenichols/AI/Claude/Projects/garden-app-worktrees/frontroadmap-20260730/src/components/forms/PlantingSelect.jsx": {"lines":{"total":312,"covered":306,"skipped":0,"pct":98.07},"functions":{"total":14,"covered":13,"skipped":0,"pct":92.85},"statements":{"total":312,"covered":306,"skipped":0,"pct":98.07},"branches":{"total":146,"covered":112,"skipped":0,"pct":76.71}}
,"/Users/davenichols/AI/Claude/Projects/garden-app-worktrees/frontroadmap-20260730/src/components/forms/ScopeChecklist.jsx": {"lines":{"total":158,"covered":155,"skipped":0,"pct":98.1},"functions":{"total":12,"covered":7,"skipped":0,"pct":58.33},"statements":{"total":158,"covered":155,"skipped":0,"pct":98.1},"branches":{"total":98,"covered":77,"skipped":0,"pct":78.57}}
,"/Users/davenichols/AI/Claude/Projects/garden-app-worktrees/frontroadmap-20260730/src/components/forms/SegmentedControl.jsx": {"lines":{"total":66,"covered":60,"skipped":0,"pct":90.9},"functions":{"total":5,"covered":5,"skipped":0,"pct":100},"statements":{"total":66,"covered":60,"skipped":0,"pct":90.9},"branches":{"total":26,"covered":20,"skipped":0,"pct":76.92}}
,"/Users/davenichols/AI/Claude/Projects/garden-app-worktrees/frontroadmap-20260730/src/components/forms/Select.jsx": {"lines":{"total":23,"covered":23,"skipped":0,"pct":100},"functions":{"total":2,"covered":2,"skipped":0,"pct":100},"statements":{"total":23,"covered":23,"skipped":0,"pct":100},"branches":{"total":19,"covered":16,"skipped":0,"pct":84.21}}
,"/Users/davenichols/AI/Claude/Projects/garden-app-worktrees/frontroadmap-20260730/src/components/forms/SelectChip.jsx": {"lines":{"total":23,"covered":23,"skipped":0,"pct":100},"functions":{"total":1,"covered":1,"skipped":0,"pct":100},"statements":{"total":23,"covered":23,"skipped":0,"pct":100},"branches":{"total":11,"covered":11,"skipped":0,"pct":100}}
,"/Users/davenichols/AI/Claude/Projects/garden-app-worktrees/frontroadmap-20260730/src/components/forms/Sheet.jsx": {"lines":{"total":120,"covered":120,"skipped":0,"pct":100},"functions":{"total":7,"covered":7,"skipped":0,"pct":100},"statements":{"total":120,"covered":120,"skipped":0,"pct":100},"branches":{"total":45,"covered":38,"skipped":0,"pct":84.44}}
,"/Users/davenichols/AI/Claude/Projects/garden-app-worktrees/frontroadmap-20260730/src/components/forms/Spinner.jsx": {"lines":{"total":27,"covered":27,"skipped":0,"pct":100},"functions":{"total":1,"covered":1,"skipped":0,"pct":100},"statements":{"total":27,"covered":27,"skipped":0,"pct":100},"branches":{"total":3,"covered":3,"skipped":0,"pct":100}}
,"/Users/davenichols/AI/Claude/Projects/garden-app-worktrees/frontroadmap-20260730/src/components/forms/StatusSelect.jsx": {"lines":{"total":6,"covered":6,"skipped":0,"pct":100},"functions":{"total":1,"covered":1,"skipped":0,"pct":100},"statements":{"total":6,"covered":6,"skipped":0,"pct":100},"branches":{"total":6,"covered":6,"skipped":0,"pct":100}}
,"/Users/davenichols/AI/Claude/Projects/garden-app-worktrees/frontroadmap-20260730/src/components/forms/TagChip.jsx": {"lines":{"total":27,"covered":27,"skipped":0,"pct":100},"functions":{"total":2,"covered":2,"skipped":0,"pct":100},"statements":{"total":27,"covered":27,"skipped":0,"pct":100},"branches":{"total":12,"covered":9,"skipped":0,"pct":75}}
,"/Users/davenichols/AI/Claude/Projects/garden-app-worktrees/frontroadmap-20260730/src/components/forms/TagFilterBar.jsx": {"lines":{"total":15,"covered":15,"skipped":0,"pct":100},"functions":{"total":1,"covered":1,"skipped":0,"pct":100},"statements":{"total":15,"covered":15,"skipped":0,"pct":100},"branches":{"total":3,"covered":3,"skipped":0,"pct":100}}
,"/Users/davenichols/AI/Claude/Projects/garden-app-worktrees/frontroadmap-20260730/src/components/forms/Textarea.jsx": {"lines":{"total":14,"covered":14,"skipped":0,"pct":100},"functions":{"total":1,"covered":1,"skipped":0,"pct":100},"statements":{"total":14,"covered":14,"skipped":0,"pct":100},"branches":{"total":3,"covered":1,"skipped":0,"pct":33.33}}
,"/Users/davenichols/AI/Claude/Projects/garden-app-worktrees/frontroadmap-20260730/src/components/forms/TileGrid.jsx": {"lines":{"total":54,"covered":54,"skipped":0,"pct":100},"functions":{"total":1,"covered":1,"skipped":0,"pct":100},"statements":{"total":54,"covered":54,"skipped":0,"pct":100},"branches":{"total":17,"covered":13,"skipped":0,"pct":76.47}}
,"/Users/davenichols/AI/Claude/Projects/garden-app-worktrees/frontroadmap-20260730/src/components/forms/Toast.jsx": {"lines":{"total":25,"covered":25,"skipped":0,"pct":100},"functions":{"total":2,"covered":2,"skipped":0,"pct":100},"statements":{"total":25,"covered":25,"skipped":0,"pct":100},"branches":{"total":13,"covered":12,"skipped":0,"pct":92.3}}
,"/Users/davenichols/AI/Claude/Projects/garden-app-worktrees/frontroadmap-20260730/src/components/forms/_contract.js": {"lines":{"total":16,"covered":15,"skipped":0,"pct":93.75},"functions":{"total":1,"covered":1,"skipped":0,"pct":100},"statements":{"total":16,"covered":15,"skipped":0,"pct":93.75},"branches":{"total":4,"covered":1,"skipped":0,"pct":25}}
,"/Users/davenichols/AI/Claude/Projects/garden-app-worktrees/frontroadmap-20260730/src/components/forms/formStyles.js": {"lines":{"total":134,"covered":134,"skipped":0,"pct":100},"functions":{"total":5,"covered":5,"skipped":0,"pct":100},"statements":{"total":134,"covered":134,"skipped":0,"pct":100},"branches":{"total":15,"covered":14,"skipped":0,"pct":93.33}}
,"/Users/davenichols/AI/Claude/Projects/garden-app-worktrees/frontroadmap-20260730/src/components/forms/index.js": {"lines":{"total":4,"covered":4,"skipped":0,"pct":100},"functions":{"total":0,"covered":0,"skipped":0,"pct":100},"statements":{"total":4,"covered":4,"skipped":0,"pct":100},"branches":{"total":0,"covered":0,"skipped":0,"pct":100}}
,"/Users/davenichols/AI/Claude/Projects/garden-app-worktrees/frontroadmap-20260730/src/components/planting/CropCard.jsx": {"lines":{"total":66,"covered":53,"skipped":0,"pct":80.3},"functions":{"total":2,"covered":2,"skipped":0,"pct":100},"statements":{"total":66,"covered":53,"skipped":0,"pct":80.3},"branches":{"total":28,"covered":19,"skipped":0,"pct":67.85}}
,"/Users/davenichols/AI/Claude/Projects/garden-app-worktrees/frontroadmap-20260730/src/components/planting/GrowthStrip.jsx": {"lines":{"total":182,"covered":154,"skipped":0,"pct":84.61},"functions":{"total":8,"covered":6,"skipped":0,"pct":75},"statements":{"total":182,"covered":154,"skipped":0,"pct":84.61},"branches":{"total":45,"covered":37,"skipped":0,"pct":82.22}}
,"/Users/davenichols/AI/Claude/Projects/garden-app-worktrees/frontroadmap-20260730/src/components/planting/HarvestFromPlanting.jsx": {"lines":{"total":89,"covered":89,"skipped":0,"pct":100},"functions":{"total":2,"covered":2,"skipped":0,"pct":100},"statements":{"total":89,"covered":89,"skipped":0,"pct":100},"branches":{"total":39,"covered":34,"skipped":0,"pct":87.17}}
,"/Users/davenichols/AI/Claude/Projects/garden-app-worktrees/frontroadmap-20260730/src/components/planting/HeroPhoto.jsx": {"lines":{"total":65,"covered":65,"skipped":0,"pct":100},"functions":{"total":4,"covered":4,"skipped":0,"pct":100},"statements":{"total":65,"covered":65,"skipped":0,"pct":100},"branches":{"total":9,"covered":9,"skipped":0,"pct":100}}
,"/Users/davenichols/AI/Claude/Projects/garden-app-worktrees/frontroadmap-20260730/src/components/planting/LifeStoryTimeline.jsx": {"lines":{"total":31,"covered":31,"skipped":0,"pct":100},"functions":{"total":2,"covered":2,"skipped":0,"pct":100},"statements":{"total":31,"covered":31,"skipped":0,"pct":100},"branches":{"total":9,"covered":6,"skipped":0,"pct":66.66}}
,"/Users/davenichols/AI/Claude/Projects/garden-app-worktrees/frontroadmap-20260730/src/components/planting/PutUpFromPlanting.jsx": {"lines":{"total":109,"covered":109,"skipped":0,"pct":100},"functions":{"total":2,"covered":2,"skipped":0,"pct":100},"statements":{"total":109,"covered":109,"skipped":0,"pct":100},"branches":{"total":60,"covered":40,"skipped":0,"pct":66.66}}
,"/Users/davenichols/AI/Claude/Projects/garden-app-worktrees/frontroadmap-20260730/src/components/planting/QuickActions.jsx": {"lines":{"total":81,"covered":79,"skipped":0,"pct":97.53},"functions":{"total":6,"covered":6,"skipped":0,"pct":100},"statements":{"total":81,"covered":79,"skipped":0,"pct":97.53},"branches":{"total":21,"covered":15,"skipped":0,"pct":71.42}}
,"/Users/davenichols/AI/Claude/Projects/garden-app-worktrees/frontroadmap-20260730/src/components/planting/StatusPicker.jsx": {"lines":{"total":55,"covered":54,"skipped":0,"pct":98.18},"functions":{"total":2,"covered":2,"skipped":0,"pct":100},"statements":{"total":55,"covered":54,"skipped":0,"pct":98.18},"branches":{"total":17,"covered":15,"skipped":0,"pct":88.23}}
,"/Users/davenichols/AI/Claude/Projects/garden-app-worktrees/frontroadmap-20260730/src/components/today/CareNeeded.jsx": {"lines":{"total":336,"covered":306,"skipped":0,"pct":91.07},"functions":{"total":24,"covered":21,"skipped":0,"pct":87.5},"statements":{"total":336,"covered":306,"skipped":0,"pct":91.07},"branches":{"total":145,"covered":111,"skipped":0,"pct":76.55}}
,"/Users/davenichols/AI/Claude/Projects/garden-app-worktrees/frontroadmap-20260730/src/components/today/WeatherWidget.jsx": {"lines":{"total":229,"covered":207,"skipped":0,"pct":90.39},"functions":{"total":13,"covered":13,"skipped":0,"pct":100},"statements":{"total":229,"covered":207,"skipped":0,"pct":90.39},"branches":{"total":95,"covered":79,"skipped":0,"pct":83.15}}
,"/Users/davenichols/AI/Claude/Projects/garden-app-worktrees/frontroadmap-20260730/src/context/AuthContext.jsx": {"lines":{"total":44,"covered":7,"skipped":0,"pct":15.9},"functions":{"total":3,"covered":1,"skipped":0,"pct":33.33},"statements":{"total":44,"covered":7,"skipped":0,"pct":15.9},"branches":{"total":2,"covered":2,"skipped":0,"pct":100}}
,"/Users/davenichols/AI/Claude/Projects/garden-app-worktrees/frontroadmap-20260730/src/context/FavoritesContext.jsx": {"lines":{"total":37,"covered":5,"skipped":0,"pct":13.51},"functions":{"total":4,"covered":0,"skipped":0,"pct":0},"statements":{"total":37,"covered":5,"skipped":0,"pct":13.51},"branches":{"total":0,"covered":0,"skipped":0,"pct":100}}
,"/Users/davenichols/AI/Claude/Projects/garden-app-worktrees/frontroadmap-20260730/src/context/ModeContext.jsx": {"lines":{"total":48,"covered":48,"skipped":0,"pct":100},"functions":{"total":5,"covered":5,"skipped":0,"pct":100},"statements":{"total":48,"covered":48,"skipped":0,"pct":100},"branches":{"total":29,"covered":25,"skipped":0,"pct":86.2}}
,"/Users/davenichols/AI/Claude/Projects/garden-app-worktrees/frontroadmap-20260730/src/context/OverlayContext.jsx": {"lines":{"total":101,"covered":96,"skipped":0,"pct":95.04},"functions":{"total":14,"covered":13,"skipped":0,"pct":92.85},"statements":{"total":101,"covered":96,"skipped":0,"pct":95.04},"branches":{"total":51,"covered":47,"skipped":0,"pct":92.15}}
,"/Users/davenichols/AI/Claude/Projects/garden-app-worktrees/frontroadmap-20260730/src/context/ToastContext.jsx": {"lines":{"total":61,"covered":61,"skipped":0,"pct":100},"functions":{"total":10,"covered":8,"skipped":0,"pct":80},"statements":{"total":61,"covered":61,"skipped":0,"pct":100},"branches":{"total":24,"covered":23,"skipped":0,"pct":95.83}}
,"/Users/davenichols/AI/Claude/Projects/garden-app-worktrees/frontroadmap-20260730/src/context/ZoneContext.jsx": {"lines":{"total":17,"covered":4,"skipped":0,"pct":23.52},"functions":{"total":2,"covered":0,"skipped":0,"pct":0},"statements":{"total":17,"covered":4,"skipped":0,"pct":23.52},"branches":{"total":0,"covered":0,"skipped":0,"pct":100}}
,"/Users/davenichols/AI/Claude/Projects/garden-app-worktrees/frontroadmap-20260730/src/hooks/useAchievements.js": {"lines":{"total":29,"covered":6,"skipped":0,"pct":20.68},"functions":{"total":1,"covered":0,"skipped":0,"pct":0},"statements":{"total":29,"covered":6,"skipped":0,"pct":20.68},"branches":{"total":0,"covered":0,"skipped":0,"pct":100}}
,"/Users/davenichols/AI/Claude/Projects/garden-app-worktrees/frontroadmap-20260730/src/hooks/useAppUpdate.js": {"lines":{"total":74,"covered":74,"skipped":0,"pct":100},"functions":{"total":6,"covered":4,"skipped":0,"pct":66.66},"statements":{"total":74,"covered":74,"skipped":0,"pct":100},"branches":{"total":34,"covered":21,"skipped":0,"pct":61.76}}
,"/Users/davenichols/AI/Claude/Projects/garden-app-worktrees/frontroadmap-20260730/src/hooks/useCacheLifecycle.js": {"lines":{"total":144,"covered":144,"skipped":0,"pct":100},"functions":{"total":3,"covered":3,"skipped":0,"pct":100},"statements":{"total":144,"covered":144,"skipped":0,"pct":100},"branches":{"total":18,"covered":14,"skipped":0,"pct":77.77}}
,"/Users/davenichols/AI/Claude/Projects/garden-app-worktrees/frontroadmap-20260730/src/hooks/useCachedFetch.js": {"lines":{"total":67,"covered":67,"skipped":0,"pct":100},"functions":{"total":3,"covered":3,"skipped":0,"pct":100},"statements":{"total":67,"covered":67,"skipped":0,"pct":100},"branches":{"total":41,"covered":39,"skipped":0,"pct":95.12}}
,"/Users/davenichols/AI/Claude/Projects/garden-app-worktrees/frontroadmap-20260730/src/hooks/useCritterCollection.js": {"lines":{"total":44,"covered":44,"skipped":0,"pct":100},"functions":{"total":1,"covered":1,"skipped":0,"pct":100},"statements":{"total":44,"covered":44,"skipped":0,"pct":100},"branches":{"total":13,"covered":10,"skipped":0,"pct":76.92}}
,"/Users/davenichols/AI/Claude/Projects/garden-app-worktrees/frontroadmap-20260730/src/hooks/useCropTypes.js": {"lines":{"total":48,"covered":48,"skipped":0,"pct":100},"functions":{"total":1,"covered":1,"skipped":0,"pct":100},"statements":{"total":48,"covered":48,"skipped":0,"pct":100},"branches":{"total":16,"covered":13,"skipped":0,"pct":81.25}}
,"/Users/davenichols/AI/Claude/Projects/garden-app-worktrees/frontroadmap-20260730/src/hooks/useDailyPlan.js": {"lines":{"total":30,"covered":7,"skipped":0,"pct":23.33},"functions":{"total":1,"covered":0,"skipped":0,"pct":0},"statements":{"total":30,"covered":7,"skipped":0,"pct":23.33},"branches":{"total":0,"covered":0,"skipped":0,"pct":100}}
,"/Users/davenichols/AI/Claude/Projects/garden-app-worktrees/frontroadmap-20260730/src/hooks/useFindings.js": {"lines":{"total":27,"covered":4,"skipped":0,"pct":14.81},"functions":{"total":1,"covered":0,"skipped":0,"pct":0},"statements":{"total":27,"covered":4,"skipped":0,"pct":14.81},"branches":{"total":0,"covered":0,"skipped":0,"pct":100}}
,"/Users/davenichols/AI/Claude/Projects/garden-app-worktrees/frontroadmap-20260730/src/hooks/useHarvestFilterOptions.js": {"lines":{"total":33,"covered":33,"skipped":0,"pct":100},"functions":{"total":1,"covered":1,"skipped":0,"pct":100},"statements":{"total":33,"covered":33,"skipped":0,"pct":100},"branches":{"total":16,"covered":15,"skipped":0,"pct":93.75}}
,"/Users/davenichols/AI/Claude/Projects/garden-app-worktrees/frontroadmap-20260730/src/hooks/useHarvestSnapshot.js": {"lines":{"total":29,"covered":29,"skipped":0,"pct":100},"functions":{"total":2,"covered":2,"skipped":0,"pct":100},"statements":{"total":29,"covered":29,"skipped":0,"pct":100},"branches":{"total":11,"covered":10,"skipped":0,"pct":90.9}}
,"/Users/davenichols/AI/Claude/Projects/garden-app-worktrees/frontroadmap-20260730/src/hooks/useHarvests.js": {"lines":{"total":68,"covered":67,"skipped":0,"pct":98.52},"functions":{"total":1,"covered":1,"skipped":0,"pct":100},"statements":{"total":68,"covered":67,"skipped":0,"pct":98.52},"branches":{"total":29,"covered":20,"skipped":0,"pct":68.96}}
,"/Users/davenichols/AI/Claude/Projects/garden-app-worktrees/frontroadmap-20260730/src/hooks/useImageWindow.js": {"lines":{"total":50,"covered":50,"skipped":0,"pct":100},"functions":{"total":3,"covered":2,"skipped":0,"pct":66.66},"statements":{"total":50,"covered":50,"skipped":0,"pct":100},"branches":{"total":14,"covered":13,"skipped":0,"pct":92.85}}
,"/Users/davenichols/AI/Claude/Projects/garden-app-worktrees/frontroadmap-20260730/src/hooks/useInactiveProjects.js": {"lines":{"total":104,"covered":104,"skipped":0,"pct":100},"functions":{"total":1,"covered":1,"skipped":0,"pct":100},"statements":{"total":104,"covered":104,"skipped":0,"pct":100},"branches":{"total":34,"covered":28,"skipped":0,"pct":82.35}}
,"/Users/davenichols/AI/Claude/Projects/garden-app-worktrees/frontroadmap-20260730/src/hooks/useIntersectionObserver.js": {"lines":{"total":35,"covered":35,"skipped":0,"pct":100},"functions":{"total":3,"covered":3,"skipped":0,"pct":100},"statements":{"total":35,"covered":35,"skipped":0,"pct":100},"branches":{"total":11,"covered":9,"skipped":0,"pct":81.81}}
,"/Users/davenichols/AI/Claude/Projects/garden-app-worktrees/frontroadmap-20260730/src/hooks/useInventory.js": {"lines":{"total":132,"covered":129,"skipped":0,"pct":97.72},"functions":{"total":2,"covered":1,"skipped":0,"pct":50},"statements":{"total":132,"covered":129,"skipped":0,"pct":97.72},"branches":{"total":61,"covered":50,"skipped":0,"pct":81.96}}
,"/Users/davenichols/AI/Claude/Projects/garden-app-worktrees/frontroadmap-20260730/src/hooks/useLiveRain.js": {"lines":{"total":26,"covered":21,"skipped":0,"pct":80.76},"functions":{"total":1,"covered":1,"skipped":0,"pct":100},"statements":{"total":26,"covered":21,"skipped":0,"pct":80.76},"branches":{"total":8,"covered":2,"skipped":0,"pct":25}}
,"/Users/davenichols/AI/Claude/Projects/garden-app-worktrees/frontroadmap-20260730/src/hooks/useMembers.js": {"lines":{"total":28,"covered":26,"skipped":0,"pct":92.85},"functions":{"total":1,"covered":1,"skipped":0,"pct":100},"statements":{"total":28,"covered":26,"skipped":0,"pct":92.85},"branches":{"total":11,"covered":8,"skipped":0,"pct":72.72}}
,"/Users/davenichols/AI/Claude/Projects/garden-app-worktrees/frontroadmap-20260730/src/hooks/useShareToFacebook.js": {"lines":{"total":58,"covered":58,"skipped":0,"pct":100},"functions":{"total":2,"covered":2,"skipped":0,"pct":100},"statements":{"total":58,"covered":58,"skipped":0,"pct":100},"branches":{"total":20,"covered":17,"skipped":0,"pct":85}}
,"/Users/davenichols/AI/Claude/Projects/garden-app-worktrees/frontroadmap-20260730/src/hooks/useTags.js": {"lines":{"total":182,"covered":162,"skipped":0,"pct":89.01},"functions":{"total":4,"covered":4,"skipped":0,"pct":100},"statements":{"total":182,"covered":162,"skipped":0,"pct":89.01},"branches":{"total":94,"covered":73,"skipped":0,"pct":77.65}}
,"/Users/davenichols/AI/Claude/Projects/garden-app-worktrees/frontroadmap-20260730/src/hooks/useUploadPhoto.js": {"lines":{"total":258,"covered":244,"skipped":0,"pct":94.57},"functions":{"total":5,"covered":4,"skipped":0,"pct":80},"statements":{"total":258,"covered":244,"skipped":0,"pct":94.57},"branches":{"total":53,"covered":44,"skipped":0,"pct":83.01}}
,"/Users/davenichols/AI/Claude/Projects/garden-app-worktrees/frontroadmap-20260730/src/hooks/useVarieties.js": {"lines":{"total":76,"covered":76,"skipped":0,"pct":100},"functions":{"total":1,"covered":1,"skipped":0,"pct":100},"statements":{"total":76,"covered":76,"skipped":0,"pct":100},"branches":{"total":37,"covered":33,"skipped":0,"pct":89.18}}
,"/Users/davenichols/AI/Claude/Projects/garden-app-worktrees/frontroadmap-20260730/src/hooks/useWhatsNew.js": {"lines":{"total":26,"covered":20,"skipped":0,"pct":76.92},"functions":{"total":2,"covered":1,"skipped":0,"pct":50},"statements":{"total":26,"covered":20,"skipped":0,"pct":76.92},"branches":{"total":4,"covered":4,"skipped":0,"pct":100}}
,"/Users/davenichols/AI/Claude/Projects/garden-app-worktrees/frontroadmap-20260730/src/lib/api.js": {"lines":{"total":145,"covered":128,"skipped":0,"pct":88.27},"functions":{"total":5,"covered":4,"skipped":0,"pct":80},"statements":{"total":145,"covered":128,"skipped":0,"pct":88.27},"branches":{"total":41,"covered":25,"skipped":0,"pct":60.97}}
,"/Users/davenichols/AI/Claude/Projects/garden-app-worktrees/frontroadmap-20260730/src/lib/audioCapture.js": {"lines":{"total":128,"covered":109,"skipped":0,"pct":85.15},"functions":{"total":9,"covered":8,"skipped":0,"pct":88.88},"statements":{"total":128,"covered":109,"skipped":0,"pct":85.15},"branches":{"total":45,"covered":23,"skipped":0,"pct":51.11}}
,"/Users/davenichols/AI/Claude/Projects/garden-app-worktrees/frontroadmap-20260730/src/lib/bannerManifest.js": {"lines":{"total":22,"covered":22,"skipped":0,"pct":100},"functions":{"total":0,"covered":0,"skipped":0,"pct":100},"statements":{"total":22,"covered":22,"skipped":0,"pct":100},"branches":{"total":0,"covered":0,"skipped":0,"pct":100}}
,"/Users/davenichols/AI/Claude/Projects/garden-app-worktrees/frontroadmap-20260730/src/lib/cal1Seed.js": {"lines":{"total":126,"covered":126,"skipped":0,"pct":100},"functions":{"total":8,"covered":8,"skipped":0,"pct":100},"statements":{"total":126,"covered":126,"skipped":0,"pct":100},"branches":{"total":47,"covered":37,"skipped":0,"pct":78.72}}
,"/Users/davenichols/AI/Claude/Projects/garden-app-worktrees/frontroadmap-20260730/src/lib/cal1Weights.js": {"lines":{"total":99,"covered":99,"skipped":0,"pct":100},"functions":{"total":7,"covered":7,"skipped":0,"pct":100},"statements":{"total":99,"covered":99,"skipped":0,"pct":100},"branches":{"total":47,"covered":44,"skipped":0,"pct":93.61}}
,"/Users/davenichols/AI/Claude/Projects/garden-app-worktrees/frontroadmap-20260730/src/lib/captureQueue.js": {"lines":{"total":335,"covered":324,"skipped":0,"pct":96.71},"functions":{"total":26,"covered":21,"skipped":0,"pct":80.76},"statements":{"total":335,"covered":324,"skipped":0,"pct":96.71},"branches":{"total":84,"covered":70,"skipped":0,"pct":83.33}}
,"/Users/davenichols/AI/Claude/Projects/garden-app-worktrees/frontroadmap-20260730/src/lib/careNeeded.js": {"lines":{"total":147,"covered":146,"skipped":0,"pct":99.31},"functions":{"total":8,"covered":8,"skipped":0,"pct":100},"statements":{"total":147,"covered":146,"skipped":0,"pct":99.31},"branches":{"total":76,"covered":62,"skipped":0,"pct":81.57}}
,"/Users/davenichols/AI/Claude/Projects/garden-app-worktrees/frontroadmap-20260730/src/lib/caretakers.js": {"lines":{"total":68,"covered":68,"skipped":0,"pct":100},"functions":{"total":5,"covered":5,"skipped":0,"pct":100},"statements":{"total":68,"covered":68,"skipped":0,"pct":100},"branches":{"total":41,"covered":27,"skipped":0,"pct":65.85}}
,"/Users/davenichols/AI/Claude/Projects/garden-app-worktrees/frontroadmap-20260730/src/lib/constants.js": {"lines":{"total":173,"covered":173,"skipped":0,"pct":100},"functions":{"total":2,"covered":2,"skipped":0,"pct":100},"statements":{"total":173,"covered":173,"skipped":0,"pct":100},"branches":{"total":9,"covered":9,"skipped":0,"pct":100}}
,"/Users/davenichols/AI/Claude/Projects/garden-app-worktrees/frontroadmap-20260730/src/lib/critterArt.js": {"lines":{"total":33,"covered":33,"skipped":0,"pct":100},"functions":{"total":3,"covered":3,"skipped":0,"pct":100},"statements":{"total":33,"covered":33,"skipped":0,"pct":100},"branches":{"total":18,"covered":16,"skipped":0,"pct":88.88}}
,"/Users/davenichols/AI/Claude/Projects/garden-app-worktrees/frontroadmap-20260730/src/lib/critterClient.js": {"lines":{"total":201,"covered":182,"skipped":0,"pct":90.54},"functions":{"total":6,"covered":5,"skipped":0,"pct":83.33},"statements":{"total":201,"covered":182,"skipped":0,"pct":90.54},"branches":{"total":76,"covered":56,"skipped":0,"pct":73.68}}
,"/Users/davenichols/AI/Claude/Projects/garden-app-worktrees/frontroadmap-20260730/src/lib/critterCoachmarkCopy.js": {"lines":{"total":38,"covered":38,"skipped":0,"pct":100},"functions":{"total":0,"covered":0,"skipped":0,"pct":100},"statements":{"total":38,"covered":38,"skipped":0,"pct":100},"branches":{"total":0,"covered":0,"skipped":0,"pct":100}}
,"/Users/davenichols/AI/Claude/Projects/garden-app-worktrees/frontroadmap-20260730/src/lib/critterCollection.js": {"lines":{"total":53,"covered":53,"skipped":0,"pct":100},"functions":{"total":2,"covered":2,"skipped":0,"pct":100},"statements":{"total":53,"covered":53,"skipped":0,"pct":100},"branches":{"total":18,"covered":18,"skipped":0,"pct":100}}
,"/Users/davenichols/AI/Claude/Projects/garden-app-worktrees/frontroadmap-20260730/src/lib/critterCopyVariants.js": {"lines":{"total":71,"covered":71,"skipped":0,"pct":100},"functions":{"total":2,"covered":2,"skipped":0,"pct":100},"statements":{"total":71,"covered":71,"skipped":0,"pct":100},"branches":{"total":10,"covered":7,"skipped":0,"pct":70}}
,"/Users/davenichols/AI/Claude/Projects/garden-app-worktrees/frontroadmap-20260730/src/lib/critterFlavor.js": {"lines":{"total":17,"covered":17,"skipped":0,"pct":100},"functions":{"total":1,"covered":1,"skipped":0,"pct":100},"statements":{"total":17,"covered":17,"skipped":0,"pct":100},"branches":{"total":11,"covered":9,"skipped":0,"pct":81.81}}
,"/Users/davenichols/AI/Claude/Projects/garden-app-worktrees/frontroadmap-20260730/src/lib/critterOfDay.js": {"lines":{"total":46,"covered":46,"skipped":0,"pct":100},"functions":{"total":5,"covered":5,"skipped":0,"pct":100},"statements":{"total":46,"covered":46,"skipped":0,"pct":100},"branches":{"total":18,"covered":17,"skipped":0,"pct":94.44}}
,"/Users/davenichols/AI/Claude/Projects/garden-app-worktrees/frontroadmap-20260730/src/lib/critterSort.js": {"lines":{"total":91,"covered":91,"skipped":0,"pct":100},"functions":{"total":3,"covered":3,"skipped":0,"pct":100},"statements":{"total":91,"covered":91,"skipped":0,"pct":100},"branches":{"total":44,"covered":37,"skipped":0,"pct":84.09}}
,"/Users/davenichols/AI/Claude/Projects/garden-app-worktrees/frontroadmap-20260730/src/lib/critterSpecies.js": {"lines":{"total":268,"covered":262,"skipped":0,"pct":97.76},"functions":{"total":3,"covered":3,"skipped":0,"pct":100},"statements":{"total":268,"covered":262,"skipped":0,"pct":97.76},"branches":{"total":29,"covered":21,"skipped":0,"pct":72.41}}
,"/Users/davenichols/AI/Claude/Projects/garden-app-worktrees/frontroadmap-20260730/src/lib/dataCache.js": {"lines":{"total":253,"covered":246,"skipped":0,"pct":97.23},"functions":{"total":21,"covered":20,"skipped":0,"pct":95.23},"statements":{"total":253,"covered":246,"skipped":0,"pct":97.23},"branches":{"total":90,"covered":81,"skipped":0,"pct":90}}
,"/Users/davenichols/AI/Claude/Projects/garden-app-worktrees/frontroadmap-20260730/src/lib/dateLocal.js": {"lines":{"total":16,"covered":16,"skipped":0,"pct":100},"functions":{"total":2,"covered":2,"skipped":0,"pct":100},"statements":{"total":16,"covered":16,"skipped":0,"pct":100},"branches":{"total":2,"covered":2,"skipped":0,"pct":100}}
,"/Users/davenichols/AI/Claude/Projects/garden-app-worktrees/frontroadmap-20260730/src/lib/draftStash.js": {"lines":{"total":40,"covered":36,"skipped":0,"pct":90},"functions":{"total":4,"covered":4,"skipped":0,"pct":100},"statements":{"total":40,"covered":36,"skipped":0,"pct":90},"branches":{"total":15,"covered":12,"skipped":0,"pct":80}}
,"/Users/davenichols/AI/Claude/Projects/garden-app-worktrees/frontroadmap-20260730/src/lib/drgReasoning.js": {"lines":{"total":39,"covered":39,"skipped":0,"pct":100},"functions":{"total":6,"covered":4,"skipped":0,"pct":66.66},"statements":{"total":39,"covered":39,"skipped":0,"pct":100},"branches":{"total":38,"covered":35,"skipped":0,"pct":92.1}}
,"/Users/davenichols/AI/Claude/Projects/garden-app-worktrees/frontroadmap-20260730/src/lib/dropdownRegistry.js": {"lines":{"total":188,"covered":188,"skipped":0,"pct":100},"functions":{"total":1,"covered":1,"skipped":0,"pct":100},"statements":{"total":188,"covered":188,"skipped":0,"pct":100},"branches":{"total":13,"covered":13,"skipped":0,"pct":100}}
,"/Users/davenichols/AI/Claude/Projects/garden-app-worktrees/frontroadmap-20260730/src/lib/durableStorage.js": {"lines":{"total":77,"covered":73,"skipped":0,"pct":94.8},"functions":{"total":3,"covered":3,"skipped":0,"pct":100},"statements":{"total":77,"covered":73,"skipped":0,"pct":94.8},"branches":{"total":20,"covered":14,"skipped":0,"pct":70}}
,"/Users/davenichols/AI/Claude/Projects/garden-app-worktrees/frontroadmap-20260730/src/lib/eventTypes.js": {"lines":{"total":259,"covered":259,"skipped":0,"pct":100},"functions":{"total":3,"covered":3,"skipped":0,"pct":100},"statements":{"total":259,"covered":259,"skipped":0,"pct":100},"branches":{"total":15,"covered":13,"skipped":0,"pct":86.66}}
,"/Users/davenichols/AI/Claude/Projects/garden-app-worktrees/frontroadmap-20260730/src/lib/facetColors.js": {"lines":{"total":12,"covered":12,"skipped":0,"pct":100},"functions":{"total":1,"covered":1,"skipped":0,"pct":100},"statements":{"total":12,"covered":12,"skipped":0,"pct":100},"branches":{"total":8,"covered":8,"skipped":0,"pct":100}}
,"/Users/davenichols/AI/Claude/Projects/garden-app-worktrees/frontroadmap-20260730/src/lib/featureFlags.js": {"lines":{"total":91,"covered":91,"skipped":0,"pct":100},"functions":{"total":0,"covered":0,"skipped":0,"pct":100},"statements":{"total":91,"covered":91,"skipped":0,"pct":100},"branches":{"total":0,"covered":0,"skipped":0,"pct":100}}
,"/Users/davenichols/AI/Claude/Projects/garden-app-worktrees/frontroadmap-20260730/src/lib/feed.js": {"lines":{"total":66,"covered":60,"skipped":0,"pct":90.9},"functions":{"total":4,"covered":4,"skipped":0,"pct":100},"statements":{"total":66,"covered":60,"skipped":0,"pct":90.9},"branches":{"total":31,"covered":26,"skipped":0,"pct":83.87}}
,"/Users/davenichols/AI/Claude/Projects/garden-app-worktrees/frontroadmap-20260730/src/lib/findingsSort.js": {"lines":{"total":14,"covered":14,"skipped":0,"pct":100},"functions":{"total":1,"covered":1,"skipped":0,"pct":100},"statements":{"total":14,"covered":14,"skipped":0,"pct":100},"branches":{"total":16,"covered":10,"skipped":0,"pct":62.5}}
,"/Users/davenichols/AI/Claude/Projects/garden-app-worktrees/frontroadmap-20260730/src/lib/format.js": {"lines":{"total":37,"covered":37,"skipped":0,"pct":100},"functions":{"total":3,"covered":3,"skipped":0,"pct":100},"statements":{"total":37,"covered":37,"skipped":0,"pct":100},"branches":{"total":20,"covered":20,"skipped":0,"pct":100}}
,"/Users/davenichols/AI/Claude/Projects/garden-app-worktrees/frontroadmap-20260730/src/lib/garden-ops.js": {"lines":{"total":6,"covered":0,"skipped":0,"pct":0},"functions":{"total":1,"covered":0,"skipped":0,"pct":0},"statements":{"total":6,"covered":0,"skipped":0,"pct":0},"branches":{"total":1,"covered":0,"skipped":0,"pct":0}}
,"/Users/davenichols/AI/Claude/Projects/garden-app-worktrees/frontroadmap-20260730/src/lib/harvest-constants.js": {"lines":{"total":15,"covered":15,"skipped":0,"pct":100},"functions":{"total":0,"covered":0,"skipped":0,"pct":100},"statements":{"total":15,"covered":15,"skipped":0,"pct":100},"branches":{"total":0,"covered":0,"skipped":0,"pct":100}}
,"/Users/davenichols/AI/Claude/Projects/garden-app-worktrees/frontroadmap-20260730/src/lib/harvestGrouping.js": {"lines":{"total":41,"covered":41,"skipped":0,"pct":100},"functions":{"total":4,"covered":4,"skipped":0,"pct":100},"statements":{"total":41,"covered":41,"skipped":0,"pct":100},"branches":{"total":23,"covered":17,"skipped":0,"pct":73.91}}
,"/Users/davenichols/AI/Claude/Projects/garden-app-worktrees/frontroadmap-20260730/src/lib/harvestReadiness.js": {"lines":{"total":57,"covered":57,"skipped":0,"pct":100},"functions":{"total":5,"covered":5,"skipped":0,"pct":100},"statements":{"total":57,"covered":57,"skipped":0,"pct":100},"branches":{"total":43,"covered":39,"skipped":0,"pct":90.69}}
,"/Users/davenichols/AI/Claude/Projects/garden-app-worktrees/frontroadmap-20260730/src/lib/harvestSummary.js": {"lines":{"total":213,"covered":213,"skipped":0,"pct":100},"functions":{"total":21,"covered":21,"skipped":0,"pct":100},"statements":{"total":213,"covered":213,"skipped":0,"pct":100},"branches":{"total":119,"covered":109,"skipped":0,"pct":91.59}}
,"/Users/davenichols/AI/Claude/Projects/garden-app-worktrees/frontroadmap-20260730/src/lib/helperPrompt.js": {"lines":{"total":54,"covered":54,"skipped":0,"pct":100},"functions":{"total":2,"covered":2,"skipped":0,"pct":100},"statements":{"total":54,"covered":54,"skipped":0,"pct":100},"branches":{"total":10,"covered":10,"skipped":0,"pct":100}}
,"/Users/davenichols/AI/Claude/Projects/garden-app-worktrees/frontroadmap-20260730/src/lib/iconAnchors.js": {"lines":{"total":282,"covered":282,"skipped":0,"pct":100},"functions":{"total":0,"covered":0,"skipped":0,"pct":100},"statements":{"total":282,"covered":282,"skipped":0,"pct":100},"branches":{"total":0,"covered":0,"skipped":0,"pct":100}}
,"/Users/davenichols/AI/Claude/Projects/garden-app-worktrees/frontroadmap-20260730/src/lib/iconEvents.js": {"lines":{"total":68,"covered":68,"skipped":0,"pct":100},"functions":{"total":1,"covered":1,"skipped":0,"pct":100},"statements":{"total":68,"covered":68,"skipped":0,"pct":100},"branches":{"total":4,"covered":3,"skipped":0,"pct":75}}
,"/Users/davenichols/AI/Claude/Projects/garden-app-worktrees/frontroadmap-20260730/src/lib/iconRegistry.js": {"lines":{"total":118,"covered":118,"skipped":0,"pct":100},"functions":{"total":3,"covered":3,"skipped":0,"pct":100},"statements":{"total":118,"covered":118,"skipped":0,"pct":100},"branches":{"total":12,"covered":11,"skipped":0,"pct":91.66}}
,"/Users/davenichols/AI/Claude/Projects/garden-app-worktrees/frontroadmap-20260730/src/lib/iconStatus.js": {"lines":{"total":32,"covered":32,"skipped":0,"pct":100},"functions":{"total":0,"covered":0,"skipped":0,"pct":100},"statements":{"total":32,"covered":32,"skipped":0,"pct":100},"branches":{"total":1,"covered":1,"skipped":0,"pct":100}}
,"/Users/davenichols/AI/Claude/Projects/garden-app-worktrees/frontroadmap-20260730/src/lib/imageDownscale.js": {"lines":{"total":158,"covered":149,"skipped":0,"pct":94.3},"functions":{"total":8,"covered":8,"skipped":0,"pct":100},"statements":{"total":158,"covered":149,"skipped":0,"pct":94.3},"branches":{"total":45,"covered":36,"skipped":0,"pct":80}}
,"/Users/davenichols/AI/Claude/Projects/garden-app-worktrees/frontroadmap-20260730/src/lib/imagePipeline.js": {"lines":{"total":208,"covered":201,"skipped":0,"pct":96.63},"functions":{"total":11,"covered":9,"skipped":0,"pct":81.81},"statements":{"total":208,"covered":201,"skipped":0,"pct":96.63},"branches":{"total":61,"covered":45,"skipped":0,"pct":73.77}}
,"/Users/davenichols/AI/Claude/Projects/garden-app-worktrees/frontroadmap-20260730/src/lib/inventoryEnums.js": {"lines":{"total":63,"covered":63,"skipped":0,"pct":100},"functions":{"total":0,"covered":0,"skipped":0,"pct":100},"statements":{"total":63,"covered":63,"skipped":0,"pct":100},"branches":{"total":4,"covered":4,"skipped":0,"pct":100}}
,"/Users/davenichols/AI/Claude/Projects/garden-app-worktrees/frontroadmap-20260730/src/lib/keyFact.js": {"lines":{"total":133,"covered":130,"skipped":0,"pct":97.74},"functions":{"total":9,"covered":9,"skipped":0,"pct":100},"statements":{"total":133,"covered":130,"skipped":0,"pct":97.74},"branches":{"total":98,"covered":91,"skipped":0,"pct":92.85}}
,"/Users/davenichols/AI/Claude/Projects/garden-app-worktrees/frontroadmap-20260730/src/lib/lifeStory.js": {"lines":{"total":30,"covered":30,"skipped":0,"pct":100},"functions":{"total":2,"covered":2,"skipped":0,"pct":100},"statements":{"total":30,"covered":30,"skipped":0,"pct":100},"branches":{"total":19,"covered":16,"skipped":0,"pct":84.21}}
,"/Users/davenichols/AI/Claude/Projects/garden-app-worktrees/frontroadmap-20260730/src/lib/liveWeather.js": {"lines":{"total":48,"covered":48,"skipped":0,"pct":100},"functions":{"total":5,"covered":5,"skipped":0,"pct":100},"statements":{"total":48,"covered":48,"skipped":0,"pct":100},"branches":{"total":32,"covered":31,"skipped":0,"pct":96.87}}
,"/Users/davenichols/AI/Claude/Projects/garden-app-worktrees/frontroadmap-20260730/src/lib/liveWeather.test.js": {"lines":{"total":46,"covered":46,"skipped":0,"pct":100},"functions":{"total":2,"covered":2,"skipped":0,"pct":100},"statements":{"total":46,"covered":46,"skipped":0,"pct":100},"branches":{"total":9,"covered":9,"skipped":0,"pct":100}}
,"/Users/davenichols/AI/Claude/Projects/garden-app-worktrees/frontroadmap-20260730/src/lib/mode.js": {"lines":{"total":30,"covered":30,"skipped":0,"pct":100},"functions":{"total":0,"covered":0,"skipped":0,"pct":100},"statements":{"total":30,"covered":30,"skipped":0,"pct":100},"branches":{"total":0,"covered":0,"skipped":0,"pct":100}}
,"/Users/davenichols/AI/Claude/Projects/garden-app-worktrees/frontroadmap-20260730/src/lib/notificationPrefsClient.js": {"lines":{"total":245,"covered":235,"skipped":0,"pct":95.91},"functions":{"total":10,"covered":10,"skipped":0,"pct":100},"statements":{"total":245,"covered":235,"skipped":0,"pct":95.91},"branches":{"total":137,"covered":100,"skipped":0,"pct":72.99}}
,"/Users/davenichols/AI/Claude/Projects/garden-app-worktrees/frontroadmap-20260730/src/lib/parseSowProfile.js": {"lines":{"total":303,"covered":303,"skipped":0,"pct":100},"functions":{"total":12,"covered":12,"skipped":0,"pct":100},"statements":{"total":303,"covered":303,"skipped":0,"pct":100},"branches":{"total":125,"covered":116,"skipped":0,"pct":92.8}}
,"/Users/davenichols/AI/Claude/Projects/garden-app-worktrees/frontroadmap-20260730/src/lib/pendingCapture.js": {"lines":{"total":16,"covered":16,"skipped":0,"pct":100},"functions":{"total":2,"covered":2,"skipped":0,"pct":100},"statements":{"total":16,"covered":16,"skipped":0,"pct":100},"branches":{"total":3,"covered":3,"skipped":0,"pct":100}}
,"/Users/davenichols/AI/Claude/Projects/garden-app-worktrees/frontroadmap-20260730/src/lib/photoKeys.js": {"lines":{"total":80,"covered":80,"skipped":0,"pct":100},"functions":{"total":3,"covered":3,"skipped":0,"pct":100},"statements":{"total":80,"covered":80,"skipped":0,"pct":100},"branches":{"total":33,"covered":33,"skipped":0,"pct":100}}
,"/Users/davenichols/AI/Claude/Projects/garden-app-worktrees/frontroadmap-20260730/src/lib/pickBanner.js": {"lines":{"total":41,"covered":41,"skipped":0,"pct":100},"functions":{"total":4,"covered":4,"skipped":0,"pct":100},"statements":{"total":41,"covered":41,"skipped":0,"pct":100},"branches":{"total":22,"covered":22,"skipped":0,"pct":100}}
,"/Users/davenichols/AI/Claude/Projects/garden-app-worktrees/frontroadmap-20260730/src/lib/plantingMaturity.js": {"lines":{"total":68,"covered":66,"skipped":0,"pct":97.05},"functions":{"total":3,"covered":3,"skipped":0,"pct":100},"statements":{"total":68,"covered":66,"skipped":0,"pct":97.05},"branches":{"total":41,"covered":33,"skipped":0,"pct":80.48}}
,"/Users/davenichols/AI/Claude/Projects/garden-app-worktrees/frontroadmap-20260730/src/lib/plantingSequence.js": {"lines":{"total":68,"covered":68,"skipped":0,"pct":100},"functions":{"total":5,"covered":5,"skipped":0,"pct":100},"statements":{"total":68,"covered":68,"skipped":0,"pct":100},"branches":{"total":30,"covered":28,"skipped":0,"pct":93.33}}
,"/Users/davenichols/AI/Claude/Projects/garden-app-worktrees/frontroadmap-20260730/src/lib/projectTree.js": {"lines":{"total":339,"covered":334,"skipped":0,"pct":98.52},"functions":{"total":26,"covered":26,"skipped":0,"pct":100},"statements":{"total":339,"covered":334,"skipped":0,"pct":98.52},"branches":{"total":149,"covered":128,"skipped":0,"pct":85.9}}
,"/Users/davenichols/AI/Claude/Projects/garden-app-worktrees/frontroadmap-20260730/src/lib/reconnect.js": {"lines":{"total":45,"covered":43,"skipped":0,"pct":95.55},"functions":{"total":4,"covered":4,"skipped":0,"pct":100},"statements":{"total":45,"covered":43,"skipped":0,"pct":95.55},"branches":{"total":14,"covered":9,"skipped":0,"pct":64.28}}
,"/Users/davenichols/AI/Claude/Projects/garden-app-worktrees/frontroadmap-20260730/src/lib/registerSW.js": {"lines":{"total":100,"covered":98,"skipped":0,"pct":98},"functions":{"total":11,"covered":10,"skipped":0,"pct":90.9},"statements":{"total":100,"covered":98,"skipped":0,"pct":98},"branches":{"total":47,"covered":33,"skipped":0,"pct":70.21}}
,"/Users/davenichols/AI/Claude/Projects/garden-app-worktrees/frontroadmap-20260730/src/lib/routeClass.js": {"lines":{"total":24,"covered":24,"skipped":0,"pct":100},"functions":{"total":3,"covered":3,"skipped":0,"pct":100},"statements":{"total":24,"covered":24,"skipped":0,"pct":100},"branches":{"total":10,"covered":10,"skipped":0,"pct":100}}
,"/Users/davenichols/AI/Claude/Projects/garden-app-worktrees/frontroadmap-20260730/src/lib/saveFileToDevice.js": {"lines":{"total":34,"covered":29,"skipped":0,"pct":85.29},"functions":{"total":1,"covered":1,"skipped":0,"pct":100},"statements":{"total":34,"covered":29,"skipped":0,"pct":85.29},"branches":{"total":10,"covered":7,"skipped":0,"pct":70}}
,"/Users/davenichols/AI/Claude/Projects/garden-app-worktrees/frontroadmap-20260730/src/lib/sendCapture.js": {"lines":{"total":75,"covered":68,"skipped":0,"pct":90.66},"functions":{"total":2,"covered":2,"skipped":0,"pct":100},"statements":{"total":75,"covered":68,"skipped":0,"pct":90.66},"branches":{"total":15,"covered":11,"skipped":0,"pct":73.33}}
,"/Users/davenichols/AI/Claude/Projects/garden-app-worktrees/frontroadmap-20260730/src/lib/shareEntity.js": {"lines":{"total":30,"covered":30,"skipped":0,"pct":100},"functions":{"total":1,"covered":1,"skipped":0,"pct":100},"statements":{"total":30,"covered":30,"skipped":0,"pct":100},"branches":{"total":10,"covered":7,"skipped":0,"pct":70}}
,"/Users/davenichols/AI/Claude/Projects/garden-app-worktrees/frontroadmap-20260730/src/lib/sharedStateClient.js": {"lines":{"total":50,"covered":18,"skipped":0,"pct":36},"functions":{"total":5,"covered":0,"skipped":0,"pct":0},"statements":{"total":50,"covered":18,"skipped":0,"pct":36},"branches":{"total":0,"covered":0,"skipped":0,"pct":100}}
,"/Users/davenichols/AI/Claude/Projects/garden-app-worktrees/frontroadmap-20260730/src/lib/snapshotStats.js": {"lines":{"total":43,"covered":43,"skipped":0,"pct":100},"functions":{"total":1,"covered":1,"skipped":0,"pct":100},"statements":{"total":43,"covered":43,"skipped":0,"pct":100},"branches":{"total":31,"covered":18,"skipped":0,"pct":58.06}}
,"/Users/davenichols/AI/Claude/Projects/garden-app-worktrees/frontroadmap-20260730/src/lib/sowEngine.js": {"lines":{"total":624,"covered":611,"skipped":0,"pct":97.91},"functions":{"total":22,"covered":22,"skipped":0,"pct":100},"statements":{"total":624,"covered":611,"skipped":0,"pct":97.91},"branches":{"total":212,"covered":201,"skipped":0,"pct":94.81}}
,"/Users/davenichols/AI/Claude/Projects/garden-app-worktrees/frontroadmap-20260730/src/lib/spaceId.js": {"lines":{"total":44,"covered":44,"skipped":0,"pct":100},"functions":{"total":4,"covered":4,"skipped":0,"pct":100},"statements":{"total":44,"covered":44,"skipped":0,"pct":100},"branches":{"total":14,"covered":14,"skipped":0,"pct":100}}
,"/Users/davenichols/AI/Claude/Projects/garden-app-worktrees/frontroadmap-20260730/src/lib/status.js": {"lines":{"total":34,"covered":34,"skipped":0,"pct":100},"functions":{"total":1,"covered":1,"skipped":0,"pct":100},"statements":{"total":34,"covered":34,"skipped":0,"pct":100},"branches":{"total":2,"covered":2,"skipped":0,"pct":100}}
,"/Users/davenichols/AI/Claude/Projects/garden-app-worktrees/frontroadmap-20260730/src/lib/todayBand.js": {"lines":{"total":97,"covered":97,"skipped":0,"pct":100},"functions":{"total":7,"covered":7,"skipped":0,"pct":100},"statements":{"total":97,"covered":97,"skipped":0,"pct":100},"branches":{"total":41,"covered":33,"skipped":0,"pct":80.48}}
,"/Users/davenichols/AI/Claude/Projects/garden-app-worktrees/frontroadmap-20260730/src/lib/tokens.js": {"lines":{"total":66,"covered":64,"skipped":0,"pct":96.96},"functions":{"total":1,"covered":0,"skipped":0,"pct":0},"statements":{"total":66,"covered":64,"skipped":0,"pct":96.96},"branches":{"total":0,"covered":0,"skipped":0,"pct":100}}
,"/Users/davenichols/AI/Claude/Projects/garden-app-worktrees/frontroadmap-20260730/src/lib/transcribe.js": {"lines":{"total":191,"covered":182,"skipped":0,"pct":95.28},"functions":{"total":13,"covered":12,"skipped":0,"pct":92.3},"statements":{"total":191,"covered":182,"skipped":0,"pct":95.28},"branches":{"total":60,"covered":35,"skipped":0,"pct":58.33}}
,"/Users/davenichols/AI/Claude/Projects/garden-app-worktrees/frontroadmap-20260730/src/lib/uploadPut.js": {"lines":{"total":67,"covered":67,"skipped":0,"pct":100},"functions":{"total":4,"covered":4,"skipped":0,"pct":100},"statements":{"total":67,"covered":67,"skipped":0,"pct":100},"branches":{"total":29,"covered":24,"skipped":0,"pct":82.75}}
,"/Users/davenichols/AI/Claude/Projects/garden-app-worktrees/frontroadmap-20260730/src/lib/utils.js": {"lines":{"total":10,"covered":0,"skipped":0,"pct":0},"functions":{"total":1,"covered":0,"skipped":0,"pct":0},"statements":{"total":10,"covered":0,"skipped":0,"pct":0},"branches":{"total":1,"covered":0,"skipped":0,"pct":0}}
,"/Users/davenichols/AI/Claude/Projects/garden-app-worktrees/frontroadmap-20260730/src/lib/uxEvents.js": {"lines":{"total":91,"covered":87,"skipped":0,"pct":95.6},"functions":{"total":4,"covered":4,"skipped":0,"pct":100},"statements":{"total":91,"covered":87,"skipped":0,"pct":95.6},"branches":{"total":21,"covered":16,"skipped":0,"pct":76.19}}
,"/Users/davenichols/AI/Claude/Projects/garden-app-worktrees/frontroadmap-20260730/src/lib/varietySpec.js": {"lines":{"total":26,"covered":22,"skipped":0,"pct":84.61},"functions":{"total":3,"covered":3,"skipped":0,"pct":100},"statements":{"total":26,"covered":22,"skipped":0,"pct":84.61},"branches":{"total":28,"covered":25,"skipped":0,"pct":89.28}}
,"/Users/davenichols/AI/Claude/Projects/garden-app-worktrees/frontroadmap-20260730/src/lib/waterDue.js": {"lines":{"total":24,"covered":24,"skipped":0,"pct":100},"functions":{"total":2,"covered":2,"skipped":0,"pct":100},"statements":{"total":24,"covered":24,"skipped":0,"pct":100},"branches":{"total":15,"covered":15,"skipped":0,"pct":100}}
,"/Users/davenichols/AI/Claude/Projects/garden-app-worktrees/frontroadmap-20260730/src/lib/wateringScale.js": {"lines":{"total":62,"covered":62,"skipped":0,"pct":100},"functions":{"total":4,"covered":4,"skipped":0,"pct":100},"statements":{"total":62,"covered":62,"skipped":0,"pct":100},"branches":{"total":27,"covered":26,"skipped":0,"pct":96.29}}
,"/Users/davenichols/AI/Claude/Projects/garden-app-worktrees/frontroadmap-20260730/src/lib/wateringScale.test.js": {"lines":{"total":68,"covered":68,"skipped":0,"pct":100},"functions":{"total":0,"covered":0,"skipped":0,"pct":100},"statements":{"total":68,"covered":68,"skipped":0,"pct":100},"branches":{"total":11,"covered":11,"skipped":0,"pct":100}}
,"/Users/davenichols/AI/Claude/Projects/garden-app-worktrees/frontroadmap-20260730/src/lib/whatsNew.js": {"lines":{"total":34,"covered":32,"skipped":0,"pct":94.11},"functions":{"total":4,"covered":3,"skipped":0,"pct":75},"statements":{"total":34,"covered":32,"skipped":0,"pct":94.11},"branches":{"total":23,"covered":19,"skipped":0,"pct":82.6}}
}
