TN:
SF:lambda/daily-plan/engine.js
FN:20,daysBetween
FN:24,daysBetween
FN:24,weeksSince
FN:25,resolveCadence
FN:27,weeksSince
FN:29,resolveCadence
FN:37,feedPhase
FN:42,feedPhase
FN:43,isAcidLover
FN:45,isMedHerb
FN:47,isHeavyFeeder
FN:49,isAcidLover
FN:50,isMedHerb
FN:50,isLeafy
FN:51,isHeavyFeeder
FN:51,isCucurbit
FN:52,isLeafy
FN:53,isCucurbit
FN:53,isLeek
FN:55,isLeek
FN:55,ownerFor
FN:56,likelyInGround
FN:57,ownerFor
FN:59,likelyInGround
FN:83,vesselSizeSmall
FN:85,vesselSizeSmall
FN:94,isSmallVessel
FN:97,isSmallVessel
FN:101,rainClass
FN:103,windowPrecip
FN:105,rainClass
FN:106,windowPrecip
FN:108,rainCreditDays
FN:111,rainCreditDays
FN:135,rainTierFor
FN:139,rainTierFor
FN:144,rainStageFor
FN:148,rainStageFor
FN:151,rainMaxDays
FN:154,rainMaxDays
FN:161,rainCreditDaysTiered
FN:164,rainCreditDaysTiered
FN:183,saturationSuppressed
FN:185,saturationSuppressed
FN:191,fertilizeRec
FN:197,fertilizeRec
FN:214,coldFor
FN:218,coldFor
FN:232,generatePlanForUser
FN:235,generatePlanForUser
FN:318,ovk
FN:330,computeCallout
FN:334,computeCallout
FN:357,hydrologyStatus
FN:360,hydrologyStatus
FN:375,generatePlan
FN:379,generatePlan
FNF:57
FNH:29
FNDA:0,daysBetween
FNDA:837,daysBetween
FNDA:0,weeksSince
FNDA:0,resolveCadence
FNDA:419,weeksSince
FNDA:640,resolveCadence
FNDA:0,feedPhase
FNDA:422,feedPhase
FNDA:0,isAcidLover
FNDA:0,isMedHerb
FNDA:0,isHeavyFeeder
FNDA:9,isAcidLover
FNDA:27,isMedHerb
FNDA:0,isLeafy
FNDA:19,isHeavyFeeder
FNDA:0,isCucurbit
FNDA:17,isLeafy
FNDA:139,isCucurbit
FNDA:0,isLeek
FNDA:139,isLeek
FNDA:0,ownerFor
FNDA:0,likelyInGround
FNDA:142,ownerFor
FNDA:204,likelyInGround
FNDA:0,vesselSizeSmall
FNDA:28,vesselSizeSmall
FNDA:0,isSmallVessel
FNDA:32,isSmallVessel
FNDA:0,rainClass
FNDA:0,windowPrecip
FNDA:206,rainClass
FNDA:508,windowPrecip
FNDA:0,rainCreditDays
FNDA:155,rainCreditDays
FNDA:0,rainTierFor
FNDA:60,rainTierFor
FNDA:0,rainStageFor
FNDA:24,rainStageFor
FNDA:0,rainMaxDays
FNDA:18,rainMaxDays
FNDA:0,rainCreditDaysTiered
FNDA:37,rainCreditDaysTiered
FNDA:0,saturationSuppressed
FNDA:204,saturationSuppressed
FNDA:0,fertilizeRec
FNDA:205,fertilizeRec
FNDA:0,coldFor
FNDA:204,coldFor
FNDA:0,generatePlanForUser
FNDA:152,generatePlanForUser
FNDA:222,ovk
FNDA:0,computeCallout
FNDA:66,computeCallout
FNDA:0,hydrologyStatus
FNDA:72,hydrologyStatus
FNDA:0,generatePlan
FNDA:64,generatePlan
DA:1,3
DA:2,3
DA:3,3
DA:4,3
DA:5,3
DA:6,3
DA:7,3
DA:8,3
DA:9,3
DA:10,3
DA:11,3
DA:12,3
DA:13,3
DA:14,3
DA:15,3
DA:16,3
DA:17,3
DA:18,3
DA:19,3
DA:20,3
DA:21,0
DA:22,0
DA:23,0
DA:24,837
DA:25,689
DA:26,0
DA:27,419
DA:28,0
DA:29,640
DA:30,640
DA:31,640
DA:32,640
DA:33,640
DA:34,640
DA:35,640
DA:36,640
DA:37,640
DA:38,0
DA:39,0
DA:40,0
DA:41,0
DA:42,422
DA:43,422
DA:44,0
DA:45,420
DA:46,0
DA:47,10
DA:48,0
DA:49,9
DA:50,27
DA:51,19
DA:52,17
DA:53,139
DA:54,139
DA:55,139
DA:56,3
DA:57,142
DA:58,142
DA:59,204
DA:60,204
DA:61,204
DA:62,204
DA:63,204
DA:64,3
DA:65,3
DA:66,3
DA:67,3
DA:68,3
DA:69,3
DA:70,3
DA:71,3
DA:72,3
DA:73,3
DA:74,3
DA:75,3
DA:76,3
DA:77,3
DA:78,3
DA:79,3
DA:80,3
DA:81,3
DA:82,3
DA:83,3
DA:84,0
DA:85,28
DA:86,28
DA:87,24
DA:88,28
DA:89,28
DA:90,22
DA:91,28
DA:92,28
DA:93,28
DA:94,28
DA:95,0
DA:96,0
DA:97,32
DA:98,32
DA:99,32
DA:100,32
DA:101,32
DA:102,0
DA:103,4
DA:104,0
DA:105,0
DA:106,508
DA:107,508
DA:108,508
DA:109,0
DA:110,0
DA:111,155
DA:112,155
DA:113,155
DA:114,82
DA:115,100
DA:116,34
DA:117,34
DA:118,3
DA:119,3
DA:120,3
DA:121,3
DA:122,3
DA:123,3
DA:124,3
DA:125,3
DA:126,3
DA:127,3
DA:128,3
DA:129,3
DA:130,3
DA:131,3
DA:132,3
DA:133,3
DA:134,3
DA:135,3
DA:136,3
DA:137,3
DA:138,3
DA:139,60
DA:140,3
DA:141,3
DA:142,3
DA:143,3
DA:144,3
DA:145,0
DA:146,0
DA:147,0
DA:148,24
DA:149,24
DA:150,24
DA:151,24
DA:152,0
DA:153,0
DA:154,18
DA:155,18
DA:156,18
DA:157,18
DA:158,18
DA:159,18
DA:160,18
DA:161,18
DA:162,0
DA:163,0
DA:164,37
DA:165,37
DA:166,37
DA:167,37
DA:168,30
DA:169,37
DA:170,37
DA:171,3
DA:172,3
DA:173,3
DA:174,3
DA:175,3
DA:176,3
DA:177,3
DA:178,3
DA:179,3
DA:180,3
DA:181,3
DA:182,3
DA:183,3
DA:184,0
DA:185,204
DA:186,204
DA:187,204
DA:188,121
DA:189,133
DA:190,204
DA:191,204
DA:192,0
DA:193,0
DA:194,0
DA:195,0
DA:196,0
DA:197,205
DA:198,205
DA:199,205
DA:200,205
DA:201,205
DA:202,205
DA:203,10
DA:204,10
DA:205,205
DA:206,205
DA:207,205
DA:208,81
DA:209,9
DA:210,9
DA:211,81
DA:212,9
DA:213,0
DA:214,0
DA:215,0
DA:216,0
DA:217,0
DA:218,204
DA:219,204
DA:220,204
DA:221,204
DA:222,132
DA:223,132
DA:224,126
DA:225,126
DA:226,204
DA:227,204
DA:228,204
DA:229,63
DA:230,63
DA:231,3
DA:232,3
DA:233,0
DA:234,0
DA:235,152
DA:236,152
DA:237,152
DA:238,152
DA:239,152
DA:240,152
DA:241,221
DA:242,221
DA:243,221
DA:244,221
DA:245,214
DA:246,221
DA:247,221
DA:248,221
DA:249,204
DA:250,204
DA:251,221
DA:252,221
DA:253,221
DA:254,221
DA:255,204
DA:256,204
DA:257,204
DA:258,204
DA:259,204
DA:260,221
DA:261,221
DA:262,204
DA:263,204
DA:264,204
DA:265,204
DA:266,204
DA:267,204
DA:268,204
DA:269,204
DA:270,204
DA:271,221
DA:272,221
DA:273,221
DA:274,221
DA:275,221
DA:276,221
DA:277,221
DA:278,221
DA:279,221
DA:280,221
DA:281,221
DA:282,221
DA:283,221
DA:284,186
DA:285,221
DA:286,221
DA:287,221
DA:288,19
DA:289,19
DA:290,19
DA:291,19
DA:292,19
DA:293,19
DA:294,221
DA:295,20
DA:296,20
DA:297,20
DA:298,185
DA:299,132
DA:300,132
DA:301,132
DA:302,132
DA:303,132
DA:304,132
DA:305,123
DA:306,123
DA:307,114
DA:308,132
DA:309,132
DA:310,132
DA:311,33
DA:312,221
DA:313,221
DA:314,221
DA:315,125
DA:316,221
DA:317,221
DA:318,152
DA:319,152
DA:320,152
DA:321,152
DA:322,152
DA:323,152
DA:324,152
DA:325,152
DA:326,152
DA:327,152
DA:328,152
DA:329,152
DA:330,152
DA:331,0
DA:332,0
DA:333,0
DA:334,66
DA:335,66
DA:336,66
DA:337,66
DA:338,66
DA:339,66
DA:340,2
DA:341,2
DA:342,2
DA:343,2
DA:344,2
DA:345,2
DA:346,2
DA:347,2
DA:348,2
DA:349,66
DA:350,66
DA:351,28
DA:352,28
DA:353,3
DA:354,3
DA:355,3
DA:356,3
DA:357,3
DA:358,0
DA:359,0
DA:360,72
DA:361,72
DA:362,72
DA:363,58
DA:364,72
DA:365,72
DA:366,72
DA:367,72
DA:368,8
DA:369,8
DA:370,50
DA:371,50
DA:372,1
DA:373,1
DA:374,49
DA:375,49
DA:376,0
DA:377,0
DA:378,0
DA:379,64
DA:380,64
DA:381,64
DA:382,64
DA:383,64
DA:384,64
DA:385,64
DA:386,73
DA:387,64
DA:388,64
DA:389,64
DA:390,64
DA:391,64
DA:392,1
DA:393,1
LF:393
LH:345
BRDA:1,0,0,3
BRDA:24,1,0,837
BRDA:24,2,0,148
BRDA:25,3,0,689
BRDA:27,4,0,419
BRDA:27,5,0,0
BRDA:29,6,0,640
BRDA:32,7,0,263
BRDA:32,8,0,262
BRDA:33,9,0,384
BRDA:33,10,0,378
BRDA:33,11,0,0
BRDA:35,12,0,384
BRDA:35,13,0,70
BRDA:36,14,0,379
BRDA:36,15,0,308
BRDA:36,16,0,0
BRDA:37,17,0,379
BRDA:37,18,0,172
BRDA:38,19,0,136
BRDA:38,20,0,0
BRDA:34,21,0,696
BRDA:34,22,0,668
BRDA:42,23,0,422
BRDA:43,24,0,0
BRDA:44,25,0,56
BRDA:45,26,0,420
BRDA:45,27,0,366
BRDA:45,28,0,335
BRDA:46,29,0,286
BRDA:46,30,0,31
BRDA:46,31,0,21
BRDA:47,32,0,10
BRDA:49,33,0,9
BRDA:49,34,0,0
BRDA:50,35,0,27
BRDA:50,36,0,0
BRDA:51,37,0,19
BRDA:51,38,0,0
BRDA:52,39,0,17
BRDA:52,40,0,0
BRDA:53,41,0,139
BRDA:53,42,0,0
BRDA:53,43,0,5
BRDA:53,44,0,0
BRDA:54,45,0,16
BRDA:55,46,0,139
BRDA:55,47,0,0
BRDA:55,48,0,5
BRDA:55,49,0,0
BRDA:57,50,0,142
BRDA:57,51,0,85
BRDA:58,52,0,57
BRDA:58,53,0,57
BRDA:58,54,0,57
BRDA:58,55,0,0
BRDA:59,56,0,204
BRDA:61,57,0,122
BRDA:61,58,0,109
BRDA:62,59,0,82
BRDA:62,60,0,82
BRDA:85,61,0,28
BRDA:86,62,0,24
BRDA:86,63,0,4
BRDA:86,64,0,24
BRDA:88,65,0,2
BRDA:89,66,0,22
BRDA:89,67,0,0
BRDA:90,68,0,22
BRDA:91,69,0,17
BRDA:91,70,0,5
BRDA:91,71,0,17
BRDA:92,72,0,2
BRDA:92,73,0,15
BRDA:93,74,0,0
BRDA:93,75,0,15
BRDA:94,76,0,0
BRDA:94,77,0,15
BRDA:97,78,0,32
BRDA:98,79,0,4
BRDA:99,80,0,28
BRDA:99,81,0,10
BRDA:100,82,0,22
BRDA:100,83,0,2
BRDA:101,84,0,20
BRDA:102,85,0,16
BRDA:103,86,0,4
BRDA:105,87,0,206
BRDA:105,88,0,13
BRDA:105,89,0,193
BRDA:106,90,0,508
BRDA:107,91,0,307
BRDA:107,92,0,206
BRDA:107,93,0,343
BRDA:107,94,0,302
BRDA:108,95,0,111
BRDA:108,96,0,250
BRDA:111,97,0,155
BRDA:112,98,0,8
BRDA:112,99,0,147
BRDA:113,100,0,65
BRDA:114,101,0,100
BRDA:114,102,0,82
BRDA:115,103,0,48
BRDA:115,104,0,34
BRDA:139,105,0,60
BRDA:139,106,0,17
BRDA:139,107,0,18
BRDA:148,108,0,24
BRDA:148,109,0,1
BRDA:149,110,0,0
BRDA:150,111,0,3
BRDA:151,112,0,21
BRDA:151,113,0,2
BRDA:152,114,0,19
BRDA:152,115,0,14
BRDA:152,116,0,6
BRDA:153,117,0,13
BRDA:154,118,0,18
BRDA:156,119,0,0
BRDA:157,120,0,0
BRDA:158,121,0,0
BRDA:160,122,0,1
BRDA:160,123,0,17
BRDA:161,124,0,14
BRDA:161,125,0,14
BRDA:161,126,0,13
BRDA:161,127,0,4
BRDA:164,128,0,37
BRDA:165,129,0,0
BRDA:166,130,0,0
BRDA:167,131,0,7
BRDA:168,132,0,30
BRDA:169,133,0,9
BRDA:170,134,0,21
BRDA:185,135,0,204
BRDA:186,136,0,12
BRDA:186,137,0,192
BRDA:187,138,0,71
BRDA:188,139,0,149
BRDA:188,140,0,133
BRDA:188,141,0,121
BRDA:189,142,0,16
BRDA:190,143,0,105
BRDA:190,144,0,105
BRDA:191,145,0,47
BRDA:191,146,0,47
BRDA:191,147,0,5
BRDA:192,148,0,129
BRDA:192,149,0,3
BRDA:193,150,0,102
BRDA:197,151,0,205
BRDA:202,152,0,177
BRDA:202,153,0,10
BRDA:202,154,0,195
BRDA:203,155,0,82
BRDA:203,156,0,10
BRDA:205,157,0,0
BRDA:205,158,0,0
BRDA:207,159,0,10
BRDA:207,160,0,9
BRDA:207,161,0,1
BRDA:207,162,0,82
BRDA:207,163,0,1
BRDA:208,164,0,81
BRDA:208,165,0,9
BRDA:208,166,0,0
BRDA:208,167,0,9
BRDA:211,168,0,0
BRDA:212,169,0,9
BRDA:212,170,0,0
BRDA:213,171,0,0
BRDA:218,172,0,204
BRDA:219,173,0,0
BRDA:221,174,0,0
BRDA:221,175,0,72
BRDA:221,176,0,0
BRDA:221,177,0,132
BRDA:222,178,0,6
BRDA:223,179,0,126
BRDA:223,180,0,0
BRDA:224,181,0,126
BRDA:226,182,0,136
BRDA:226,183,0,72
BRDA:226,184,0,0
BRDA:226,185,0,136
BRDA:226,186,0,4
BRDA:227,187,0,103
BRDA:227,188,0,68
BRDA:227,189,0,60
BRDA:227,190,0,33
BRDA:227,191,0,35
BRDA:228,192,0,33
BRDA:228,193,0,136
BRDA:228,194,0,5
BRDA:229,195,0,63
BRDA:235,196,0,152
BRDA:238,197,0,0
BRDA:238,198,0,0
BRDA:240,199,0,221
BRDA:244,200,0,7
BRDA:245,201,0,214
BRDA:246,202,0,0
BRDA:247,203,0,214
BRDA:247,204,0,161
BRDA:248,205,0,204
BRDA:248,206,0,10
BRDA:248,207,0,0
BRDA:249,208,0,204
BRDA:251,209,0,15
BRDA:251,210,0,189
BRDA:252,211,0,0
BRDA:253,212,0,0
BRDA:254,213,0,19
BRDA:254,214,0,14
BRDA:254,215,0,13
BRDA:255,216,0,212
BRDA:255,217,0,204
BRDA:260,218,0,166
BRDA:260,219,0,42
BRDA:260,220,0,162
BRDA:261,221,0,10
BRDA:261,222,0,9
BRDA:262,223,0,204
BRDA:271,224,0,38
BRDA:271,225,0,36
BRDA:271,226,0,2
BRDA:271,227,0,166
BRDA:272,228,0,38
BRDA:272,229,0,166
BRDA:278,230,0,128
BRDA:278,231,0,19
BRDA:281,232,0,20
BRDA:281,233,0,19
BRDA:281,234,0,2
BRDA:282,235,0,195
BRDA:282,236,0,18
BRDA:283,237,0,186
BRDA:284,238,0,36
BRDA:284,239,0,31
BRDA:284,240,0,5
BRDA:285,241,0,150
BRDA:286,242,0,194
BRDA:286,243,0,48
BRDA:286,244,0,156
BRDA:287,245,0,194
BRDA:287,246,0,171
BRDA:287,247,0,19
BRDA:292,248,0,16
BRDA:293,249,0,3
BRDA:293,250,0,0
BRDA:294,251,0,205
BRDA:294,252,0,185
BRDA:294,253,0,175
BRDA:294,254,0,152
BRDA:294,255,0,29
BRDA:294,256,0,20
BRDA:298,257,0,165
BRDA:298,258,0,155
BRDA:298,259,0,132
BRDA:301,260,0,18
BRDA:301,261,0,0
BRDA:301,262,0,114
BRDA:303,263,0,9
BRDA:304,264,0,123
BRDA:305,265,0,9
BRDA:306,266,0,114
BRDA:306,267,0,102
BRDA:306,268,0,93
BRDA:306,269,0,31
BRDA:307,270,0,10
BRDA:308,271,0,104
BRDA:308,272,0,9
BRDA:308,273,0,95
BRDA:311,274,0,33
BRDA:311,275,0,10
BRDA:312,276,0,204
BRDA:312,277,0,9
BRDA:313,278,0,204
BRDA:314,279,0,125
BRDA:314,280,0,220
BRDA:314,281,0,125
BRDA:314,282,0,0
BRDA:314,283,0,5
BRDA:314,284,0,0
BRDA:315,285,0,114
BRDA:315,286,0,0
BRDA:316,287,0,204
BRDA:316,288,0,11
BRDA:322,289,0,134
BRDA:322,290,0,29
BRDA:326,291,0,143
BRDA:327,292,0,9
BRDA:328,293,0,73
BRDA:315,294,0,1000
BRDA:318,295,0,222
BRDA:318,296,0,0
BRDA:318,297,0,0
BRDA:319,298,0,142
BRDA:319,299,0,111
BRDA:320,300,0,142
BRDA:334,301,0,66
BRDA:336,302,0,6
BRDA:337,303,0,60
BRDA:337,304,0,2
BRDA:338,305,0,58
BRDA:338,306,0,15
BRDA:339,307,0,48
BRDA:339,308,0,43
BRDA:339,309,0,36
BRDA:339,310,0,2
BRDA:339,311,0,1
BRDA:339,312,0,2
BRDA:344,313,0,1
BRDA:345,314,0,1
BRDA:346,315,0,1
BRDA:349,316,0,48
BRDA:349,317,0,41
BRDA:349,318,0,34
BRDA:350,319,0,13
BRDA:351,320,0,28
BRDA:360,321,0,72
BRDA:361,322,0,59
BRDA:361,323,0,58
BRDA:362,324,0,14
BRDA:363,325,0,60
BRDA:363,326,0,58
BRDA:364,327,0,0
BRDA:364,328,0,0
BRDA:366,329,0,58
BRDA:367,330,0,60
BRDA:367,331,0,8
BRDA:368,332,0,7
BRDA:369,333,0,1
BRDA:370,334,0,50
BRDA:371,335,0,1
BRDA:372,336,0,0
BRDA:374,337,0,49
BRDA:374,338,0,0
BRDA:374,339,0,1
BRDA:375,340,0,1
BRDA:375,341,0,0
BRDA:375,342,0,0
BRDA:376,343,0,58
BRDA:376,344,0,10
BRDA:376,345,0,48
BRDA:379,346,0,64
BRDA:381,347,0,142
BRDA:381,348,0,0
BRDA:381,349,0,73
BRDA:382,350,0,12
BRDA:383,351,0,52
BRDA:383,352,0,6
BRDA:385,353,0,73
BRDA:388,354,0,0
BRDA:388,355,0,0
BRDA:389,356,0,52
BRDA:389,357,0,12
BRDA:390,358,0,49
BRDA:390,359,0,0
BRDA:390,360,0,0
BRF:361
BRH:303
end_of_record
TN:
SF:lambda/daily-plan/handler.js
FN:13,weatherForSpace
FN:29,hydrologyForSpace
FN:43,coordsForSpace
FN:52,run
FN:185,resolveInvokeOptions
FNF:5
FNH:5
FNDA:3,weatherForSpace
FNDA:2,hydrologyForSpace
FNDA:5,coordsForSpace
FNDA:1,run
FNDA:19,resolveInvokeOptions
DA:1,1
DA:2,1
DA:3,1
DA:4,1
DA:5,1
DA:6,1
DA:7,1
DA:8,1
DA:9,1
DA:10,1
DA:11,1
DA:12,1
DA:13,3
DA:14,3
DA:15,3
DA:16,1
DA:17,1
DA:18,1
DA:19,1
DA:20,3
DA:21,2
DA:22,2
DA:23,1
DA:24,1
DA:25,1
DA:26,1
DA:27,1
DA:28,1
DA:29,2
DA:30,2
DA:31,2
DA:32,1
DA:33,1
DA:34,2
DA:35,1
DA:36,1
DA:37,1
DA:38,1
DA:39,1
DA:40,1
DA:41,1
DA:42,1
DA:43,5
DA:44,5
DA:45,5
DA:46,2
DA:47,2
DA:48,5
DA:49,3
DA:50,3
DA:51,1
DA:52,1
DA:53,1
DA:54,1
DA:55,1
DA:56,1
DA:57,1
DA:58,1
DA:59,1
DA:60,1
DA:61,1
DA:62,1
DA:63,1
DA:64,1
DA:65,1
DA:66,1
DA:67,1
DA:68,1
DA:69,1
DA:70,1
DA:71,1
DA:72,1
DA:73,1
DA:74,1
DA:75,1
DA:76,1
DA:77,1
DA:78,1
DA:79,1
DA:80,1
DA:81,1
DA:82,1
DA:83,1
DA:84,1
DA:85,1
DA:86,1
DA:87,1
DA:88,1
DA:89,1
DA:90,1
DA:91,1
DA:92,1
DA:93,1
DA:94,1
DA:95,1
DA:96,1
DA:97,1
DA:98,1
DA:99,1
DA:100,1
DA:101,1
DA:102,1
DA:103,1
DA:104,1
DA:105,1
DA:106,1
DA:107,1
DA:108,1
DA:109,1
DA:110,1
DA:111,1
DA:112,1
DA:113,1
DA:114,1
DA:115,1
DA:116,1
DA:117,1
DA:118,1
DA:119,1
DA:120,1
DA:121,1
DA:122,1
DA:123,1
DA:124,1
DA:125,1
DA:126,1
DA:127,0
DA:128,0
DA:129,0
DA:130,0
DA:131,0
DA:132,1
DA:133,1
DA:134,1
DA:135,1
DA:136,1
DA:137,1
DA:138,1
DA:139,1
DA:140,1
DA:141,1
DA:142,1
DA:143,1
DA:144,1
DA:145,1
DA:146,1
DA:147,1
DA:148,1
DA:149,1
DA:150,1
DA:151,1
DA:152,1
DA:153,1
DA:154,1
DA:155,1
DA:156,1
DA:157,1
DA:158,1
DA:159,0
DA:160,0
DA:161,0
DA:162,0
DA:163,0
DA:164,0
DA:165,0
DA:166,0
DA:167,0
DA:168,0
DA:169,0
DA:170,0
DA:171,1
DA:172,1
DA:173,1
DA:174,1
DA:175,1
DA:176,1
DA:177,1
DA:178,1
DA:179,1
DA:180,1
DA:181,1
DA:182,1
DA:183,1
DA:184,1
DA:185,19
DA:186,19
DA:187,19
DA:188,19
DA:189,19
DA:190,19
DA:191,19
DA:192,1
DA:193,1
LF:193
LH:176
BRDA:13,0,0,3
BRDA:15,1,0,2
BRDA:15,2,0,1
BRDA:15,3,0,1
BRDA:15,4,0,1
BRDA:18,5,0,0
BRDA:20,6,0,2
BRDA:20,7,0,0
BRDA:20,8,0,2
BRDA:29,9,0,2
BRDA:31,10,0,1
BRDA:31,11,0,1
BRDA:31,12,0,1
BRDA:31,13,0,1
BRDA:32,14,0,0
BRDA:34,15,0,1
BRDA:34,16,0,0
BRDA:35,17,0,1
BRDA:43,18,0,5
BRDA:45,19,0,2
BRDA:45,20,0,3
BRDA:45,21,0,2
BRDA:45,22,0,2
BRDA:46,23,0,1
BRDA:48,24,0,4
BRDA:48,25,0,3
BRDA:48,26,0,1
BRDA:49,27,0,3
BRDA:52,28,0,1
BRDA:108,29,0,0
BRDA:113,30,0,0
BRDA:126,31,0,0
BRDA:142,32,0,0
BRDA:142,33,0,0
BRDA:142,34,0,0
BRDA:143,35,0,0
BRDA:143,36,0,0
BRDA:144,37,0,0
BRDA:144,38,0,0
BRDA:157,39,0,0
BRDA:158,40,0,0
BRDA:107,41,0,1
BRDA:185,42,0,19
BRDA:186,43,0,2
BRDA:187,44,0,17
BRDA:187,45,0,1
BRDA:187,46,0,18
BRDA:188,47,0,17
BRDA:188,48,0,5
BRDA:189,49,0,1
BRDA:189,50,0,18
BRDA:190,51,0,17
BRF:52
BRH:36
end_of_record
TN:
SF:lambda/daily-plan/index.js
FN:1,(empty-report)
FNF:1
FNH:0
FNDA:0,(empty-report)
DA:1,0
DA:2,0
DA:3,0
DA:4,0
DA:5,0
DA:6,0
DA:7,0
DA:8,0
DA:9,0
DA:10,0
DA:11,0
DA:12,0
DA:13,0
DA:14,0
DA:15,0
DA:16,0
DA:17,0
DA:18,0
DA:19,0
DA:20,0
DA:21,0
DA:22,0
DA:23,0
DA:24,0
DA:25,0
DA:26,0
DA:27,0
DA:28,0
DA:29,0
DA:30,0
DA:31,0
DA:32,0
DA:33,0
DA:34,0
DA:35,0
DA:36,0
DA:37,0
DA:38,0
DA:39,0
DA:40,0
DA:41,0
DA:42,0
DA:43,0
DA:44,0
DA:45,0
DA:46,0
DA:47,0
DA:48,0
DA:49,0
DA:50,0
DA:51,0
DA:52,0
DA:53,0
DA:54,0
DA:55,0
DA:56,0
DA:57,0
DA:58,0
DA:59,0
DA:60,0
DA:61,0
DA:62,0
DA:63,0
DA:64,0
DA:65,0
DA:66,0
DA:67,0
DA:68,0
DA:69,0
DA:70,0
DA:71,0
DA:72,0
DA:73,0
DA:74,0
DA:75,0
DA:76,0
DA:77,0
DA:78,0
DA:79,0
DA:80,0
DA:81,0
DA:82,0
DA:83,0
DA:84,0
DA:85,0
DA:86,0
DA:87,0
DA:88,0
DA:89,0
DA:90,0
DA:91,0
DA:92,0
DA:93,0
DA:94,0
DA:95,0
DA:96,0
DA:97,0
DA:98,0
DA:99,0
DA:100,0
DA:101,0
DA:102,0
DA:103,0
DA:104,0
DA:105,0
DA:106,0
DA:107,0
DA:108,0
DA:109,0
DA:110,0
DA:111,0
DA:112,0
DA:113,0
DA:114,0
DA:115,0
DA:116,0
DA:117,0
DA:118,0
DA:119,0
DA:120,0
DA:121,0
DA:122,0
DA:123,0
DA:124,0
DA:125,0
DA:126,0
DA:127,0
DA:128,0
DA:129,0
DA:130,0
DA:131,0
DA:132,0
DA:133,0
DA:134,0
DA:135,0
DA:136,0
DA:137,0
DA:138,0
DA:139,0
DA:140,0
DA:141,0
DA:142,0
DA:143,0
DA:144,0
DA:145,0
DA:146,0
DA:147,0
DA:148,0
DA:149,0
DA:150,0
DA:151,0
DA:152,0
DA:153,0
DA:154,0
DA:155,0
DA:156,0
DA:157,0
DA:158,0
DA:159,0
DA:160,0
DA:161,0
DA:162,0
DA:163,0
DA:164,0
DA:165,0
DA:166,0
DA:167,0
DA:168,0
DA:169,0
DA:170,0
DA:171,0
DA:172,0
DA:173,0
DA:174,0
DA:175,0
DA:176,0
DA:177,0
LF:177
LH:0
BRDA:1,0,0,0
BRF:1
BRH:0
end_of_record
TN:
SF:lambda/daily-plan/station.js
FN:9,stationConfig
FN:13,stationConfig
FN:19,round2
FN:22,round2
FN:24,civilDay
FN:27,civilDay
FN:28,dayBefore
FN:31,dayBefore
FN:39,deriveStation
FN:42,deriveStation
FN:74,bindStationToSpace
FN:76,bindStationToSpace
FN:85,mergeStationHydrology
FN:87,mergeStationHydrology
FN:104,mergeStationWeather
FN:106,mergeStationWeather
FNF:16
FNH:10
FNDA:0,stationConfig
FNDA:9,stationConfig
FNDA:0,round2
FNDA:6,round2
FNDA:0,civilDay
FNDA:44,civilDay
FNDA:0,dayBefore
FNDA:18,dayBefore
FNDA:1,deriveStation
FNDA:12,deriveStation
FNDA:1,bindStationToSpace
FNDA:3,bindStationToSpace
FNDA:0,mergeStationHydrology
FNDA:3,mergeStationHydrology
FNDA:0,mergeStationWeather
FNDA:3,mergeStationWeather
DA:1,3
DA:2,3
DA:3,3
DA:4,3
DA:5,3
DA:6,3
DA:7,3
DA:8,3
DA:9,3
DA:10,0
DA:11,0
DA:12,0
DA:13,9
DA:14,9
DA:15,9
DA:16,9
DA:17,9
DA:18,3
DA:19,3
DA:20,3
DA:21,3
DA:22,3
DA:23,3
DA:24,3
DA:25,0
DA:26,3
DA:27,44
DA:28,44
DA:29,0
DA:30,3
DA:31,18
DA:32,18
DA:33,18
DA:34,18
DA:35,18
DA:36,3
DA:37,3
DA:38,3
DA:39,3
DA:40,1
DA:41,1
DA:42,12
DA:43,12
DA:44,12
DA:45,12
DA:46,12
DA:47,12
DA:48,9
DA:49,9
DA:50,9
DA:51,9
DA:52,12
DA:53,12
DA:54,12
DA:55,12
DA:56,12
DA:57,12
DA:58,38
DA:59,35
DA:60,38
DA:61,38
DA:62,9
DA:63,9
DA:64,9
DA:65,9
DA:66,9
DA:67,12
DA:68,12
DA:69,12
DA:70,12
DA:71,12
DA:72,12
DA:73,3
DA:74,3
DA:75,1
DA:76,3
DA:77,3
DA:78,3
DA:79,3
DA:80,3
DA:81,1
DA:82,1
DA:83,3
DA:84,3
DA:85,3
DA:86,0
DA:87,3
DA:88,3
DA:89,3
DA:90,3
DA:91,3
DA:92,3
DA:93,2
DA:94,2
DA:95,3
DA:96,1
DA:97,1
DA:98,1
DA:99,3
DA:100,3
DA:101,3
DA:102,3
DA:103,3
DA:104,3
DA:105,0
DA:106,3
DA:107,3
DA:108,3
DA:109,3
DA:110,3
DA:111,2
DA:112,2
DA:113,2
DA:114,2
DA:115,2
DA:116,3
DA:117,1
DA:118,1
DA:119,3
DA:120,3
DA:121,1
DA:122,1
LF:122
LH:115
BRDA:1,0,0,3
BRDA:13,1,0,9
BRDA:15,2,0,0
BRDA:22,3,0,6
BRDA:27,4,0,44
BRDA:31,5,0,18
BRDA:39,6,0,1
BRDA:40,7,0,0
BRDA:40,8,0,0
BRDA:41,9,0,0
BRDA:44,10,0,0
BRDA:49,11,0,0
BRDA:54,12,0,0
BRDA:65,13,0,0
BRDA:65,14,0,0
BRDA:66,15,0,0
BRDA:66,16,0,0
BRDA:67,17,0,0
BRDA:67,18,0,0
BRDA:42,19,0,12
BRDA:43,20,0,11
BRDA:43,21,0,10
BRDA:43,22,0,3
BRDA:44,23,0,9
BRDA:44,24,0,0
BRDA:47,25,0,0
BRDA:48,26,0,9
BRDA:52,27,0,0
BRDA:57,28,0,38
BRDA:58,29,0,3
BRDA:59,30,0,35
BRDA:60,31,0,29
BRDA:62,32,0,9
BRDA:67,33,0,7
BRDA:67,34,0,6
BRDA:68,35,0,6
BRDA:68,36,0,1
BRDA:68,37,0,1
BRDA:68,38,0,3
BRDA:69,39,0,1
BRDA:69,40,0,8
BRDA:69,41,0,3
BRDA:69,42,0,5
BRDA:44,43,0,9
BRDA:46,44,0,38
BRDA:46,45,0,45
BRDA:74,46,0,1
BRDA:74,47,0,0
BRDA:75,48,0,0
BRDA:78,49,0,0
BRDA:76,50,0,3
BRDA:77,51,0,0
BRDA:79,52,0,2
BRDA:79,53,0,1
BRDA:80,54,0,2
BRDA:80,55,0,1
BRDA:80,56,0,1
BRDA:87,57,0,3
BRDA:88,58,0,1
BRDA:91,59,0,2
BRDA:92,60,0,2
BRDA:95,61,0,1
BRDA:96,62,0,0
BRDA:106,63,0,3
BRDA:107,64,0,0
BRDA:110,65,0,2
BRDA:110,66,0,2
BRDA:110,67,0,2
BRDA:114,68,0,1
BRDA:114,69,0,1
BRDA:116,70,0,1
BRF:71
BRH:49
end_of_record
TN:
SF:src/components/AssigneePicker.jsx
FN:24,AssigneePicker
FN:34,onSelect
FNF:2
FNH:2
FNDA:207,AssigneePicker
FNDA:2,onSelect
DA:1,1
DA:22,1
DA:24,207
DA:25,207
DA:26,207
DA:27,207
DA:28,207
DA:30,207
DA:31,207
DA:32,207
DA:34,207
DA:35,2
DA:36,2
DA:37,2
DA:38,2
DA:39,2
DA:40,2
DA:41,2
DA:42,2
DA:43,2
DA:44,0
DA:45,2
DA:46,2
DA:47,2
DA:48,2
DA:50,207
DA:51,207
DA:52,207
DA:53,207
DA:54,207
DA:55,207
DA:56,207
DA:57,207
DA:58,207
DA:59,207
DA:60,207
DA:61,207
DA:62,207
DA:63,207
DA:64,207
DA:66,207
DA:67,207
DA:68,16
DA:69,207
DA:70,207
DA:71,207
DA:72,207
DA:73,207
DA:74,139
DA:76,207
DA:77,0
DA:79,207
DA:81,207
LF:53
LH:51
BRDA:24,0,0,207
BRDA:30,1,0,64
BRDA:30,2,0,143
BRDA:32,3,0,204
BRDA:59,4,0,162
BRDA:66,5,0,143
BRDA:66,6,0,64
BRDA:71,7,0,45
BRDA:72,8,0,2
BRDA:73,9,0,204
BRDA:73,10,0,139
BRDA:73,11,0,139
BRDA:76,12,0,0
BRDA:34,13,0,2
BRDA:35,14,0,1
BRDA:35,15,0,1
BRDA:36,16,0,1
BRDA:36,17,0,0
BRDA:40,18,0,0
BRDA:43,19,0,0
BRDA:67,20,0,16
BRF:21
BRH:17
end_of_record
TN:
SF:src/components/BottomNav.jsx
FN:64,SectionLabel
FN:89,BottomNav
FN:106,isActive
FN:110,closeMore
FN:115,closeCreate
FN:119,handleSignOutConfirmed
FN:267,onClick
FN:280,onClick
FN:324,onClick
FN:338,onClick
FN:358,onClick
FNF:11
FNH:11
FNDA:81,SectionLabel
FNDA:83,BottomNav
FNDA:332,isActive
FNDA:10,closeMore
FNDA:25,closeCreate
FNDA:1,handleSignOutConfirmed
FNDA:3,onClick
FNDA:1,onClick
FNDA:1,onClick
FNDA:7,onClick
FNDA:23,onClick
DA:1,1
DA:24,1
DA:25,1
DA:26,1
DA:27,1
DA:28,1
DA:29,1
DA:40,1
DA:41,1
DA:42,1
DA:45,1
DA:46,1
DA:47,1
DA:50,1
DA:54,1
DA:55,1
DA:56,1
DA:57,1
DA:58,1
DA:59,1
DA:60,1
DA:61,1
DA:62,1
DA:64,81
DA:65,81
DA:66,81
DA:67,81
DA:68,81
DA:69,81
DA:70,81
DA:71,81
DA:73,81
DA:87,1
DA:89,83
DA:90,83
DA:91,83
DA:92,46
DA:93,46
DA:94,46
DA:95,83
DA:96,83
DA:97,83
DA:98,83
DA:101,83
DA:102,83
DA:103,83
DA:104,83
DA:106,83
DA:107,332
DA:108,332
DA:110,83
DA:111,10
DA:112,10
DA:113,10
DA:115,83
DA:116,25
DA:117,25
DA:119,83
DA:120,1
DA:121,1
DA:122,1
DA:123,1
DA:125,83
DA:126,83
DA:128,83
DA:129,83
DA:131,83
DA:132,83
DA:135,332
DA:136,332
DA:137,332
DA:138,332
DA:139,332
DA:140,332
DA:141,332
DA:143,332
DA:144,332
DA:145,332
DA:146,332
DA:147,332
DA:148,332
DA:150,83
DA:151,83
DA:154,83
DA:156,83
DA:157,83
DA:158,83
DA:163,83
DA:164,83
DA:165,83
DA:166,83
DA:167,83
DA:169,83
DA:170,83
DA:172,83
DA:173,83
DA:174,83
DA:175,83
DA:176,83
DA:178,83
DA:179,83
DA:180,83
DA:181,83
DA:182,83
DA:183,83
DA:184,83
DA:193,83
DA:194,8
DA:195,8
DA:196,8
DA:206,83
DA:207,83
DA:208,83
DA:209,83
DA:210,83
DA:211,83
DA:215,83
DA:216,83
DA:217,83
DA:222,83
DA:223,83
DA:224,83
DA:225,83
DA:226,83
DA:227,83
DA:229,83
DA:230,0
DA:231,0
DA:232,0
DA:235,83
DA:238,83
DA:239,83
DA:240,83
DA:241,83
DA:243,83
DA:244,83
DA:245,83
DA:246,83
DA:247,83
DA:248,83
DA:250,83
DA:251,83
DA:252,83
DA:253,83
DA:254,83
DA:255,83
DA:256,83
DA:257,83
DA:258,83
DA:259,83
DA:260,83
DA:261,83
DA:262,83
DA:266,83
DA:267,80
DA:268,80
DA:269,80
DA:271,3
DA:272,3
DA:273,3
DA:274,3
DA:275,3
DA:277,3
DA:278,3
DA:279,3
DA:280,3
DA:281,3
DA:282,3
DA:283,3
DA:284,3
DA:285,3
DA:286,3
DA:287,3
DA:288,3
DA:290,3
DA:291,3
DA:292,3
DA:293,3
DA:294,3
DA:295,3
DA:296,3
DA:297,3
DA:298,3
DA:299,3
DA:300,3
DA:302,3
DA:303,3
DA:304,3
DA:306,83
DA:308,83
DA:309,83
DA:310,83
DA:311,83
DA:312,83
DA:313,83
DA:314,83
DA:315,83
DA:316,83
DA:317,83
DA:318,332
DA:319,332
DA:322,83
DA:323,4
DA:324,4
DA:325,4
DA:326,4
DA:327,4
DA:328,4
DA:329,4
DA:330,4
DA:331,4
DA:332,4
DA:333,4
DA:334,4
DA:336,79
DA:337,79
DA:338,79
DA:339,79
DA:340,79
DA:341,79
DA:342,79
DA:343,79
DA:344,79
DA:345,79
DA:346,79
DA:347,79
DA:348,79
DA:349,249
DA:350,332
DA:351,332
DA:352,332
DA:353,332
DA:354,332
DA:356,83
DA:358,83
DA:359,83
DA:360,83
DA:361,83
DA:362,83
DA:363,83
DA:364,83
DA:365,83
DA:366,83
DA:368,83
DA:369,83
DA:370,83
DA:371,83
DA:373,83
LF:248
LH:245
BRDA:45,0,0,0
BRDA:64,1,0,81
BRDA:89,2,0,83
BRDA:157,3,0,0
BRDA:157,4,0,0
BRDA:166,5,0,4
BRDA:166,6,0,79
BRDA:166,7,0,4
BRDA:166,8,0,79
BRDA:170,9,0,4
BRDA:170,10,0,79
BRDA:174,11,0,4
BRDA:174,12,0,79
BRDA:193,13,0,8
BRDA:207,14,0,8
BRDA:207,15,0,75
BRDA:229,16,0,0
BRDA:266,17,0,80
BRDA:269,18,0,3
BRDA:363,19,0,27
BRDA:363,20,0,56
BRDA:366,21,0,27
BRDA:366,22,0,56
BRDA:91,23,0,46
BRDA:94,24,0,46
BRDA:106,25,0,332
BRDA:110,26,0,10
BRDA:115,27,0,25
BRDA:119,28,0,1
BRDA:132,29,0,332
BRDA:135,30,0,166
BRDA:135,31,0,166
BRDA:267,32,0,3
BRDA:280,33,0,1
BRDA:317,34,0,332
BRDA:319,35,0,83
BRDA:322,36,0,4
BRDA:334,37,0,79
BRDA:348,38,0,249
BRDA:350,39,0,0
BRDA:350,40,0,249
BRDA:351,41,0,0
BRDA:351,42,0,249
BRDA:353,43,0,0
BRDA:353,44,0,249
BRDA:324,45,0,1
BRDA:338,46,0,7
BRDA:338,47,0,7
BRDA:358,48,0,23
BRDA:358,49,0,23
BRF:50
BRH:43
end_of_record
TN:
SF:src/components/BottomNavDot.jsx
FN:25,BottomNavDot
FN:53,onVisibility
FNF:2
FNH:1
FNDA:9,BottomNavDot
FNDA:0,onVisibility
DA:1,1
DA:25,9
DA:26,9
DA:27,9
DA:28,9
DA:29,9
DA:30,9
DA:31,9
DA:32,9
DA:34,9
DA:35,8
DA:36,1
DA:37,1
DA:38,1
DA:39,7
DA:40,7
DA:41,7
DA:42,4
DA:43,4
DA:44,4
DA:45,7
DA:46,7
DA:47,9
DA:50,9
DA:51,7
DA:52,7
DA:53,7
DA:54,0
DA:55,0
DA:56,7
DA:57,7
DA:58,9
DA:66,9
DA:67,7
DA:68,2
DA:69,7
DA:70,7
DA:71,9
DA:73,9
DA:74,9
DA:75,9
DA:76,9
DA:77,9
DA:78,9
DA:79,9
DA:80,9
DA:81,9
DA:82,9
DA:83,9
DA:84,9
DA:85,9
DA:86,9
DA:87,9
DA:88,9
DA:89,9
DA:90,9
DA:92,9
LF:57
LH:55
BRDA:25,0,0,9
BRDA:32,1,0,0
BRDA:77,2,0,2
BRDA:77,3,0,7
BRDA:86,4,0,2
BRDA:86,5,0,7
BRDA:34,6,0,8
BRDA:35,7,0,1
BRDA:38,8,0,7
BRDA:41,9,0,4
BRDA:42,10,0,1
BRDA:42,11,0,3
BRDA:43,12,0,0
BRDA:44,13,0,3
BRDA:50,14,0,7
BRDA:52,15,0,0
BRDA:57,16,0,7
BRDA:66,17,0,7
BRDA:67,18,0,2
BRDA:68,19,0,1
BRDA:70,20,0,7
BRF:21
BRH:18
end_of_record
TN:
SF:src/components/Breadcrumb.jsx
FN:21,Breadcrumb
FNF:1
FNH:1
FNDA:141,Breadcrumb
DA:1,1
DA:21,141
DA:22,141
DA:23,141
DA:24,141
DA:25,141
DA:26,141
DA:27,141
DA:28,141
DA:29,141
DA:30,141
DA:31,141
DA:32,141
DA:33,141
DA:34,141
DA:35,141
DA:37,141
DA:38,420
DA:39,420
DA:40,420
DA:41,420
DA:42,279
DA:44,420
DA:45,141
DA:46,141
DA:47,141
DA:48,141
DA:49,141
DA:50,141
DA:51,141
DA:52,141
DA:53,141
DA:55,141
DA:56,141
DA:58,279
DA:59,279
DA:60,279
DA:61,279
DA:62,279
DA:63,279
DA:64,279
DA:65,279
DA:66,279
DA:67,279
DA:69,279
DA:70,279
DA:72,420
DA:74,141
DA:75,141
DA:77,141
LF:50
LH:50
BRDA:21,0,0,141
BRDA:22,1,0,0
BRDA:37,2,0,420
BRDA:41,3,0,279
BRDA:44,4,0,279
BRDA:44,5,0,141
BRDA:47,6,0,0
BRDA:48,7,0,0
BRDA:56,8,0,279
BRF:9
BRH:6
end_of_record
TN:
SF:src/components/CareStatus.jsx
FN:29,CareStatus
FNF:1
FNH:1
FNDA:144,CareStatus
DA:1,1
DA:27,1
DA:29,144
DA:31,144
DA:33,10
DA:36,85
DA:39,9
DA:40,9
DA:41,9
DA:42,144
DA:43,144
DA:45,144
DA:47,9
DA:48,9
DA:49,9
DA:50,9
DA:51,9
DA:52,9
DA:53,9
DA:54,9
DA:55,9
DA:56,9
DA:57,9
DA:58,9
DA:59,9
DA:60,9
DA:61,9
DA:62,9
DA:65,9
DA:67,9
DA:68,9
DA:69,9
DA:70,8
DA:72,144
DA:73,144
DA:75,144
LF:36
LH:36
BRDA:29,0,0,144
BRDA:31,1,0,134
BRDA:31,2,0,85
BRDA:31,3,0,10
BRDA:36,4,0,1
BRDA:36,5,0,9
BRDA:42,6,0,1
BRDA:42,7,0,8
BRDA:43,8,0,0
BRDA:45,9,0,85
BRDA:45,10,0,0
BRDA:45,11,0,11
BRDA:45,12,0,9
BRDA:69,13,0,8
BRF:14
BRH:12
end_of_record
TN:
SF:src/components/CaretakerBadge.jsx
FN:7,CaretakerBadge
FNF:1
FNH:1
FNDA:4,CaretakerBadge
DA:1,1
DA:7,4
DA:8,4
DA:9,4
DA:10,4
DA:11,4
DA:12,4
DA:13,4
DA:14,4
DA:15,4
DA:16,4
DA:17,4
DA:18,4
DA:19,4
DA:20,4
DA:21,4
DA:22,4
DA:23,4
DA:24,4
DA:25,4
DA:27,4
DA:28,4
DA:30,4
LF:23
LH:23
BRDA:7,0,0,4
BRDA:9,1,0,0
BRDA:10,2,0,2
BRDA:10,3,0,2
BRDA:10,4,0,0
BRDA:11,5,0,0
BRDA:21,6,0,0
BRDA:22,7,0,0
BRDA:23,8,0,0
BRDA:27,9,0,0
BRF:10
BRH:3
end_of_record
TN:
SF:src/components/CatchUpBadge.jsx
FN:18,countCatchUpCandidates
FN:28,CatchUpBadge
FNF:2
FNH:2
FNDA:9,countCatchUpCandidates
FNDA:10,CatchUpBadge
DA:1,1
DA:18,1
DA:19,9
DA:20,7
DA:21,10
DA:22,10
DA:23,8
DA:24,10
DA:25,7
DA:26,7
DA:28,10
DA:29,10
DA:30,10
DA:31,10
DA:33,10
DA:34,5
DA:35,5
DA:36,5
DA:37,4
DA:38,4
DA:39,4
DA:40,5
DA:41,5
DA:42,1
DA:43,1
DA:44,5
DA:45,5
DA:46,10
DA:48,10
DA:50,3
DA:51,3
DA:52,3
DA:53,3
DA:54,10
DA:55,10
DA:56,10
DA:57,10
DA:58,10
DA:59,10
DA:60,10
DA:61,10
DA:62,10
DA:64,10
DA:65,10
DA:66,10
DA:67,10
DA:68,10
DA:69,10
DA:70,10
DA:71,10
DA:72,10
DA:74,10
LF:52
LH:52
BRDA:18,0,0,9
BRDA:19,1,0,2
BRDA:19,2,0,7
BRDA:20,3,0,10
BRDA:22,4,0,8
BRDA:23,5,0,1
BRDA:23,6,0,1
BRDA:24,7,0,7
BRDA:24,8,0,3
BRDA:28,9,0,10
BRDA:48,10,0,5
BRDA:48,11,0,7
BRDA:48,12,0,3
BRDA:54,13,0,2
BRDA:54,14,0,1
BRDA:33,15,0,5
BRDA:36,16,0,4
BRDA:37,17,0,0
BRDA:38,18,0,0
BRDA:41,19,0,1
BRDA:42,20,0,0
BRDA:45,21,0,5
BRF:22
BRH:19
end_of_record
TN:
SF:src/components/CritterAnnouncement.jsx
FN:29,prefersReducedMotion
FN:38,CritterAnnouncement
FNF:2
FNH:2
FNDA:8,prefersReducedMotion
FNDA:8,CritterAnnouncement
DA:1,1
DA:25,1
DA:29,8
DA:30,8
DA:31,0
DA:32,0
DA:33,0
DA:34,0
DA:35,0
DA:36,8
DA:38,8
DA:39,8
DA:40,8
DA:43,8
DA:44,8
DA:45,7
DA:46,7
DA:47,0
DA:48,0
DA:49,7
DA:50,7
DA:51,8
DA:53,8
DA:55,7
DA:58,8
DA:60,8
DA:61,8
DA:62,8
DA:63,8
DA:64,8
DA:65,8
DA:66,8
DA:71,8
DA:72,0
DA:73,0
DA:74,0
DA:75,0
DA:76,6
DA:77,6
DA:78,6
DA:79,6
DA:81,8
DA:82,8
DA:83,8
DA:84,8
DA:85,8
DA:86,8
DA:87,8
DA:88,8
DA:89,8
DA:90,8
DA:91,8
DA:92,8
DA:93,8
DA:94,8
DA:95,8
DA:96,8
DA:97,8
DA:98,8
DA:100,8
DA:101,8
DA:103,8
LF:62
LH:51
BRDA:29,0,0,8
BRDA:30,1,0,0
BRDA:38,2,0,8
BRDA:53,3,0,1
BRDA:53,4,0,7
BRDA:58,5,0,1
BRDA:58,6,0,6
BRDA:60,7,0,5
BRDA:60,8,0,1
BRDA:71,9,0,0
BRDA:75,10,0,6
BRDA:77,11,0,0
BRDA:40,12,0,8
BRDA:43,13,0,8
BRDA:44,14,0,1
BRDA:44,15,0,7
BRDA:50,16,0,7
BRF:17
BRH:14
end_of_record
TN:
SF:src/components/CritterArrival.jsx
FN:30,CritterArrival
FNF:1
FNH:0
FNDA:0,CritterArrival
DA:1,1
DA:27,1
DA:28,1
DA:30,0
DA:31,0
DA:32,0
DA:34,0
DA:35,0
DA:36,0
DA:37,0
DA:38,0
DA:39,0
DA:40,0
DA:41,0
DA:42,0
DA:43,0
DA:45,0
DA:46,0
DA:47,0
DA:48,0
DA:49,0
DA:52,0
DA:57,0
DA:59,0
DA:60,0
DA:61,0
DA:62,0
DA:63,0
DA:64,0
DA:65,0
DA:66,0
DA:67,0
DA:68,0
DA:69,0
DA:70,0
DA:71,0
DA:72,0
DA:73,0
DA:74,0
DA:76,0
DA:118,0
DA:121,0
DA:122,0
DA:123,0
DA:124,0
DA:125,0
DA:126,0
DA:128,0
DA:129,0
DA:131,0
DA:132,0
DA:133,0
DA:134,0
DA:135,0
DA:136,0
DA:138,0
DA:139,0
DA:140,0
DA:141,0
DA:142,0
DA:143,0
DA:144,0
DA:145,0
DA:146,0
DA:147,0
DA:148,0
DA:150,0
DA:154,0
DA:155,0
DA:156,0
DA:157,0
DA:158,0
DA:159,0
DA:160,0
DA:161,0
DA:162,0
DA:163,0
DA:164,0
DA:165,0
DA:166,0
DA:167,0
DA:168,0
DA:169,0
DA:170,0
DA:171,0
DA:172,0
DA:173,0
DA:174,0
DA:176,0
DA:177,0
DA:180,0
DA:181,0
DA:182,0
DA:183,0
DA:184,0
DA:185,0
DA:186,0
DA:187,0
DA:188,0
DA:189,0
DA:190,0
DA:191,0
DA:192,0
DA:193,0
DA:194,0
DA:195,0
DA:196,0
DA:197,0
DA:198,0
DA:199,0
DA:200,0
DA:201,0
DA:203,0
DA:210,0
DA:211,0
DA:212,0
DA:213,0
DA:214,0
DA:215,0
DA:216,0
DA:217,0
DA:218,0
DA:219,0
DA:220,0
DA:221,0
DA:222,0
DA:223,0
DA:224,0
DA:225,0
DA:226,0
DA:227,0
DA:228,0
DA:229,0
DA:230,0
DA:231,0
DA:233,0
DA:235,0
DA:237,0
LF:138
LH:3
BRF:0
BRH:0
end_of_record
TN:
SF:src/components/CritterArrivalController.jsx
FN:28,CritterArrivalController
FN:57,poll
FN:94,onDone
FNF:3
FNH:2
FNDA:24,CritterArrivalController
FNDA:17,poll
FNDA:0,onDone
DA:1,1
DA:24,1
DA:25,1
DA:26,1
DA:28,24
DA:29,24
DA:30,24
DA:31,24
DA:36,24
DA:37,24
DA:44,24
DA:45,24
DA:48,24
DA:49,16
DA:50,1
DA:51,1
DA:52,1
DA:53,24
DA:55,24
DA:56,17
DA:57,17
DA:58,17
DA:59,17
DA:60,17
DA:61,13
DA:63,13
DA:64,17
DA:65,13
DA:66,14
DA:67,14
DA:68,14
DA:69,14
DA:70,14
DA:71,13
DA:72,13
DA:73,9
DA:74,9
DA:75,9
DA:78,17
DA:79,6
DA:81,9
DA:82,9
DA:83,17
DA:84,9
DA:85,17
DA:86,17
DA:88,1
DA:89,17
DA:90,17
DA:91,17
DA:92,24
DA:94,24
DA:95,24
LF:53
LH:53
BRDA:28,0,0,24
BRDA:37,1,0,22
BRDA:48,2,0,16
BRDA:49,3,0,12
BRDA:49,4,0,1
BRDA:55,5,0,17
BRDA:57,6,0,17
BRDA:59,7,0,16
BRDA:60,8,0,16
BRDA:60,9,0,3
BRDA:60,10,0,13
BRDA:64,11,0,10
BRDA:64,12,0,0
BRDA:64,13,0,13
BRDA:72,14,0,4
BRDA:72,15,0,9
BRDA:75,16,0,0
BRDA:75,17,0,16
BRDA:75,18,0,9
BRDA:78,19,0,4
BRDA:78,20,0,3
BRDA:78,21,0,10
BRDA:78,22,0,6
BRDA:79,23,0,9
BRDA:83,24,0,1
BRDA:83,25,0,9
BRDA:85,26,0,0
BRDA:86,27,0,1
BRDA:65,28,0,14
BRDA:66,29,0,0
BRDA:67,30,0,1
BRDA:67,31,0,13
BRDA:68,32,0,2
BRDA:68,33,0,11
BRDA:69,34,0,0
BRDA:70,35,0,11
BRDA:73,36,0,1
BRDA:91,37,0,17
BRF:38
BRH:33
end_of_record
TN:
SF:src/components/CritterCoachmark.jsx
FN:34,CritterCoachmark
FNF:1
FNH:1
FNDA:88,CritterCoachmark
DA:1,1
DA:34,88
DA:35,88
DA:36,88
DA:37,88
DA:38,88
DA:39,88
DA:40,88
DA:41,88
DA:44,88
DA:45,61
DA:46,9
DA:47,9
DA:48,9
DA:49,9
DA:50,9
DA:51,2
DA:52,2
DA:53,2
DA:54,9
DA:55,88
DA:57,88
DA:59,9
DA:60,9
DA:61,9
DA:62,9
DA:63,9
DA:64,9
DA:65,9
DA:66,9
DA:67,9
DA:68,9
DA:69,9
DA:70,9
DA:71,9
DA:72,9
DA:73,9
DA:74,9
DA:76,9
DA:77,9
DA:79,9
LF:41
LH:41
BRDA:34,0,0,88
BRDA:57,1,0,79
BRDA:57,2,0,9
BRDA:44,3,0,61
BRDA:45,4,0,52
BRDA:45,5,0,9
BRDA:47,6,0,9
BRDA:48,7,0,0
BRDA:49,8,0,0
BRDA:50,9,0,2
BRDA:50,10,0,2
BRF:11
BRH:9
end_of_record
TN:
SF:src/components/CritterFactsPopover.jsx
FN:14,CritterFactsPopover
FNF:1
FNH:0
FNDA:0,CritterFactsPopover
DA:1,1
DA:4,1
DA:5,0
DA:12,1
DA:14,0
DA:15,0
DA:16,0
DA:18,0
DA:19,0
DA:20,0
DA:21,0
DA:22,0
DA:23,0
DA:25,0
DA:26,0
DA:27,0
DA:28,0
DA:29,0
DA:30,0
DA:31,0
DA:32,0
DA:33,0
DA:35,0
DA:36,0
DA:37,0
DA:38,0
DA:39,0
DA:40,0
DA:41,0
DA:42,0
DA:43,0
DA:45,0
DA:46,0
DA:47,0
DA:48,0
DA:49,0
DA:50,0
DA:51,0
DA:52,0
DA:53,0
DA:54,0
DA:55,0
DA:56,0
DA:57,0
DA:58,0
DA:59,0
DA:60,0
DA:61,0
DA:62,0
DA:64,0
DA:65,0
DA:66,0
DA:68,0
DA:69,0
DA:70,0
DA:71,0
DA:72,0
DA:73,0
DA:75,0
DA:76,0
DA:77,0
DA:78,0
DA:79,0
DA:80,0
DA:81,0
DA:82,0
DA:83,0
DA:85,0
DA:86,0
DA:87,0
DA:88,0
DA:89,0
DA:90,0
DA:91,0
DA:92,0
DA:93,0
DA:94,0
DA:95,0
DA:96,0
DA:97,0
DA:98,0
DA:99,0
DA:100,0
DA:102,0
DA:103,0
DA:104,0
DA:105,0
DA:107,0
DA:108,0
DA:109,0
DA:110,0
DA:112,0
DA:118,0
DA:119,0
DA:121,0
LF:95
LH:3
BRDA:4,0,0,0
BRF:1
BRH:0
end_of_record
TN:
SF:src/components/CritterImage.jsx
FN:1,(empty-report)
FNF:1
FNH:0
FNDA:0,(empty-report)
DA:1,0
DA:30,0
DA:32,0
DA:33,0
DA:34,0
DA:35,0
DA:36,0
DA:37,0
DA:38,0
DA:39,0
DA:40,0
DA:41,0
DA:43,0
DA:45,0
DA:46,0
DA:47,0
DA:48,0
DA:49,0
DA:50,0
DA:51,0
DA:52,0
DA:54,0
DA:56,0
DA:57,0
DA:59,0
DA:61,0
DA:62,0
DA:65,0
DA:66,0
DA:67,0
DA:68,0
DA:69,0
DA:70,0
DA:71,0
DA:72,0
DA:73,0
DA:75,0
DA:76,0
DA:77,0
DA:78,0
DA:79,0
DA:80,0
DA:81,0
DA:82,0
DA:83,0
DA:84,0
DA:85,0
DA:86,0
DA:87,0
DA:88,0
DA:89,0
DA:90,0
DA:91,0
DA:92,0
DA:93,0
DA:95,0
DA:97,0
DA:98,0
DA:99,0
DA:100,0
DA:101,0
DA:102,0
DA:103,0
DA:104,0
DA:105,0
DA:106,0
DA:107,0
DA:108,0
DA:110,0
DA:114,0
DA:115,0
DA:116,0
DA:117,0
DA:118,0
DA:119,0
DA:120,0
DA:121,0
DA:122,0
DA:124,0
DA:125,0
DA:126,0
DA:127,0
DA:128,0
DA:129,0
DA:130,0
DA:131,0
DA:132,0
DA:133,0
DA:134,0
DA:135,0
DA:136,0
DA:138,0
DA:139,0
DA:140,0
DA:141,0
DA:142,0
DA:143,0
DA:144,0
DA:145,0
DA:146,0
DA:147,0
DA:148,0
LF:102
LH:0
BRDA:1,0,0,0
BRF:1
BRH:0
end_of_record
TN:
SF:src/components/CritterOfDay.jsx
FN:22,resolveStored
FN:29,firstFact
FN:42,CritterOfDay
FNF:3
FNH:3
FNDA:2,resolveStored
FNDA:6,firstFact
FNDA:6,CritterOfDay
DA:1,1
DA:18,1
DA:22,2
DA:23,2
DA:24,2
DA:25,2
DA:26,1
DA:27,1
DA:29,6
DA:30,6
DA:31,6
DA:32,6
DA:33,6
DA:34,6
DA:35,6
DA:36,6
DA:37,6
DA:38,6
DA:39,6
DA:40,6
DA:42,6
DA:43,6
DA:44,6
DA:45,6
DA:46,6
DA:48,6
DA:49,5
DA:50,5
DA:51,5
DA:52,5
DA:53,5
DA:54,5
DA:55,5
DA:56,5
DA:57,2
DA:58,2
DA:60,2
DA:61,2
DA:63,1
DA:64,5
DA:65,5
DA:66,6
DA:68,6
DA:69,6
DA:70,6
DA:72,6
DA:73,6
DA:74,6
DA:75,6
DA:76,6
DA:77,6
DA:78,6
DA:79,6
DA:80,6
DA:81,6
DA:82,6
DA:83,6
DA:84,6
DA:85,6
DA:86,6
DA:87,6
DA:88,6
DA:89,6
DA:90,6
DA:91,6
DA:92,6
DA:93,6
DA:94,0
DA:95,0
DA:96,0
DA:97,0
DA:99,6
DA:100,6
DA:101,6
DA:102,6
DA:103,6
DA:105,6
LF:77
LH:73
BRDA:18,0,0,672
BRDA:22,1,0,2
BRDA:23,2,0,0
BRDA:24,3,0,0
BRDA:25,4,0,1
BRDA:25,5,0,0
BRDA:29,6,0,6
BRDA:31,7,0,0
BRDA:32,8,0,0
BRDA:33,9,0,0
BRDA:35,10,0,0
BRDA:36,11,0,0
BRDA:37,12,0,0
BRDA:42,13,0,6
BRDA:68,14,0,0
BRDA:69,15,0,0
BRDA:84,16,0,0
BRDA:93,17,0,0
BRDA:99,18,0,1
BRDA:99,19,0,5
BRDA:100,20,0,1
BRDA:100,21,0,5
BRDA:45,22,0,5
BRDA:48,23,0,5
BRDA:49,24,0,0
BRDA:53,25,0,5
BRDA:55,26,0,2
BRDA:55,27,0,3
BRDA:56,28,0,2
BRDA:58,29,0,1
BRDA:61,30,0,1
BRDA:65,31,0,5
BRF:32
BRH:18
end_of_record
TN:
SF:src/components/CritterOptInPrompt.jsx
FN:36,CritterOptInPrompt
FNF:1
FNH:1
FNDA:87,CritterOptInPrompt
DA:1,1
DA:36,87
DA:37,87
DA:38,87
DA:39,87
DA:40,87
DA:41,87
DA:43,87
DA:44,60
DA:45,6
DA:46,6
DA:48,6
DA:49,2
DA:50,2
DA:51,6
DA:52,87
DA:54,87
DA:56,6
DA:57,6
DA:58,6
DA:59,6
DA:60,6
DA:61,6
DA:62,6
DA:63,6
DA:64,87
DA:65,87
DA:66,87
DA:67,87
DA:68,87
DA:69,87
DA:70,87
DA:71,87
DA:73,87
DA:74,87
DA:76,87
LF:36
LH:36
BRDA:36,0,0,87
BRDA:54,1,0,81
BRDA:54,2,0,8
BRDA:54,3,0,6
BRDA:64,4,0,0
BRDA:43,5,0,60
BRDA:44,6,0,54
BRDA:44,7,0,6
BRDA:46,8,0,6
BRDA:48,9,0,2
BRF:10
BRH:9
end_of_record
TN:
SF:src/components/CritterSprite.jsx
FN:36,detectReducedMotion
FN:41,CritterSprite
FN:163,onContextMenu
FNF:3
FNH:1
FNDA:0,detectReducedMotion
FNDA:16,CritterSprite
FNDA:0,onContextMenu
DA:1,1
DA:31,1
DA:32,1
DA:33,1
DA:34,1
DA:36,0
DA:37,0
DA:38,0
DA:39,0
DA:41,16
DA:42,16
DA:43,16
DA:44,16
DA:45,16
DA:46,16
DA:47,16
DA:48,16
DA:49,16
DA:50,16
DA:51,16
DA:52,16
DA:53,16
DA:54,16
DA:55,16
DA:56,16
DA:57,16
DA:58,16
DA:60,16
DA:63,16
DA:64,13
DA:65,3
DA:66,3
DA:67,3
DA:68,16
DA:71,16
DA:72,13
DA:73,13
DA:74,0
DA:75,0
DA:76,16
DA:81,16
DA:82,10
DA:83,0
DA:84,0
DA:85,0
DA:86,10
DA:87,16
DA:90,16
DA:91,2
DA:92,2
DA:93,1
DA:94,1
DA:95,2
DA:96,16
DA:98,16
DA:99,1
DA:100,1
DA:101,1
DA:102,1
DA:104,1
DA:105,0
DA:106,0
DA:107,0
DA:108,16
DA:110,16
DA:111,0
DA:112,0
DA:113,0
DA:114,0
DA:115,16
DA:117,16
DA:118,10
DA:119,16
DA:121,16
DA:123,15
DA:124,16
DA:127,16
DA:128,16
DA:131,16
DA:132,14
DA:133,0
DA:134,0
DA:135,0
DA:139,16
DA:140,0
DA:141,14
DA:143,16
DA:144,0
DA:145,14
DA:147,16
DA:149,16
DA:150,16
DA:151,16
DA:152,16
DA:153,16
DA:154,16
DA:155,16
DA:156,16
DA:157,16
DA:158,16
DA:159,16
DA:160,16
DA:161,16
DA:162,16
DA:163,16
DA:164,16
DA:165,16
DA:166,16
DA:167,16
DA:168,16
DA:169,16
DA:170,16
DA:171,16
DA:172,16
DA:173,16
DA:174,16
DA:175,16
DA:176,16
DA:178,16
DA:179,16
DA:180,16
DA:181,16
DA:182,16
DA:183,16
DA:184,16
DA:186,16
LF:126
LH:105
BRDA:41,0,0,16
BRDA:53,1,0,15
BRDA:87,2,0,15
BRDA:121,3,0,15
BRDA:121,4,0,1
BRDA:121,5,0,15
BRDA:124,6,0,1
BRDA:124,7,0,14
BRDA:127,8,0,0
BRDA:128,9,0,14
BRDA:131,10,0,14
BRDA:132,11,0,0
BRDA:139,12,0,6
BRDA:139,13,0,0
BRDA:139,14,0,0
BRDA:140,15,0,14
BRDA:143,16,0,0
BRDA:144,17,0,14
BRDA:156,18,0,0
BRDA:157,19,0,14
BRDA:157,20,0,0
BRDA:158,21,0,6
BRDA:158,22,0,8
BRDA:168,23,0,1
BRDA:168,24,0,13
BRDA:50,25,0,10
BRDA:50,26,0,0
BRDA:63,27,0,13
BRDA:64,28,0,3
BRDA:64,29,0,3
BRDA:64,30,0,3
BRDA:66,31,0,1
BRDA:71,32,0,13
BRDA:72,33,0,0
BRDA:73,34,0,0
BRDA:81,35,0,10
BRDA:82,36,0,9
BRDA:82,37,0,0
BRDA:82,38,0,0
BRDA:90,39,0,2
BRDA:92,40,0,1
BRDA:98,41,0,1
BRDA:104,42,0,0
BRDA:117,43,0,10
BRDA:117,44,0,10
BRDA:118,45,0,1
BRF:46
BRH:33
end_of_record
TN:
SF:src/components/ErrorBoundary.jsx
FN:4,ErrorBoundary
FN:9,getDerivedStateFromError
FN:10,componentDidCatch
FN:14,retry
FN:15,render
FNF:5
FNH:5
FNDA:49,ErrorBoundary
FNDA:14,getDerivedStateFromError
FNDA:7,componentDidCatch
FNDA:1,retry
FNDA:102,render
DA:1,1
DA:3,1
DA:4,1
DA:5,49
DA:6,49
DA:7,49
DA:8,49
DA:9,1
DA:10,1
DA:11,7
DA:12,7
DA:13,7
DA:14,1
DA:15,1
DA:16,102
DA:17,15
DA:18,27
DA:19,22
DA:20,2
DA:21,102
DA:22,1
LF:21
LH:21
BRDA:4,0,0,49
BRDA:9,1,0,14
BRDA:10,2,0,7
BRDA:11,3,0,0
BRDA:14,4,0,1
BRDA:15,5,0,102
BRDA:16,6,0,87
BRDA:16,7,0,27
BRDA:16,8,0,15
BRDA:18,9,0,9
BRDA:18,10,0,22
BRDA:18,11,0,6
BRDA:19,12,0,4
BRDA:19,13,0,2
BRF:14
BRH:13
end_of_record
TN:
SF:src/components/FacebookShareSheet.jsx
FN:13,FacebookShareSheet
FN:29,handlePost
FN:35,addHashtag
FN:51,onClick
FN:58,onClick
FN:91,onChange
FN:103,onClick
FN:119,Success
FN:142,Blocked
FNF:9
FNH:6
FNDA:77,FacebookShareSheet
FNDA:2,handlePost
FNDA:1,addHashtag
FNDA:3,onClick
FNDA:0,onClick
FNDA:0,onChange
FNDA:0,onClick
FNDA:1,Success
FNDA:1,Blocked
DA:1,1
DA:10,1
DA:11,1
DA:13,77
DA:14,77
DA:15,77
DA:18,77
DA:19,18
DA:20,77
DA:22,77
DA:24,10
DA:25,10
DA:26,10
DA:27,10
DA:29,10
DA:30,2
DA:31,2
DA:32,1
DA:33,2
DA:34,2
DA:35,10
DA:36,1
DA:37,1
DA:39,10
DA:40,10
DA:41,10
DA:42,10
DA:43,10
DA:44,10
DA:45,10
DA:46,10
DA:47,10
DA:49,10
DA:50,10
DA:51,10
DA:52,10
DA:54,10
DA:55,10
DA:57,10
DA:58,10
DA:59,77
DA:60,77
DA:62,77
DA:63,2
DA:64,8
DA:65,2
DA:67,6
DA:68,6
DA:69,6
DA:70,6
DA:73,6
DA:74,6
DA:75,12
DA:76,12
DA:77,12
DA:78,6
DA:79,6
DA:82,6
DA:83,6
DA:84,6
DA:85,6
DA:86,6
DA:87,6
DA:88,6
DA:89,6
DA:90,6
DA:91,6
DA:92,6
DA:93,6
DA:94,6
DA:96,6
DA:97,0
DA:98,0
DA:99,0
DA:102,6
DA:103,6
DA:104,6
DA:106,6
DA:107,6
DA:108,6
DA:109,6
DA:110,6
DA:111,6
DA:112,6
DA:114,77
DA:115,77
DA:117,77
DA:119,1
DA:120,1
DA:121,1
DA:122,1
DA:123,1
DA:124,1
DA:125,1
DA:126,1
DA:127,1
DA:128,1
DA:129,1
DA:131,1
DA:133,1
DA:134,1
DA:136,1
DA:137,1
DA:138,1
DA:140,1
DA:142,1
DA:143,1
DA:144,1
DA:145,1
DA:146,1
DA:147,1
DA:148,1
DA:149,1
DA:150,1
DA:151,1
DA:152,1
DA:153,1
DA:154,1
DA:156,1
DA:157,1
DA:159,1
LF:121
LH:118
BRDA:13,0,0,77
BRDA:22,1,0,67
BRDA:22,2,0,10
BRDA:59,3,0,0
BRDA:62,4,0,2
BRDA:63,5,0,8
BRDA:64,6,0,6
BRDA:64,7,0,6
BRDA:64,8,0,2
BRDA:65,9,0,6
BRDA:69,10,0,0
BRDA:96,11,0,0
BRDA:104,12,0,0
BRDA:108,13,0,0
BRDA:108,14,0,0
BRDA:109,15,0,0
BRDA:109,16,0,0
BRDA:109,17,0,0
BRDA:18,18,0,18
BRDA:19,19,0,4
BRDA:29,20,0,2
BRDA:31,21,0,1
BRDA:33,22,0,1
BRDA:31,23,0,4
BRDA:35,24,0,1
BRDA:36,25,0,1
BRDA:36,26,0,0
BRDA:36,27,0,0
BRDA:51,28,0,3
BRDA:51,29,0,0
BRDA:51,30,0,0
BRDA:74,31,0,12
BRDA:76,32,0,6
BRDA:119,33,0,1
BRDA:120,34,0,0
BRDA:142,35,0,1
BRDA:152,36,0,0
BRF:37
BRH:22
end_of_record
TN:
SF:src/components/FavoriteToggle.jsx
FN:11,FavoriteToggle
FN:18,toggle
FNF:2
FNH:2
FNDA:23,FavoriteToggle
FNDA:2,toggle
DA:1,1
DA:11,23
DA:12,23
DA:13,23
DA:14,23
DA:15,23
DA:16,23
DA:18,23
DA:19,2
DA:20,2
DA:21,2
DA:22,2
DA:23,2
DA:24,2
DA:25,2
DA:26,2
DA:27,1
DA:28,1
DA:29,1
DA:30,1
DA:31,2
DA:32,0
DA:33,2
DA:34,2
DA:35,2
DA:36,2
DA:38,23
DA:40,22
DA:41,22
DA:42,22
DA:43,22
DA:44,22
DA:45,22
DA:46,22
DA:47,22
DA:48,22
DA:49,23
DA:50,23
DA:51,23
DA:52,23
DA:53,23
DA:54,23
DA:55,23
DA:56,23
DA:57,23
DA:58,23
DA:60,23
DA:61,23
DA:63,23
LF:49
LH:48
BRDA:11,0,0,23
BRDA:38,1,0,1
BRDA:38,2,0,22
BRDA:49,3,0,0
BRDA:49,4,0,22
BRDA:52,5,0,0
BRDA:52,6,0,22
BRDA:57,7,0,4
BRDA:57,8,0,18
BRDA:60,9,0,4
BRDA:60,10,0,18
BRDA:18,11,0,2
BRDA:21,12,0,0
BRDA:26,13,0,1
BRDA:31,14,0,0
BRF:15
BRH:11
end_of_record
TN:
SF:src/components/Footer.jsx
FN:1,(empty-report)
FNF:1
FNH:0
FNDA:0,(empty-report)
DA:1,0
DA:8,0
DA:14,0
DA:15,0
DA:16,0
DA:19,0
DA:20,0
DA:21,0
DA:22,0
DA:23,0
DA:24,0
DA:25,0
DA:26,0
DA:27,0
DA:28,0
DA:29,0
DA:30,0
DA:31,0
DA:32,0
DA:33,0
DA:34,0
DA:35,0
DA:36,0
DA:38,0
DA:47,0
DA:48,0
DA:49,0
DA:50,0
DA:51,0
DA:52,0
DA:53,0
DA:54,0
DA:55,0
DA:56,0
DA:57,0
DA:58,0
DA:60,0
DA:62,0
DA:63,0
DA:64,0
LF:40
LH:0
BRDA:1,0,0,0
BRF:1
BRH:0
end_of_record
TN:
SF:src/components/GardenArrival.jsx
FN:38,GardenSprite
FN:78,GardenArrival
FNF:2
FNH:0
FNDA:0,GardenSprite
FNDA:0,GardenArrival
DA:1,1
DA:18,1
DA:19,1
DA:20,1
DA:21,1
DA:24,1
DA:25,1
DA:26,1
DA:27,1
DA:28,1
DA:29,1
DA:30,1
DA:31,1
DA:32,1
DA:33,1
DA:34,1
DA:38,0
DA:39,0
DA:40,0
DA:41,0
DA:42,0
DA:43,0
DA:44,0
DA:45,0
DA:46,0
DA:47,0
DA:48,0
DA:49,0
DA:50,0
DA:51,0
DA:52,0
DA:53,0
DA:54,0
DA:56,0
DA:58,1
DA:78,0
DA:79,0
DA:80,0
DA:81,0
DA:82,0
DA:83,0
DA:84,0
DA:85,0
DA:86,0
DA:87,0
DA:88,0
DA:89,0
DA:90,0
DA:91,0
DA:92,0
DA:93,0
DA:94,0
DA:95,0
DA:96,0
DA:97,0
DA:98,0
DA:99,0
DA:100,0
DA:101,0
DA:102,0
DA:103,0
DA:105,0
LF:62
LH:17
BRF:0
BRH:0
end_of_record
TN:
SF:src/components/HarvestReadyBand.jsx
FN:25,HarvestReadyBand
FN:44,onVis
FN:79,onClick
FNF:3
FNH:2
FNDA:34,HarvestReadyBand
FNDA:0,onVis
FNDA:1,onClick
DA:1,1
DA:23,1
DA:25,34
DA:26,34
DA:27,34
DA:28,34
DA:29,34
DA:30,34
DA:32,34
DA:33,17
DA:34,17
DA:35,17
DA:36,17
DA:37,17
DA:38,17
DA:39,34
DA:41,34
DA:43,34
DA:44,17
DA:45,17
DA:46,17
DA:47,17
DA:48,34
DA:51,34
DA:54,34
DA:56,4
DA:57,4
DA:59,4
DA:60,4
DA:61,4
DA:62,4
DA:63,4
DA:64,4
DA:65,4
DA:67,4
DA:68,4
DA:70,4
DA:71,4
DA:72,4
DA:74,4
DA:75,4
DA:76,6
DA:77,6
DA:78,6
DA:79,6
DA:80,6
DA:81,6
DA:82,6
DA:83,6
DA:84,6
DA:86,6
DA:87,6
DA:88,6
DA:89,6
DA:90,6
DA:91,6
DA:92,6
DA:93,6
DA:94,6
DA:95,6
DA:96,6
DA:98,6
DA:99,6
DA:100,6
DA:101,4
DA:102,4
DA:104,4
DA:105,0
DA:106,0
DA:107,0
DA:109,34
DA:111,34
LF:72
LH:69
BRDA:25,0,0,34
BRDA:51,1,0,7
BRDA:51,2,0,26
BRDA:54,3,0,29
BRDA:54,4,0,15
BRDA:54,5,0,4
BRDA:104,6,0,0
BRDA:32,7,0,17
BRDA:33,8,0,0
BRDA:36,9,0,16
BRDA:36,10,0,7
BRDA:36,11,0,9
BRDA:37,12,0,1
BRDA:38,13,0,17
BRDA:41,14,0,17
BRDA:43,15,0,17
BRDA:47,16,0,17
BRDA:75,17,0,6
BRDA:89,18,0,0
BRDA:89,19,0,0
BRDA:79,20,0,1
BRF:21
BRH:17
end_of_record
TN:
SF:src/components/HarvestReadyTile.jsx
FN:12,observedLabel
FN:25,severityDotColor
FN:32,SeverityDot
FN:54,tileCardStyle
FN:71,HarvestReadyTile
FN:104,goToLog
FN:119,onClick
FNF:7
FNH:7
FNDA:15,observedLabel
FNDA:15,severityDotColor
FNDA:15,SeverityDot
FNDA:14,tileCardStyle
FNDA:15,HarvestReadyTile
FNDA:3,goToLog
FNDA:3,onClick
DA:1,1
DA:12,15
DA:13,15
DA:14,15
DA:15,15
DA:16,4
DA:17,4
DA:25,15
DA:26,15
DA:27,15
DA:28,15
DA:29,10
DA:30,10
DA:32,15
DA:33,15
DA:34,15
DA:35,3
DA:36,3
DA:37,3
DA:38,3
DA:39,3
DA:40,3
DA:41,3
DA:42,3
DA:43,3
DA:44,3
DA:45,3
DA:46,3
DA:47,3
DA:48,3
DA:49,3
DA:51,3
DA:54,14
DA:55,14
DA:56,14
DA:57,14
DA:58,14
DA:59,14
DA:60,14
DA:61,14
DA:62,14
DA:64,1
DA:65,1
DA:66,1
DA:67,1
DA:68,1
DA:69,1
DA:71,15
DA:72,15
DA:79,15
DA:80,1
DA:81,1
DA:82,1
DA:83,1
DA:84,1
DA:86,1
DA:88,1
DA:91,15
DA:92,1
DA:93,1
DA:94,1
DA:95,1
DA:96,1
DA:98,1
DA:99,1
DA:100,1
DA:102,1
DA:104,13
DA:105,3
DA:106,3
DA:109,13
DA:110,13
DA:111,13
DA:112,13
DA:113,13
DA:114,13
DA:115,13
DA:116,15
DA:117,15
DA:118,15
DA:119,15
DA:120,15
DA:121,15
DA:122,15
DA:123,15
DA:124,15
DA:125,15
DA:126,15
DA:127,15
DA:128,15
DA:129,15
DA:130,15
DA:131,15
DA:132,15
DA:133,15
DA:134,15
DA:136,15
DA:137,15
DA:138,15
DA:139,15
DA:140,15
DA:141,15
DA:142,15
DA:143,15
DA:144,15
DA:145,15
DA:147,15
DA:148,15
DA:149,15
DA:150,15
DA:151,15
DA:152,15
DA:153,15
DA:154,15
DA:155,15
DA:156,15
DA:158,15
DA:159,15
DA:160,15
DA:161,15
DA:162,15
DA:163,15
DA:164,15
DA:165,15
DA:166,15
DA:167,15
DA:168,15
DA:169,15
DA:170,15
DA:172,15
DA:173,15
DA:174,13
DA:175,13
DA:176,13
DA:178,13
LF:135
LH:135
BRDA:12,0,0,15
BRDA:13,1,0,2
BRDA:13,2,0,13
BRDA:14,3,0,1
BRDA:14,4,0,12
BRDA:15,5,0,8
BRDA:15,6,0,4
BRDA:25,7,0,15
BRDA:26,8,0,2
BRDA:26,9,0,13
BRDA:27,10,0,1
BRDA:27,11,0,12
BRDA:28,12,0,2
BRDA:28,13,0,10
BRDA:32,14,0,15
BRDA:34,15,0,12
BRDA:34,16,0,3
BRDA:54,17,0,14
BRDA:71,18,0,15
BRDA:79,19,0,1
BRDA:88,20,0,14
BRDA:91,21,0,1
BRDA:102,22,0,13
BRDA:104,23,0,3
BRDA:115,24,0,15
BRDA:131,25,0,2
BRDA:131,26,0,13
BRDA:119,27,0,3
BRF:28
BRH:28
end_of_record
TN:
SF:src/components/HeadsUpTile.jsx
FN:33,daysAgoPhrase
FN:41,secondaryLine
FN:48,HeadsUpTile
FN:91,goToRow
FN:120,onClick
FNF:5
FNH:5
FNDA:10,daysAgoPhrase
FNDA:11,secondaryLine
FNDA:11,HeadsUpTile
FNDA:2,goToRow
FNDA:2,onClick
DA:1,1
DA:33,10
DA:34,10
DA:35,10
DA:36,10
DA:37,8
DA:38,8
DA:41,11
DA:43,11
DA:44,10
DA:45,11
DA:46,11
DA:48,11
DA:52,11
DA:55,11
DA:56,1
DA:57,1
DA:59,1
DA:61,1
DA:64,11
DA:65,3
DA:66,3
DA:67,3
DA:68,3
DA:69,3
DA:70,3
DA:71,3
DA:72,3
DA:73,3
DA:74,3
DA:75,3
DA:76,3
DA:77,3
DA:78,3
DA:80,3
DA:81,3
DA:83,3
DA:84,3
DA:85,3
DA:86,3
DA:88,3
DA:91,7
DA:96,2
DA:97,2
DA:99,7
DA:100,7
DA:101,7
DA:102,7
DA:103,7
DA:104,7
DA:105,7
DA:106,7
DA:107,7
DA:108,7
DA:109,7
DA:110,7
DA:111,7
DA:112,7
DA:114,7
DA:115,7
DA:116,7
DA:117,11
DA:118,11
DA:119,11
DA:120,11
DA:121,11
DA:122,11
DA:123,11
DA:124,11
DA:125,11
DA:126,11
DA:127,11
DA:128,11
DA:129,11
DA:130,11
DA:131,11
DA:132,11
DA:133,11
DA:135,11
DA:136,11
DA:137,11
DA:138,11
DA:139,11
DA:140,11
DA:141,11
DA:142,11
DA:143,11
DA:144,11
DA:145,11
DA:146,11
DA:147,11
DA:148,11
DA:149,11
DA:150,11
DA:151,11
DA:152,11
DA:153,11
DA:154,11
DA:156,11
DA:157,11
DA:158,7
DA:159,7
DA:160,7
DA:162,7
LF:104
LH:104
BRDA:33,0,0,10
BRDA:34,1,0,0
BRDA:35,2,0,1
BRDA:35,3,0,9
BRDA:36,4,0,1
BRDA:36,5,0,8
BRDA:41,6,0,11
BRDA:43,7,0,1
BRDA:43,8,0,10
BRDA:45,9,0,0
BRDA:48,10,0,11
BRDA:55,11,0,1
BRDA:61,12,0,10
BRDA:64,13,0,3
BRDA:83,14,0,1
BRDA:83,15,0,2
BRDA:88,16,0,7
BRDA:91,17,0,2
BRDA:96,18,0,1
BRDA:96,19,0,1
BRDA:116,20,0,11
BRDA:131,21,0,4
BRDA:131,22,0,7
BRDA:120,23,0,2
BRF:24
BRH:22
end_of_record
TN:
SF:src/components/Icon.jsx
FN:18,applyRegionColor
FN:29,Icon
FNF:2
FNH:2
FNDA:356,applyRegionColor
FNDA:5668,Icon
DA:1,1
DA:18,356
DA:19,356
DA:20,356
DA:21,356
DA:22,847
DA:23,847
DA:24,847
DA:25,847
DA:26,356
DA:27,356
DA:29,5668
DA:30,5668
DA:31,5668
DA:32,5668
DA:34,5668
DA:35,5668
DA:36,5668
DA:37,5668
DA:38,5668
DA:39,5668
DA:40,5668
DA:41,5668
DA:42,5668
DA:43,5668
DA:44,5668
DA:45,5668
DA:47,5668
LF:28
LH:28
BRDA:18,0,0,356
BRDA:19,1,0,0
BRDA:21,2,0,847
BRDA:23,3,0,0
BRDA:29,4,0,5668
BRDA:31,5,0,2
BRDA:31,6,0,2
BRDA:31,7,0,2
BRDA:31,8,0,5666
BRDA:32,9,0,4255
BRDA:32,10,0,1413
BRDA:32,11,0,0
BRDA:34,12,0,5667
BRDA:34,13,0,357
BRDA:35,14,0,356
BRDA:36,15,0,154
BRDA:36,16,0,5514
BRDA:36,17,0,576
BRDA:36,18,0,4938
BRDA:36,19,0,1919
BRDA:36,20,0,3019
BRDA:38,21,0,5589
BRDA:38,22,0,79
BRDA:39,23,0,5667
BRDA:40,24,0,2
BRDA:40,25,0,2
BRDA:40,26,0,5666
BRF:27
BRH:24
end_of_record
TN:
SF:src/components/Lightbox.jsx
FN:31,clampScale
FN:41,clampPan
FN:57,nextIndex
FN:70,pinchScale
FN:79,pointerDistance
FN:88,prefersReducedMotion
FN:111,Lightbox
FN:183,onKey
FN:328,onClick
FN:347,onClick
FN:357,onClick
FN:381,onClick
FN:414,onClick
FN:417,onClick
FN:420,onClick
FN:423,onClick
FN:432,onClick
FN:448,onClick
FN:468,onDoubleClick
FN:544,onClick
FNF:20
FNH:16
FNDA:49,clampScale
FNDA:17,clampPan
FNDA:12,nextIndex
FNDA:8,pinchScale
FNDA:3,pointerDistance
FNDA:281,prefersReducedMotion
FNDA:281,Lightbox
FNDA:3,onKey
FNDA:16,onClick
FNDA:1,onClick
FNDA:8,onClick
FNDA:1,onClick
FNDA:0,onClick
FNDA:0,onClick
FNDA:0,onClick
FNDA:0,onClick
FNDA:1,onClick
FNDA:2,onClick
FNDA:2,onDoubleClick
FNDA:1,onClick
DA:1,1
DA:27,1
DA:28,1
DA:31,1
DA:32,49
DA:33,49
DA:34,49
DA:35,41
DA:36,41
DA:41,1
DA:42,17
DA:43,17
DA:44,17
DA:45,17
DA:46,17
DA:47,17
DA:48,17
DA:49,17
DA:50,17
DA:51,17
DA:52,17
DA:53,17
DA:57,1
DA:58,12
DA:59,12
DA:60,12
DA:61,12
DA:62,12
DA:63,12
DA:64,12
DA:65,9
DA:66,9
DA:70,1
DA:71,8
DA:72,8
DA:73,3
DA:74,3
DA:75,5
DA:76,5
DA:79,1
DA:80,3
DA:81,3
DA:82,3
DA:83,3
DA:84,3
DA:88,281
DA:89,281
DA:90,2
DA:91,2
DA:92,62
DA:93,0
DA:94,0
DA:95,281
DA:97,1
DA:98,1
DA:99,1
DA:100,1
DA:102,1
DA:103,1
DA:104,1
DA:105,1
DA:106,1
DA:107,1
DA:108,1
DA:109,1
DA:111,281
DA:112,281
DA:113,281
DA:114,281
DA:115,281
DA:116,281
DA:117,281
DA:118,281
DA:119,281
DA:120,281
DA:121,281
DA:122,281
DA:125,281
DA:126,281
DA:127,218
DA:128,63
DA:131,281
DA:132,281
DA:134,281
DA:136,281
DA:137,281
DA:138,281
DA:139,281
DA:140,281
DA:141,281
DA:142,281
DA:143,281
DA:145,281
DA:146,281
DA:149,281
DA:150,84
DA:151,84
DA:152,84
DA:153,84
DA:154,84
DA:155,84
DA:156,281
DA:159,281
DA:160,81
DA:161,281
DA:163,281
DA:164,6
DA:165,6
DA:166,3
DA:167,281
DA:169,281
DA:170,5
DA:171,281
DA:173,281
DA:176,281
DA:177,212
DA:178,30
DA:179,30
DA:181,212
DA:183,212
DA:184,3
DA:185,3
DA:186,1
DA:188,0
DA:189,0
DA:190,0
DA:191,0
DA:192,0
DA:193,0
DA:194,0
DA:195,0
DA:196,0
DA:197,0
DA:198,0
DA:199,0
DA:200,3
DA:201,212
DA:202,212
DA:203,30
DA:204,30
DA:205,30
DA:206,30
DA:207,281
DA:210,281
DA:211,1
DA:212,1
DA:213,1
DA:214,1
DA:215,1
DA:216,1
DA:217,0
DA:218,1
DA:220,1
DA:221,1
DA:222,281
DA:224,281
DA:225,11
DA:226,11
DA:227,11
DA:228,281
DA:232,281
DA:233,0
DA:234,0
DA:235,0
DA:236,0
DA:237,0
DA:238,0
DA:239,0
DA:240,0
DA:241,0
DA:242,0
DA:243,0
DA:244,0
DA:245,0
DA:246,0
DA:247,0
DA:248,281
DA:250,281
DA:251,0
DA:252,0
DA:253,0
DA:256,0
DA:257,0
DA:258,0
DA:259,0
DA:260,0
DA:263,0
DA:264,0
DA:265,0
DA:266,0
DA:268,0
DA:271,0
DA:272,0
DA:274,0
DA:275,0
DA:276,0
DA:277,0
DA:278,0
DA:279,281
DA:281,281
DA:282,0
DA:283,0
DA:284,0
DA:285,0
DA:287,0
DA:289,0
DA:290,0
DA:291,0
DA:292,0
DA:294,0
DA:295,0
DA:296,0
DA:297,0
DA:298,0
DA:299,281
DA:301,281
DA:302,142
DA:303,142
DA:305,142
DA:306,281
DA:307,281
DA:308,281
DA:309,281
DA:310,281
DA:311,281
DA:314,281
DA:315,281
DA:317,281
DA:318,10
DA:319,55
DA:321,281
DA:322,281
DA:323,281
DA:324,281
DA:325,281
DA:326,281
DA:327,281
DA:328,281
DA:329,281
DA:330,281
DA:331,281
DA:332,281
DA:333,281
DA:334,281
DA:337,281
DA:338,281
DA:339,281
DA:340,281
DA:341,281
DA:342,281
DA:344,281
DA:345,281
DA:346,281
DA:347,281
DA:348,281
DA:349,281
DA:350,281
DA:351,281
DA:353,281
DA:354,281
DA:355,281
DA:356,281
DA:357,281
DA:358,281
DA:359,281
DA:360,281
DA:361,281
DA:362,281
DA:364,281
DA:366,281
DA:367,281
DA:368,281
DA:369,281
DA:370,281
DA:371,281
DA:372,281
DA:374,281
DA:375,281
DA:376,281
DA:377,281
DA:378,281
DA:379,4
DA:380,4
DA:381,4
DA:382,4
DA:383,4
DA:384,4
DA:385,4
DA:387,4
DA:388,4
DA:390,281
DA:391,281
DA:392,281
DA:393,281
DA:394,281
DA:395,281
DA:396,281
DA:398,281
DA:399,281
DA:400,281
DA:401,281
DA:404,281
DA:405,10
DA:406,10
DA:407,10
DA:408,10
DA:409,10
DA:410,10
DA:412,10
DA:413,10
DA:414,10
DA:415,10
DA:416,10
DA:417,10
DA:418,10
DA:419,10
DA:420,10
DA:421,10
DA:422,10
DA:423,10
DA:424,10
DA:425,10
DA:429,281
DA:430,17
DA:431,17
DA:432,17
DA:433,17
DA:434,17
DA:435,17
DA:436,17
DA:437,17
DA:438,17
DA:439,17
DA:441,17
DA:442,17
DA:445,281
DA:446,57
DA:447,57
DA:448,57
DA:449,57
DA:450,57
DA:451,57
DA:452,57
DA:453,57
DA:454,57
DA:455,57
DA:457,57
DA:458,57
DA:462,281
DA:463,281
DA:464,281
DA:465,281
DA:466,281
DA:467,281
DA:468,281
DA:470,2
DA:471,1
DA:472,1
DA:473,2
DA:474,1
DA:475,1
DA:476,1
DA:477,1
DA:478,2
DA:479,0
DA:480,0
DA:481,2
DA:482,281
DA:483,281
DA:484,281
DA:485,281
DA:486,281
DA:487,281
DA:489,281
DA:490,281
DA:491,281
DA:492,281
DA:493,281
DA:494,281
DA:495,281
DA:496,281
DA:497,281
DA:498,281
DA:499,281
DA:500,281
DA:501,281
DA:502,281
DA:503,281
DA:504,281
DA:505,281
DA:506,281
DA:507,281
DA:508,281
DA:511,281
DA:512,63
DA:513,63
DA:514,63
DA:515,63
DA:516,63
DA:517,63
DA:518,63
DA:520,63
DA:521,63
DA:525,281
DA:526,281
DA:527,281
DA:528,281
DA:529,281
DA:530,281
DA:531,281
DA:532,281
DA:533,281
DA:534,281
DA:536,281
DA:537,183
DA:538,183
DA:539,183
DA:540,183
DA:541,183
DA:542,183
DA:543,183
DA:544,183
DA:545,183
DA:546,183
DA:547,183
DA:548,183
DA:549,183
DA:550,183
DA:552,183
DA:553,183
DA:554,183
DA:555,183
DA:556,183
DA:557,183
DA:558,183
DA:559,183
DA:560,281
DA:561,281
DA:562,281
DA:563,281
DA:564,281
DA:565,281
LF:442
LH:376
BRDA:31,0,0,49
BRDA:32,1,0,47
BRDA:32,2,0,5
BRDA:32,3,0,44
BRDA:33,4,0,2
BRDA:33,5,0,42
BRDA:34,6,0,1
BRDA:34,7,0,41
BRDA:41,8,0,17
BRDA:42,9,0,1
BRDA:44,10,0,1
BRDA:45,11,0,12
BRDA:46,12,0,12
BRDA:47,13,0,16
BRDA:47,14,0,1
BRDA:48,15,0,16
BRDA:48,16,0,1
BRDA:57,17,0,12
BRDA:58,18,0,11
BRDA:58,19,0,1
BRDA:59,20,0,1
BRDA:59,21,0,11
BRDA:60,22,0,10
BRDA:60,23,0,1
BRDA:61,24,0,6
BRDA:61,25,0,5
BRDA:61,26,0,4
BRDA:61,27,0,1
BRDA:63,28,0,1
BRDA:63,29,0,10
BRDA:64,30,0,1
BRDA:64,31,0,9
BRDA:70,32,0,8
BRDA:72,33,0,6
BRDA:72,34,0,6
BRDA:72,35,0,3
BRDA:74,36,0,5
BRDA:79,37,0,3
BRDA:80,38,0,2
BRDA:80,39,0,2
BRDA:80,40,0,1
BRDA:81,41,0,0
BRDA:82,42,0,1
BRDA:82,43,0,0
BRDA:88,44,0,281
BRDA:89,45,0,279
BRDA:89,46,0,62
BRDA:89,47,0,2
BRDA:92,48,0,0
BRDA:111,49,0,281
BRDA:120,50,0,280
BRDA:120,51,0,1
BRDA:126,52,0,218
BRDA:127,53,0,213
BRDA:127,54,0,63
BRDA:146,55,0,2
BRDA:146,56,0,279
BRDA:301,57,0,213
BRDA:301,58,0,142
BRDA:301,59,0,68
BRDA:302,60,0,3
BRDA:302,61,0,65
BRDA:303,62,0,0
BRDA:303,63,0,65
BRDA:305,64,0,0
BRDA:306,65,0,2
BRDA:306,66,0,0
BRDA:310,67,0,4
BRDA:311,68,0,4
BRDA:311,69,0,4
BRDA:314,70,0,0
BRDA:314,71,0,65
BRDA:317,72,0,10
BRDA:318,73,0,55
BRDA:351,74,0,55
BRDA:351,75,0,10
BRDA:361,76,0,1
BRDA:361,77,0,64
BRDA:378,78,0,4
BRDA:382,79,0,2
BRDA:382,80,0,2
BRDA:385,81,0,2
BRDA:385,82,0,2
BRDA:387,83,0,2
BRDA:387,84,0,2
BRDA:404,85,0,10
BRDA:429,86,0,17
BRDA:445,87,0,57
BRDA:490,88,0,59
BRDA:492,89,0,0
BRDA:501,90,0,65
BRDA:501,91,0,0
BRDA:501,92,0,65
BRDA:502,93,0,0
BRDA:502,94,0,65
BRDA:504,95,0,10
BRDA:504,96,0,55
BRDA:511,97,0,63
BRDA:533,98,0,0
BRDA:533,99,0,65
BRDA:149,100,0,84
BRDA:159,101,0,81
BRDA:160,102,0,22
BRDA:160,103,0,18
BRDA:163,104,0,6
BRDA:165,105,0,3
BRDA:169,106,0,5
BRDA:173,107,0,2
BRDA:176,108,0,212
BRDA:177,109,0,182
BRDA:177,110,0,74
BRDA:177,111,0,30
BRDA:178,112,0,0
BRDA:178,113,0,33
BRDA:178,114,0,30
BRDA:181,115,0,28
BRDA:183,116,0,3
BRDA:184,117,0,1
BRDA:184,118,0,2
BRDA:185,119,0,1
BRDA:186,120,0,0
BRDA:202,121,0,30
BRDA:210,122,0,1
BRDA:212,123,0,0
BRDA:216,124,0,0
BRDA:216,125,0,0
BRDA:216,126,0,0
BRDA:218,127,0,0
BRDA:220,128,0,0
BRDA:224,129,0,11
BRDA:227,130,0,11
BRDA:227,131,0,9
BRDA:328,132,0,16
BRDA:328,133,0,1
BRDA:347,134,0,1
BRDA:357,135,0,8
BRDA:381,136,0,1
BRDA:432,137,0,1
BRDA:448,138,0,2
BRDA:468,139,0,2
BRDA:470,140,0,1
BRDA:473,141,0,1
BRDA:478,142,0,0
BRDA:536,143,0,183
BRDA:538,144,0,0
BRDA:542,145,0,181
BRDA:542,146,0,2
BRDA:547,147,0,65
BRDA:547,148,0,118
BRDA:549,149,0,65
BRDA:549,150,0,118
BRDA:544,151,0,1
BRF:152
BRH:131
end_of_record
TN:
SF:src/components/LoveMehPopover.jsx
FN:24,LoveMehPopover
FN:31,onKey
FN:43,onDocPointer
FN:57,handlePick
FN:106,onClick
FN:125,onClick
FN:144,onClick
FNF:7
FNH:6
FNDA:74,LoveMehPopover
FNDA:1,onKey
FNDA:0,onDocPointer
FNDA:3,handlePick
FNDA:1,onClick
FNDA:1,onClick
FNDA:1,onClick
DA:1,1
DA:22,1
DA:24,74
DA:25,74
DA:26,74
DA:29,74
DA:30,47
DA:31,7
DA:32,1
DA:33,1
DA:34,1
DA:35,1
DA:36,7
DA:37,7
DA:38,74
DA:41,74
DA:42,70
DA:43,7
DA:44,0
DA:46,0
DA:47,0
DA:48,0
DA:49,0
DA:51,7
DA:52,7
DA:53,74
DA:55,74
DA:57,10
DA:58,3
DA:59,2
DA:60,2
DA:61,2
DA:62,2
DA:63,2
DA:64,2
DA:65,3
DA:66,1
DA:67,1
DA:68,1
DA:69,3
DA:72,10
DA:73,74
DA:74,0
DA:75,0
DA:76,0
DA:77,0
DA:78,0
DA:79,0
DA:80,0
DA:81,0
DA:83,10
DA:84,10
DA:85,10
DA:86,10
DA:87,10
DA:88,10
DA:89,10
DA:90,10
DA:91,10
DA:92,10
DA:93,10
DA:94,10
DA:95,10
DA:96,10
DA:97,10
DA:98,10
DA:99,10
DA:100,10
DA:101,10
DA:102,10
DA:104,10
DA:105,10
DA:106,10
DA:107,10
DA:108,10
DA:109,10
DA:110,10
DA:111,10
DA:112,10
DA:113,10
DA:114,10
DA:115,10
DA:116,10
DA:117,74
DA:118,74
DA:119,74
DA:120,74
DA:122,74
DA:123,74
DA:124,74
DA:125,74
DA:126,74
DA:127,74
DA:128,74
DA:129,74
DA:130,74
DA:131,74
DA:132,74
DA:133,74
DA:134,74
DA:135,74
DA:136,74
DA:137,74
DA:138,74
DA:139,74
DA:141,74
DA:142,74
DA:143,74
DA:144,74
DA:145,74
DA:146,74
DA:147,74
DA:148,74
DA:149,74
DA:150,74
DA:151,74
DA:152,74
DA:153,74
DA:154,74
DA:155,74
DA:156,74
DA:158,74
DA:159,74
DA:161,74
LF:124
LH:111
BRDA:24,0,0,74
BRDA:55,1,0,11
BRDA:55,2,0,64
BRDA:55,3,0,12
BRDA:55,4,0,10
BRDA:73,5,0,0
BRDA:73,6,0,12
BRDA:73,7,0,0
BRDA:81,8,0,10
BRDA:117,9,0,1
BRDA:117,10,0,9
BRDA:136,11,0,1
BRDA:136,12,0,9
BRDA:29,13,0,47
BRDA:30,14,0,40
BRDA:30,15,0,7
BRDA:31,16,0,1
BRDA:37,17,0,7
BRDA:41,18,0,70
BRDA:42,19,0,63
BRDA:42,20,0,7
BRDA:52,21,0,7
BRDA:57,22,0,3
BRDA:58,23,0,2
BRDA:58,24,0,2
BRDA:65,25,0,1
BRDA:60,26,0,2
BRDA:106,27,0,1
BRDA:125,28,0,1
BRDA:144,29,0,1
BRF:30
BRH:28
end_of_record
TN:
SF:src/components/MicCaptureButton.jsx
FN:45,formatAge
FN:54,formatElapsed
FN:63,MicCaptureButton
FN:115,cancelLive
FN:124,maybeEmit
FN:149,startLiveCapture
FN:159,onResult
FN:173,onError
FN:180,onEnd
FN:201,handleClick
FN:240,stopAndEmit
FNF:11
FNH:11
FNDA:3,formatAge
FNDA:16,formatElapsed
FNDA:92,MicCaptureButton
FNDA:4,cancelLive
FNDA:14,maybeEmit
FNDA:16,startLiveCapture
FNDA:7,onResult
FNDA:1,onError
FNDA:4,onEnd
FNDA:25,handleClick
FNDA:9,stopAndEmit
DA:1,1
DA:45,3
DA:46,3
DA:47,3
DA:48,3
DA:49,3
DA:50,1
DA:51,1
DA:52,1
DA:54,16
DA:55,16
DA:56,16
DA:57,16
DA:58,16
DA:59,16
DA:61,1
DA:63,92
DA:64,92
DA:65,92
DA:66,92
DA:67,92
DA:68,92
DA:69,92
DA:70,92
DA:71,92
DA:72,92
DA:73,92
DA:74,92
DA:75,92
DA:78,92
DA:79,92
DA:80,92
DA:81,92
DA:84,92
DA:85,92
DA:86,92
DA:87,92
DA:88,92
DA:91,92
DA:92,38
DA:93,92
DA:96,92
DA:97,64
DA:98,12
DA:99,0
DA:100,12
DA:101,12
DA:102,92
DA:105,92
DA:106,38
DA:107,38
DA:108,2
DA:109,2
DA:110,2
DA:111,38
DA:112,38
DA:113,92
DA:115,92
DA:116,4
DA:117,1
DA:118,1
DA:119,1
DA:120,4
DA:121,4
DA:124,92
DA:125,14
DA:126,14
DA:127,9
DA:128,14
DA:129,9
DA:130,9
DA:131,9
DA:132,14
DA:133,14
DA:134,14
DA:135,4
DA:136,5
DA:137,14
DA:138,14
DA:139,14
DA:140,14
DA:141,14
DA:142,14
DA:143,14
DA:144,14
DA:149,92
DA:150,16
DA:151,16
DA:152,16
DA:153,16
DA:154,16
DA:155,8
DA:156,8
DA:157,8
DA:158,8
DA:159,8
DA:164,7
DA:165,3
DA:166,3
DA:167,7
DA:168,4
DA:169,4
DA:170,7
DA:171,7
DA:172,7
DA:173,8
DA:176,1
DA:177,1
DA:178,1
DA:179,1
DA:180,8
DA:184,4
DA:185,4
DA:186,4
DA:187,4
DA:188,4
DA:189,4
DA:190,4
DA:191,8
DA:192,14
DA:193,0
DA:194,0
DA:195,0
DA:196,16
DA:201,92
DA:202,25
DA:203,25
DA:204,9
DA:205,9
DA:206,9
DA:207,16
DA:209,25
DA:212,16
DA:213,16
DA:214,16
DA:219,16
DA:220,16
DA:222,16
DA:223,12
DA:224,12
DA:225,12
DA:226,12
DA:227,16
DA:229,4
DA:230,4
DA:231,4
DA:232,4
DA:233,2
DA:234,1
DA:235,4
DA:236,4
DA:237,16
DA:238,25
DA:240,92
DA:241,9
DA:245,9
DA:246,4
DA:247,4
DA:248,4
DA:249,0
DA:250,0
DA:251,0
DA:252,4
DA:253,9
DA:254,5
DA:255,5
DA:257,9
DA:259,9
DA:260,9
DA:261,9
DA:262,9
DA:263,9
DA:264,0
DA:265,0
DA:266,0
DA:267,0
DA:268,0
DA:269,0
DA:270,0
DA:271,9
DA:272,9
DA:275,92
DA:276,92
DA:278,92
DA:279,76
DA:280,71
DA:281,53
DA:282,92
DA:283,92
DA:284,92
DA:285,21
DA:286,5
DA:287,4
DA:288,2
DA:289,1
DA:290,92
DA:291,92
DA:292,21
DA:293,5
DA:294,4
DA:296,92
DA:297,92
DA:299,92
DA:300,92
DA:301,92
DA:302,92
DA:303,92
DA:304,92
DA:305,92
DA:306,92
DA:307,92
DA:308,92
DA:309,92
DA:310,92
DA:311,92
DA:312,92
DA:313,92
DA:314,23
DA:315,69
DA:316,16
DA:317,53
DA:318,92
DA:319,92
DA:320,92
DA:321,92
DA:322,92
DA:323,92
DA:325,92
DA:326,92
DA:329,92
DA:330,92
DA:331,92
DA:332,92
DA:333,92
DA:334,92
DA:336,92
DA:337,92
DA:340,92
DA:341,16
DA:342,16
DA:343,16
DA:344,16
DA:345,16
DA:346,16
DA:347,16
DA:348,16
DA:350,16
DA:351,16
DA:356,92
DA:357,4
DA:358,4
DA:359,4
DA:360,4
DA:361,4
DA:362,4
DA:363,4
DA:364,4
DA:365,4
DA:366,4
DA:367,4
DA:371,92
DA:372,2
DA:373,2
DA:374,2
DA:376,2
DA:380,92
DA:381,3
DA:382,3
DA:383,3
DA:384,3
DA:385,3
DA:386,3
DA:387,3
DA:388,3
DA:389,3
DA:390,3
DA:391,3
DA:392,3
DA:394,3
DA:395,3
DA:398,92
DA:399,3
DA:400,3
DA:401,3
DA:402,3
DA:403,3
DA:404,3
DA:406,3
DA:407,3
DA:408,3
DA:410,92
DA:412,92
LF:292
LH:278
BRDA:45,0,0,3
BRDA:46,1,0,0
BRDA:48,2,0,0
BRDA:49,3,0,2
BRDA:49,4,0,1
BRDA:54,5,0,16
BRDA:63,6,0,92
BRDA:276,7,0,90
BRDA:276,8,0,89
BRDA:276,9,0,88
BRDA:278,10,0,16
BRDA:278,11,0,76
BRDA:279,12,0,5
BRDA:279,13,0,71
BRDA:280,14,0,18
BRDA:280,15,0,53
BRDA:282,16,0,16
BRDA:282,17,0,76
BRDA:284,18,0,71
BRDA:284,19,0,21
BRDA:285,20,0,16
BRDA:285,21,0,5
BRDA:286,22,0,1
BRDA:286,23,0,4
BRDA:287,24,0,2
BRDA:287,25,0,2
BRDA:288,26,0,1
BRDA:288,27,0,1
BRDA:291,28,0,71
BRDA:291,29,0,21
BRDA:292,30,0,16
BRDA:292,31,0,5
BRDA:293,32,0,1
BRDA:293,33,0,4
BRDA:297,34,0,3
BRDA:297,35,0,89
BRDA:306,36,0,74
BRDA:313,37,0,74
BRDA:313,38,0,23
BRDA:314,39,0,69
BRDA:315,40,0,16
BRDA:316,41,0,53
BRDA:318,42,0,74
BRDA:318,43,0,19
BRDA:318,44,0,73
BRDA:340,45,0,16
BRDA:356,46,0,16
BRDA:356,47,0,4
BRDA:371,48,0,2
BRDA:380,49,0,3
BRDA:383,50,0,1
BRDA:383,51,0,2
BRDA:398,52,0,3
BRDA:406,53,0,1
BRDA:406,54,0,2
BRDA:407,55,0,0
BRDA:91,56,0,38
BRDA:92,57,0,1
BRDA:96,58,0,64
BRDA:97,59,0,52
BRDA:97,60,0,12
BRDA:101,61,0,12
BRDA:105,62,0,38
BRDA:106,63,0,38
BRDA:107,64,0,2
BRDA:108,65,0,0
BRDA:111,66,0,0
BRDA:115,67,0,4
BRDA:116,68,0,1
BRDA:117,69,0,0
BRDA:120,70,0,0
BRDA:124,71,0,14
BRDA:125,72,0,0
BRDA:126,73,0,10
BRDA:126,74,0,5
BRDA:126,75,0,9
BRDA:128,76,0,4
BRDA:128,77,0,9
BRDA:132,78,0,5
BRDA:133,79,0,0
BRDA:134,80,0,4
BRDA:135,81,0,5
BRDA:143,82,0,9
BRDA:149,83,0,16
BRDA:154,84,0,8
BRDA:154,85,0,14
BRDA:154,86,0,8
BRDA:192,87,0,0
BRDA:159,88,0,7
BRDA:164,89,0,3
BRDA:167,90,0,4
BRDA:168,91,0,0
BRDA:173,92,0,1
BRDA:180,93,0,4
BRDA:184,94,0,3
BRDA:185,95,0,1
BRDA:201,96,0,25
BRDA:202,97,0,0
BRDA:203,98,0,23
BRDA:203,99,0,9
BRDA:206,100,0,16
BRDA:207,101,0,0
BRDA:207,102,0,16
BRDA:209,103,0,0
BRDA:209,104,0,16
BRDA:222,105,0,12
BRDA:227,106,0,4
BRDA:231,107,0,0
BRDA:232,108,0,2
BRDA:232,109,0,2
BRDA:233,110,0,1
BRDA:233,111,0,1
BRDA:234,112,0,0
BRDA:240,113,0,9
BRDA:245,114,0,4
BRDA:246,115,0,0
BRDA:247,116,0,0
BRDA:253,117,0,5
BRDA:257,118,0,0
BRDA:259,119,0,9
BRF:120
BRH:101
end_of_record
TN:
SF:src/components/NotifyButton.jsx
FN:27,isIOS
FN:35,isStandalonePWA
FN:63,NotifyButton
FN:114,onClick
FN:156,handleEnable
FN:249,onClick
FNF:6
FNH:6
FNDA:19,isIOS
FNDA:6,isStandalonePWA
FNDA:22,NotifyButton
FNDA:2,onClick
FNDA:3,handleEnable
FNDA:1,onClick
DA:1,1
DA:18,1
DA:22,1
DA:23,1
DA:27,19
DA:28,19
DA:29,19
DA:31,19
DA:32,13
DA:33,19
DA:35,6
DA:36,6
DA:37,6
DA:38,6
DA:39,4
DA:40,6
DA:41,0
DA:42,0
DA:43,6
DA:45,1
DA:46,1
DA:47,1
DA:48,1
DA:49,1
DA:50,1
DA:51,1
DA:52,1
DA:53,1
DA:54,1
DA:56,1
DA:57,1
DA:58,1
DA:59,1
DA:60,1
DA:61,1
DA:63,22
DA:65,22
DA:66,16
DA:67,12
DA:68,12
DA:69,4
DA:70,22
DA:71,22
DA:72,22
DA:73,22
DA:74,22
DA:76,22
DA:79,22
DA:80,22
DA:81,16
DA:82,16
DA:83,22
DA:86,22
DA:90,22
DA:97,22
DA:98,4
DA:99,4
DA:100,4
DA:101,4
DA:103,4
DA:104,4
DA:105,4
DA:106,4
DA:107,4
DA:109,4
DA:110,4
DA:111,4
DA:112,4
DA:113,4
DA:114,4
DA:115,4
DA:116,4
DA:117,4
DA:118,4
DA:119,4
DA:120,4
DA:121,4
DA:122,4
DA:123,4
DA:124,4
DA:125,4
DA:126,4
DA:127,4
DA:129,4
DA:130,4
DA:131,4
DA:132,1
DA:133,1
DA:134,1
DA:135,1
DA:136,1
DA:137,1
DA:138,1
DA:139,1
DA:140,1
DA:142,1
DA:143,1
DA:144,1
DA:145,1
DA:147,4
DA:149,4
DA:154,22
DA:156,13
DA:157,3
DA:158,3
DA:159,3
DA:160,3
DA:161,3
DA:162,3
DA:163,3
DA:165,0
DA:166,0
DA:167,0
DA:168,3
DA:172,3
DA:174,3
DA:175,2
DA:176,2
DA:177,2
DA:178,2
DA:179,2
DA:180,1
DA:181,2
DA:183,1
DA:184,1
DA:185,1
DA:186,2
DA:187,3
DA:188,3
DA:193,13
DA:194,1
DA:195,1
DA:196,1
DA:197,1
DA:198,1
DA:199,1
DA:200,1
DA:201,1
DA:202,1
DA:203,1
DA:204,1
DA:205,1
DA:207,1
DA:208,12
DA:211,22
DA:212,3
DA:213,3
DA:214,3
DA:215,3
DA:217,3
DA:218,3
DA:219,3
DA:220,3
DA:221,3
DA:223,3
DA:224,3
DA:225,3
DA:226,3
DA:227,3
DA:229,3
DA:232,22
DA:233,2
DA:234,2
DA:235,2
DA:236,2
DA:238,2
DA:239,2
DA:240,2
DA:241,2
DA:242,2
DA:244,2
DA:245,2
DA:246,2
DA:247,2
DA:248,2
DA:249,2
DA:250,2
DA:251,2
DA:252,2
DA:253,2
DA:254,2
DA:255,2
DA:256,2
DA:257,2
DA:258,2
DA:259,2
DA:260,2
DA:261,2
DA:262,2
DA:264,2
DA:265,2
DA:266,2
DA:267,1
DA:268,1
DA:269,1
DA:270,1
DA:271,1
DA:272,1
DA:273,1
DA:274,1
DA:275,1
DA:277,1
DA:278,1
DA:279,1
DA:280,1
DA:282,2
DA:284,2
DA:287,8
DA:288,8
DA:289,8
DA:290,8
DA:292,8
DA:293,8
DA:294,8
DA:295,8
DA:296,8
DA:297,8
DA:298,8
DA:299,8
DA:300,8
DA:301,8
DA:302,8
DA:303,8
DA:304,8
DA:305,8
DA:306,22
DA:307,22
DA:309,22
DA:310,22
DA:311,22
DA:312,22
DA:314,22
DA:315,22
DA:316,22
DA:317,22
DA:318,22
DA:320,22
LF:237
LH:232
BRDA:27,0,0,19
BRDA:28,1,0,0
BRDA:29,2,0,0
BRDA:31,3,0,13
BRDA:32,4,0,0
BRDA:32,5,0,0
BRDA:35,6,0,6
BRDA:36,7,0,0
BRDA:38,8,0,4
BRDA:40,9,0,0
BRDA:63,10,0,22
BRDA:86,11,0,1
BRDA:86,12,0,21
BRDA:90,13,0,3
BRDA:90,14,0,2
BRDA:90,15,0,19
BRDA:97,16,0,6
BRDA:97,17,0,4
BRDA:129,18,0,1
BRDA:129,19,0,3
BRDA:131,20,0,1
BRDA:149,21,0,15
BRDA:154,22,0,2
BRDA:154,23,0,13
BRDA:193,24,0,1
BRDA:207,25,0,12
BRDA:211,26,0,3
BRDA:229,27,0,10
BRDA:232,28,0,2
BRDA:264,29,0,1
BRDA:264,30,0,1
BRDA:266,31,0,1
BRDA:284,32,0,8
BRDA:306,33,0,0
BRDA:306,34,0,8
BRDA:65,35,0,16
BRDA:66,36,0,12
BRDA:68,37,0,4
BRDA:80,38,0,16
BRDA:82,39,0,16
BRDA:114,40,0,2
BRDA:114,41,0,2
BRDA:156,42,0,3
BRDA:157,43,0,0
BRDA:163,44,0,0
BRDA:168,45,0,0
BRDA:174,46,0,2
BRDA:179,47,0,1
BRDA:181,48,0,1
BRDA:183,49,0,0
BRDA:249,50,0,1
BRDA:249,51,0,1
BRF:52
BRH:41
end_of_record
TN:
SF:src/components/PhotoHero.jsx
FN:57,FloatingControls
FN:59,handleShare
FN:71,onClick
FN:84,PhotoHero
FNF:4
FNH:4
FNDA:203,FloatingControls
FNDA:3,handleShare
FNDA:1,onClick
FNDA:203,PhotoHero
DA:1,1
DA:21,1
DA:25,1
DA:26,1
DA:27,1
DA:28,1
DA:29,1
DA:31,1
DA:32,1
DA:33,1
DA:34,1
DA:35,1
DA:36,1
DA:37,1
DA:38,1
DA:39,1
DA:42,1
DA:43,1
DA:44,1
DA:45,1
DA:46,1
DA:47,1
DA:48,1
DA:49,1
DA:50,1
DA:51,1
DA:52,1
DA:53,1
DA:55,1
DA:57,203
DA:58,203
DA:59,203
DA:60,3
DA:61,3
DA:62,2
DA:63,2
DA:65,3
DA:66,3
DA:67,203
DA:68,203
DA:69,203
DA:70,203
DA:71,203
DA:72,203
DA:73,203
DA:74,203
DA:75,203
DA:76,203
DA:77,203
DA:78,203
DA:79,203
DA:80,203
DA:82,203
DA:84,203
DA:85,203
DA:86,203
DA:87,203
DA:88,203
DA:89,203
DA:93,203
DA:94,45
DA:95,158
DA:97,203
DA:98,203
DA:99,203
DA:100,45
DA:101,15
DA:102,30
DA:103,158
DA:104,203
DA:105,203
DA:106,203
DA:107,203
DA:108,203
DA:110,203
LF:75
LH:75
BRDA:57,0,0,203
BRDA:59,1,0,3
BRDA:61,2,0,2
BRDA:65,3,0,0
BRDA:71,4,0,1
BRDA:84,5,0,203
BRDA:89,6,0,202
BRDA:89,7,0,0
BRDA:93,8,0,45
BRDA:94,9,0,15
BRDA:94,10,0,30
BRDA:94,11,0,158
BRDA:99,12,0,45
BRDA:100,13,0,15
BRDA:101,14,0,30
BRDA:102,15,0,158
BRF:16
BRH:14
end_of_record
TN:
SF:src/components/PhotoImg.jsx
FN:33,__resetPhotoImgCache
FN:34,__seedPhotoImgUrl
FN:36,_drain
FN:45,mintUrl
FN:48,exec
FN:57,start
FN:60,inFlight
FN:73,_seed
FN:79,PhotoImg
FN:185,onWake
FNF:10
FNH:9
FNDA:85,__resetPhotoImgCache
FNDA:3,__seedPhotoImgUrl
FNDA:26,_drain
FNDA:28,mintUrl
FNDA:26,exec
FNDA:26,start
FNDA:0,inFlight
FNDA:204,_seed
FNDA:357,PhotoImg
FNDA:3,onWake
DA:1,1
DA:24,1
DA:25,1
DA:28,1
DA:29,1
DA:30,1
DA:33,1
DA:34,1
DA:36,26
DA:45,1
DA:46,28
DA:47,28
DA:48,26
DA:49,26
DA:50,26
DA:51,17
DA:52,26
DA:53,16
DA:54,16
DA:55,26
DA:56,26
DA:57,26
DA:58,26
DA:59,26
DA:60,0
DA:63,28
DA:64,26
DA:65,26
DA:66,28
DA:67,28
DA:68,28
DA:69,28
DA:73,204
DA:74,204
DA:75,171
DA:76,204
DA:77,204
DA:79,357
DA:80,357
DA:81,357
DA:82,357
DA:83,357
DA:84,357
DA:85,357
DA:86,357
DA:87,357
DA:88,357
DA:89,357
DA:90,357
DA:91,357
DA:96,357
DA:97,357
DA:98,10
DA:99,10
DA:100,10
DA:101,10
DA:102,10
DA:103,10
DA:104,10
DA:106,357
DA:109,357
DA:114,357
DA:115,18
DA:116,18
DA:120,18
DA:121,18
DA:122,1
DA:123,1
DA:124,1
DA:125,1
DA:126,1
DA:127,17
DA:128,18
DA:129,18
DA:130,357
DA:133,357
DA:134,18
DA:135,18
DA:136,17
DA:137,18
DA:138,18
DA:139,18
DA:140,18
DA:141,18
DA:142,17
DA:143,18
DA:144,18
DA:145,7
DA:146,7
DA:147,7
DA:148,1
DA:149,1
DA:150,7
DA:151,357
DA:156,357
DA:157,245
DA:158,12
DA:159,11
DA:160,11
DA:161,245
DA:165,10
DA:166,7
DA:167,7
DA:168,7
DA:169,10
DA:170,3
DA:171,3
DA:172,3
DA:173,1
DA:175,10
DA:176,357
DA:183,357
DA:184,243
DA:185,189
DA:186,3
DA:187,3
DA:188,3
DA:189,3
DA:190,3
DA:191,3
DA:192,3
DA:193,2
DA:194,3
DA:195,1
DA:196,1
DA:197,3
DA:198,189
DA:199,189
DA:200,189
DA:201,189
DA:202,189
DA:203,189
DA:204,189
DA:205,189
DA:206,189
DA:207,189
DA:208,357
DA:219,357
DA:220,357
DA:221,357
DA:222,357
DA:223,357
DA:224,18
DA:225,18
DA:226,18
DA:227,18
DA:228,18
DA:229,18
DA:230,18
DA:231,18
DA:232,18
DA:234,18
DA:236,334
DA:237,334
DA:238,334
DA:239,334
DA:240,334
DA:241,334
DA:242,334
DA:243,334
DA:244,334
DA:245,334
DA:246,334
DA:247,334
DA:249,334
DA:250,0
DA:251,357
DA:252,357
DA:253,357
DA:254,357
DA:256,357
LF:171
LH:169
BRDA:33,0,0,85
BRDA:34,1,0,3
BRDA:34,2,0,1
BRDA:34,3,0,2
BRDA:36,4,0,26
BRDA:36,5,0,0
BRDA:45,6,0,28
BRDA:47,7,0,19
BRDA:47,8,0,2
BRDA:47,9,0,26
BRDA:59,10,0,0
BRDA:67,11,0,9
BRDA:48,12,0,26
BRDA:50,13,0,17
BRDA:52,14,0,25
BRDA:52,15,0,1
BRDA:52,16,0,16
BRDA:57,17,0,26
BRDA:63,18,0,10
BRDA:63,19,0,26
BRDA:65,20,0,10
BRDA:73,21,0,204
BRDA:74,22,0,183
BRDA:74,23,0,33
BRDA:74,24,0,182
BRDA:74,25,0,171
BRDA:76,26,0,86
BRDA:76,27,0,0
BRDA:76,28,0,85
BRDA:79,29,0,357
BRDA:84,30,0,25
BRDA:97,31,0,353
BRDA:97,32,0,10
BRDA:99,33,0,0
BRDA:103,34,0,1
BRDA:219,35,0,59
BRDA:220,36,0,298
BRDA:220,37,0,14
BRDA:221,38,0,355
BRDA:221,39,0,343
BRDA:222,40,0,23
BRDA:222,41,0,5
BRDA:222,42,0,352
BRDA:223,43,0,18
BRDA:228,44,0,8
BRDA:228,45,0,11
BRDA:228,46,0,7
BRDA:229,47,0,8
BRDA:229,48,0,7
BRDA:229,49,0,11
BRDA:230,50,0,8
BRDA:230,51,0,7
BRDA:230,52,0,11
BRDA:234,53,0,334
BRDA:249,54,0,0
BRDA:251,55,0,0
BRDA:106,56,0,204
BRDA:109,57,0,194
BRDA:109,58,0,194
BRDA:109,59,0,16
BRDA:114,60,0,18
BRDA:115,61,0,0
BRDA:116,62,0,0
BRDA:120,63,0,18
BRDA:121,64,0,1
BRDA:126,65,0,17
BRDA:122,66,0,1
BRDA:133,67,0,18
BRDA:134,68,0,1
BRDA:135,69,0,1
BRDA:135,70,0,17
BRDA:137,71,0,1
BRDA:140,72,0,10
BRDA:141,73,0,17
BRDA:141,74,0,1
BRDA:141,75,0,9
BRDA:142,76,0,0
BRDA:144,77,0,7
BRDA:145,78,0,0
BRDA:147,79,0,6
BRDA:147,80,0,1
BRDA:147,81,0,1
BRDA:148,82,0,0
BRDA:156,83,0,245
BRDA:157,84,0,191
BRDA:157,85,0,233
BRDA:157,86,0,32
BRDA:157,87,0,12
BRDA:158,88,0,1
BRDA:158,89,0,11
BRDA:161,90,0,2
BRDA:161,91,0,1
BRDA:161,92,0,1
BRDA:161,93,0,32
BRDA:161,94,0,1
BRDA:161,95,0,10
BRDA:165,96,0,7
BRDA:166,97,0,0
BRDA:167,98,0,0
BRDA:169,99,0,3
BRDA:170,100,0,0
BRDA:172,101,0,2
BRDA:172,102,0,1
BRDA:172,103,0,1
BRDA:173,104,0,0
BRDA:183,105,0,243
BRDA:184,106,0,54
BRDA:184,107,0,189
BRDA:185,108,0,3
BRDA:186,109,0,0
BRDA:188,110,0,0
BRDA:190,111,0,0
BRDA:191,112,0,0
BRDA:192,113,0,2
BRDA:192,114,0,2
BRDA:192,115,0,2
BRDA:192,116,0,1
BRDA:192,117,0,2
BRDA:194,118,0,2
BRDA:194,119,0,1
BRDA:196,120,0,1
BRDA:196,121,0,0
BRDA:202,122,0,189
BRF:123
BRH:103
end_of_record
TN:
SF:src/components/PhotoUpload.jsx
FN:73,PhotoUpload
FN:155,onClick
FN:164,onClick
FNF:3
FNH:1
FNDA:60,PhotoUpload
FNDA:0,onClick
FNDA:0,onClick
DA:1,1
DA:40,1
DA:41,1
DA:42,1
DA:43,1
DA:44,1
DA:45,1
DA:46,1
DA:47,1
DA:48,1
DA:49,1
DA:50,1
DA:51,1
DA:52,1
DA:54,1
DA:55,1
DA:56,1
DA:57,1
DA:58,1
DA:59,1
DA:60,1
DA:61,1
DA:62,1
DA:63,1
DA:64,1
DA:65,1
DA:66,1
DA:67,1
DA:68,1
DA:69,1
DA:70,1
DA:71,1
DA:73,1
DA:74,60
DA:75,60
DA:76,60
DA:77,60
DA:78,60
DA:79,60
DA:80,60
DA:81,60
DA:82,60
DA:83,60
DA:84,60
DA:85,60
DA:86,60
DA:87,60
DA:88,60
DA:89,60
DA:90,60
DA:91,60
DA:92,60
DA:93,60
DA:94,60
DA:95,60
DA:96,60
DA:101,60
DA:102,60
DA:103,57
DA:104,56
DA:106,60
DA:107,6
DA:108,6
DA:109,6
DA:110,1
DA:111,1
DA:112,5
DA:113,6
DA:114,1
DA:115,1
DA:116,1
DA:117,6
DA:118,4
DA:119,3
DA:120,3
DA:121,4
DA:123,5
DA:124,60
DA:126,60
DA:127,60
DA:131,60
DA:132,0
DA:133,0
DA:134,0
DA:135,0
DA:136,0
DA:137,60
DA:140,60
DA:142,60
DA:143,60
DA:144,60
DA:145,7
DA:146,53
DA:148,60
DA:149,60
DA:150,60
DA:151,8
DA:152,8
DA:153,8
DA:154,8
DA:155,8
DA:156,8
DA:157,8
DA:158,8
DA:160,8
DA:161,8
DA:162,8
DA:163,8
DA:164,8
DA:165,8
DA:166,8
DA:167,8
DA:169,8
DA:170,8
DA:171,8
DA:172,8
DA:173,8
DA:174,8
DA:175,8
DA:176,8
DA:177,8
DA:178,8
DA:179,8
DA:180,8
DA:181,8
DA:182,8
DA:184,52
DA:185,52
DA:186,52
DA:187,52
DA:188,52
DA:189,52
DA:190,52
DA:191,52
DA:192,52
DA:193,52
DA:194,52
DA:195,52
DA:196,52
DA:197,52
DA:200,60
DA:201,1
DA:202,1
DA:203,1
DA:204,1
DA:205,1
DA:206,1
DA:207,1
DA:208,1
DA:211,60
DA:212,1
DA:213,1
DA:214,1
DA:215,1
DA:218,60
DA:219,1
DA:220,1
DA:221,1
DA:222,1
DA:223,1
DA:225,1
DA:227,60
DA:229,60
DA:231,1
LF:164
LH:159
BRDA:73,0,0,60
BRDA:102,1,0,3
BRDA:102,2,0,57
BRDA:103,3,0,1
BRDA:103,4,0,56
BRDA:104,5,0,1
BRDA:104,6,0,55
BRDA:126,7,0,21
BRDA:127,8,0,59
BRDA:140,9,0,27
BRDA:140,10,0,33
BRDA:142,11,0,29
BRDA:143,12,0,7
BRDA:143,13,0,53
BRDA:144,14,0,7
BRDA:145,15,0,5
BRDA:145,16,0,53
BRDA:146,17,0,24
BRDA:150,18,0,8
BRDA:160,19,0,0
BRDA:182,20,0,52
BRDA:184,21,0,21
BRDA:185,22,0,6
BRDA:185,23,0,46
BRDA:200,24,0,28
BRDA:200,25,0,1
BRDA:211,26,0,2
BRDA:211,27,0,1
BRDA:218,28,0,1
BRDA:106,29,0,6
BRDA:108,30,0,1
BRDA:108,31,0,5
BRDA:109,32,0,1
BRDA:110,33,0,0
BRDA:111,34,0,5
BRDA:113,35,0,1
BRDA:115,36,0,0
BRDA:117,37,0,4
BRDA:118,38,0,3
BRDA:119,39,0,1
BRDA:121,40,0,5
BRF:41
BRH:38
end_of_record
TN:
SF:src/components/PhotosWall.jsx
FN:33,photoLoadErrorMessage
FN:42,monthKey
FN:50,monthLabel
FN:57,PhotosWall
FN:167,renderItem
FN:168,onOpen
FN:192,onClose
FN:202,PhotoTile
FNF:8
FNH:7
FNDA:2,photoLoadErrorMessage
FNDA:61,monthKey
FNDA:34,monthLabel
FNDA:144,PhotosWall
FNDA:107,renderItem
FNDA:3,onOpen
FNDA:0,onClose
FNDA:97,PhotoTile
DA:1,1
DA:27,1
DA:33,1
DA:34,2
DA:35,2
DA:36,0
DA:37,2
DA:41,1
DA:42,61
DA:43,61
DA:44,61
DA:45,61
DA:46,61
DA:47,61
DA:48,1
DA:49,1
DA:50,34
DA:51,34
DA:52,34
DA:53,34
DA:54,34
DA:55,34
DA:57,144
DA:58,144
DA:59,144
DA:60,144
DA:61,144
DA:62,144
DA:63,144
DA:67,144
DA:68,144
DA:72,144
DA:73,144
DA:74,144
DA:79,144
DA:80,66
DA:81,34
DA:82,34
DA:83,34
DA:84,34
DA:85,34
DA:86,66
DA:87,144
DA:93,144
DA:94,144
DA:98,144
DA:99,66
DA:100,66
DA:101,66
DA:102,61
DA:103,61
DA:104,34
DA:105,34
DA:106,34
DA:107,61
DA:108,66
DA:109,66
DA:110,144
DA:113,144
DA:114,144
DA:115,144
DA:116,144
DA:118,144
DA:119,3
DA:120,3
DA:121,3
DA:122,144
DA:124,144
DA:125,68
DA:126,68
DA:128,144
DA:129,1
DA:130,1
DA:131,1
DA:132,1
DA:133,1
DA:134,1
DA:136,1
DA:138,144
DA:139,4
DA:140,1
DA:141,1
DA:142,1
DA:143,1
DA:144,1
DA:145,1
DA:147,1
DA:149,71
DA:150,71
DA:151,71
DA:152,87
DA:155,87
DA:156,87
DA:157,87
DA:158,87
DA:159,87
DA:160,87
DA:161,87
DA:162,87
DA:163,87
DA:164,87
DA:165,87
DA:166,87
DA:167,87
DA:168,107
DA:169,107
DA:171,87
DA:172,87
DA:173,71
DA:175,71
DA:176,0
DA:177,0
DA:178,0
DA:179,0
DA:180,0
DA:181,0
DA:182,0
DA:183,0
DA:184,0
DA:187,144
DA:188,144
DA:189,144
DA:190,144
DA:191,144
DA:192,144
DA:193,144
DA:194,144
DA:196,144
DA:202,97
DA:204,97
DA:205,97
DA:206,97
DA:207,97
DA:208,97
DA:209,97
DA:210,97
DA:211,97
DA:212,97
DA:213,97
DA:214,97
DA:216,97
DA:217,97
DA:218,97
DA:219,97
DA:220,97
DA:221,97
DA:222,97
DA:223,97
DA:225,97
DA:230,97
DA:231,73
DA:232,73
DA:233,73
DA:234,73
DA:235,73
DA:237,73
LF:156
LH:146
BRDA:33,0,0,2
BRDA:35,1,0,0
BRDA:42,2,0,61
BRDA:43,3,0,0
BRDA:44,4,0,0
BRDA:50,5,0,34
BRDA:51,6,0,0
BRDA:54,7,0,0
BRDA:57,8,0,144
BRDA:68,9,0,68
BRDA:124,10,0,68
BRDA:126,11,0,76
BRDA:128,12,0,1
BRDA:136,13,0,75
BRDA:138,14,0,4
BRDA:139,15,0,3
BRDA:139,16,0,1
BRDA:147,17,0,71
BRDA:175,18,0,0
BRDA:189,19,0,68
BRDA:79,20,0,66
BRDA:80,21,0,34
BRDA:81,22,0,0
BRDA:82,23,0,0
BRDA:83,24,0,0
BRDA:84,25,0,0
BRDA:94,26,0,66
BRDA:98,27,0,66
BRDA:101,28,0,61
BRDA:103,29,0,34
BRDA:103,30,0,34
BRDA:114,31,0,66
BRDA:114,32,0,61
BRDA:114,33,0,0
BRDA:114,34,0,0
BRDA:118,35,0,3
BRDA:151,36,0,87
BRDA:167,37,0,107
BRDA:169,38,0,77
BRDA:169,39,0,30
BRDA:168,40,0,3
BRDA:202,41,0,97
BRDA:204,42,0,0
BRDA:220,43,0,0
BRDA:230,44,0,24
BRDA:230,45,0,73
BRF:46
BRH:32
end_of_record
TN:
SF:src/components/PlantStatusBadge.jsx
FN:18,statusIcon
FN:22,PlantStatusBadge
FNF:2
FNH:2
FNDA:2,statusIcon
FNDA:180,PlantStatusBadge
DA:1,1
DA:18,1
DA:19,2
DA:20,2
DA:22,180
DA:23,180
DA:24,179
DA:25,180
DA:26,180
DA:27,180
DA:28,180
DA:30,180
DA:31,180
DA:32,180
DA:33,180
DA:34,180
DA:35,180
DA:36,180
DA:38,180
DA:39,180
DA:40,180
DA:42,180
LF:22
LH:22
BRDA:18,0,0,2
BRDA:22,1,0,180
BRDA:23,2,0,1
BRDA:23,3,0,179
BRDA:25,4,0,149
BRDA:25,5,0,30
BRDA:26,6,0,149
BRDA:26,7,0,30
BRDA:38,8,0,149
BRDA:38,9,0,30
BRF:10
BRH:10
end_of_record
TN:
SF:src/components/PlantingEditor.jsx
FN:17,formFromPlant
FN:39,PlantingEditor
FN:109,handleAdd
FN:148,handleEdit
FN:186,handleDelete
FN:201,handleArchive
FN:236,onChange
FNF:7
FNH:7
FNDA:5,formFromPlant
FNDA:31,PlantingEditor
FNDA:5,handleAdd
FNDA:1,handleEdit
FNDA:1,handleDelete
FNDA:2,handleArchive
FNDA:6,onChange
DA:1,1
DA:15,1
DA:17,5
DA:18,5
DA:19,5
DA:20,5
DA:21,5
DA:22,5
DA:23,5
DA:24,5
DA:25,5
DA:26,5
DA:27,5
DA:28,5
DA:29,5
DA:30,5
DA:31,5
DA:32,5
DA:33,5
DA:34,5
DA:35,5
DA:36,5
DA:37,5
DA:39,31
DA:40,31
DA:41,31
DA:42,31
DA:43,31
DA:44,31
DA:45,31
DA:46,31
DA:47,31
DA:48,31
DA:49,31
DA:50,31
DA:51,31
DA:52,31
DA:53,31
DA:54,31
DA:55,31
DA:56,5
DA:57,31
DA:58,31
DA:59,31
DA:60,31
DA:61,31
DA:62,31
DA:63,31
DA:65,31
DA:66,13
DA:67,13
DA:68,13
DA:69,13
DA:70,13
DA:71,31
DA:73,31
DA:74,13
DA:75,8
DA:76,13
DA:77,4
DA:78,4
DA:79,4
DA:80,4
DA:85,4
DA:86,4
DA:87,4
DA:88,4
DA:89,4
DA:90,4
DA:91,4
DA:92,4
DA:93,4
DA:94,4
DA:95,4
DA:96,4
DA:97,4
DA:98,13
DA:99,4
DA:100,4
DA:101,4
DA:102,4
DA:103,4
DA:104,4
DA:105,4
DA:106,8
DA:107,31
DA:109,31
DA:110,5
DA:111,5
DA:112,5
DA:113,5
DA:114,5
DA:115,5
DA:116,5
DA:117,5
DA:118,5
DA:119,5
DA:120,5
DA:121,5
DA:122,5
DA:123,5
DA:124,5
DA:125,5
DA:126,5
DA:127,5
DA:128,5
DA:129,5
DA:130,5
DA:131,5
DA:132,5
DA:133,5
DA:134,5
DA:135,5
DA:136,5
DA:137,5
DA:138,5
DA:139,5
DA:140,5
DA:141,5
DA:142,0
DA:143,5
DA:144,5
DA:145,5
DA:146,5
DA:148,31
DA:149,1
DA:150,1
DA:151,1
DA:152,1
DA:153,1
DA:154,1
DA:155,1
DA:156,1
DA:157,1
DA:158,1
DA:159,1
DA:160,1
DA:161,1
DA:162,1
DA:163,1
DA:164,1
DA:165,1
DA:166,1
DA:167,1
DA:168,1
DA:169,1
DA:170,1
DA:171,1
DA:172,1
DA:173,1
DA:174,1
DA:175,1
DA:176,1
DA:177,1
DA:178,1
DA:179,1
DA:180,0
DA:181,1
DA:182,1
DA:183,1
DA:184,1
DA:186,31
DA:187,1
DA:188,1
DA:189,1
DA:190,1
DA:191,1
DA:193,1
DA:194,1
DA:195,1
DA:196,1
DA:197,1
DA:201,31
DA:202,2
DA:203,2
DA:204,2
DA:205,2
DA:206,2
DA:207,2
DA:208,2
DA:209,2
DA:211,2
DA:212,2
DA:213,2
DA:214,2
DA:215,2
DA:217,31
DA:218,31
DA:219,31
DA:220,31
DA:221,31
DA:222,31
DA:223,5
DA:224,5
DA:225,5
DA:226,5
DA:227,5
DA:228,5
DA:229,5
DA:230,5
DA:231,5
DA:232,5
DA:234,31
DA:235,31
DA:236,31
DA:237,31
DA:238,31
DA:239,31
DA:240,31
DA:241,31
DA:242,31
DA:243,31
DA:247,31
DA:248,31
DA:249,31
DA:250,31
DA:251,31
DA:252,31
DA:253,11
DA:254,11
DA:255,11
DA:256,11
DA:257,11
DA:258,11
DA:259,11
DA:260,11
DA:261,11
DA:262,11
DA:263,20
DA:264,31
DA:265,31
DA:267,31
LF:232
LH:230
BRDA:17,0,0,5
BRDA:20,1,0,0
BRDA:21,2,0,0
BRDA:22,3,0,0
BRDA:24,4,0,0
BRDA:39,5,0,31
BRDA:220,6,0,11
BRDA:220,7,0,0
BRDA:220,8,0,20
BRDA:222,9,0,20
BRDA:222,10,0,5
BRDA:238,11,0,11
[...]
DA:432,257
DA:433,188
DA:434,188
DA:435,188
DA:436,188
DA:437,188
DA:438,188
DA:439,188
DA:440,196
DA:441,196
DA:442,257
DA:444,136
DA:445,136
DA:446,257
DA:447,50
DA:448,50
DA:449,50
DA:450,50
DA:451,50
DA:452,50
DA:453,50
DA:454,50
DA:455,136
DA:456,136
DA:458,163
DA:459,163
DA:460,163
DA:462,251
DA:463,251
DA:464,22
DA:465,22
DA:466,22
DA:467,22
DA:468,22
DA:470,251
DA:471,251
DA:472,251
DA:473,251
DA:474,251
DA:475,251
DA:476,251
DA:477,251
DA:478,251
DA:480,251
DA:481,251
DA:482,251
DA:484,251
DA:485,251
DA:486,251
DA:487,251
DA:488,251
DA:489,251
DA:490,251
DA:492,251
DA:493,101
DA:494,101
DA:495,101
DA:496,101
DA:497,101
DA:498,101
DA:499,101
DA:500,101
DA:501,101
DA:502,101
DA:503,101
DA:504,101
DA:505,101
DA:506,101
DA:507,101
DA:508,101
DA:510,128
DA:511,128
DA:512,128
DA:513,128
DA:514,128
DA:515,251
DA:516,21
DA:517,21
DA:518,21
DA:519,21
DA:520,21
DA:521,21
DA:522,21
DA:523,21
DA:524,21
DA:525,21
DA:526,21
DA:527,21
DA:529,107
DA:530,107
DA:531,107
DA:532,107
DA:533,107
DA:534,251
DA:535,2
DA:536,2
DA:537,2
DA:538,2
DA:539,2
DA:541,105
DA:542,105
DA:543,105
DA:544,105
DA:545,105
DA:546,251
DA:547,35
DA:548,35
DA:549,35
DA:550,35
DA:551,35
DA:552,35
DA:553,35
DA:554,35
DA:555,35
DA:556,35
DA:557,35
DA:559,70
DA:560,70
DA:561,70
DA:562,251
DA:563,28
DA:564,28
DA:565,28
DA:566,28
DA:567,28
DA:568,28
DA:569,28
DA:570,28
DA:571,28
DA:572,28
DA:573,28
DA:574,27
DA:575,27
DA:576,27
DA:577,27
DA:578,27
DA:579,27
DA:580,27
DA:581,27
DA:582,27
DA:583,27
DA:584,27
DA:585,27
DA:586,1
DA:587,1
DA:588,1
DA:589,1
DA:590,1
DA:591,1
DA:592,1
DA:593,1
DA:594,1
DA:595,1
DA:596,1
DA:597,1
DA:598,1
DA:599,1
DA:601,42
DA:602,42
DA:603,251
DA:604,0
DA:605,0
DA:606,0
DA:607,0
DA:608,0
DA:609,0
DA:610,0
DA:611,0
DA:612,0
DA:613,0
DA:614,0
DA:616,42
DA:617,42
DA:618,42
DA:619,42
DA:620,42
DA:621,42
DA:622,42
DA:623,42
DA:624,42
DA:625,251
DA:626,2
DA:627,2
DA:628,2
DA:629,2
DA:630,2
DA:632,40
DA:633,40
DA:634,40
DA:635,40
DA:636,40
DA:638,1
DA:639,1
DA:640,1
DA:641,1
DA:642,1
DA:643,1
DA:644,1
DA:645,1
DA:646,1
DA:647,80
DA:648,80
DA:649,80
DA:650,80
DA:651,80
DA:652,80
DA:653,80
DA:654,80
DA:655,80
DA:656,80
DA:657,80
DA:658,80
DA:659,80
DA:660,80
DA:661,80
DA:662,80
DA:663,80
DA:664,80
DA:665,80
DA:666,80
DA:667,80
DA:668,80
DA:669,80
DA:670,80
DA:671,80
DA:672,80
DA:673,251
DA:674,251
DA:675,251
DA:676,80
DA:677,80
LF:624
LH:611
BRDA:57,0,0,86
BRDA:60,1,0,32
BRDA:62,2,0,22
BRDA:63,3,0,64
BRDA:77,4,0,284
BRDA:78,5,0,198
BRDA:78,6,0,86
BRDA:79,7,0,15
BRDA:85,8,0,80
BRDA:90,9,0,391
BRDA:95,10,0,62
BRDA:99,11,0,184
BRDA:105,12,0,62
BRDA:108,13,0,34
BRDA:108,14,0,28
BRDA:111,15,0,679
BRDA:112,16,0,549
BRDA:112,17,0,130
BRDA:112,18,0,549
BRDA:114,19,0,0
BRDA:120,20,0,261
BRDA:121,21,0,46
BRDA:121,22,0,215
BRDA:124,23,0,311
BRDA:125,24,0,362
BRDA:151,25,0,398
BRDA:160,26,0,62
BRDA:163,27,0,3
BRDA:165,28,0,395
BRDA:165,29,0,3
BRDA:173,30,0,392
BRDA:173,31,0,19
BRDA:175,32,0,373
BRDA:175,33,0,31
BRDA:177,34,0,342
BRDA:177,35,0,33
BRDA:181,36,0,309
BRDA:181,37,0,106
BRDA:184,38,0,0
BRDA:185,39,0,203
BRDA:185,40,0,60
BRDA:187,41,0,7
BRDA:189,42,0,5
BRDA:189,43,0,2
BRDA:191,44,0,143
BRDA:191,45,0,31
BRDA:193,46,0,112
BRDA:193,47,0,43
BRDA:195,48,0,69
BRDA:198,49,0,552
BRDA:199,50,0,51
BRDA:204,51,0,51
BRDA:212,52,0,299
BRDA:213,53,0,243
BRDA:213,54,0,265
BRDA:213,55,0,56
BRDA:214,56,0,1
BRDA:214,57,0,55
BRDA:215,58,0,16
BRDA:215,59,0,39
BRDA:250,60,0,514
BRDA:251,61,0,387
BRDA:252,62,0,360
BRDA:252,63,0,154
BRDA:259,64,0,2
BRDA:259,65,0,152
BRDA:260,66,0,2
BRDA:260,67,0,150
BRDA:262,68,0,80
BRDA:262,69,0,75
BRDA:262,70,0,446
BRDA:262,71,0,75
BRDA:263,72,0,59
BRDA:263,73,0,16
BRDA:264,74,0,1
BRDA:264,75,0,446
BRDA:264,76,0,1
BRDA:264,77,0,15
BRDA:265,78,0,2
BRDA:265,79,0,446
BRDA:265,80,0,0
BRDA:265,81,0,15
BRDA:282,82,0,257
BRDA:284,83,0,98
BRDA:286,84,0,140
BRDA:286,85,0,139
BRDA:286,86,0,13
BRDA:286,87,0,244
BRDA:289,88,0,37
BRDA:291,89,0,207
BRDA:292,90,0,21
BRDA:292,91,0,186
BRDA:293,92,0,55
BRDA:293,93,0,131
BRDA:294,94,0,5
BRDA:294,95,0,126
BRDA:295,96,0,0
BRDA:299,97,0,257
BRDA:300,98,0,216
BRDA:300,99,0,64
BRDA:303,100,0,257
BRDA:307,101,0,3
BRDA:307,102,0,254
BRDA:314,103,0,60
BRDA:329,104,0,318
BRDA:333,105,0,79
BRDA:333,106,0,239
BRDA:335,107,0,98
BRDA:339,108,0,48
BRDA:340,109,0,47
BRDA:346,110,0,2
BRDA:346,111,0,46
BRDA:349,112,0,12
BRDA:351,113,0,0
BRDA:354,114,0,39
BRDA:357,115,0,26
BRDA:361,116,0,39
BRDA:366,117,0,14
BRDA:371,118,0,1
BRDA:380,119,0,25
BRDA:387,120,0,2
BRDA:390,121,0,1
BRDA:391,122,0,15
BRDA:393,123,0,221
BRDA:399,124,0,39
BRDA:400,125,0,0
BRDA:402,126,0,0
BRDA:306,127,0,353
BRDA:307,128,0,4
BRDA:314,129,0,76
BRDA:401,130,0,52
BRDA:409,131,0,299
BRDA:412,132,0,17
BRDA:412,133,0,17
BRDA:413,134,0,260
BRDA:413,135,0,260
BRDA:413,136,0,39
BRDA:414,137,0,13
BRDA:414,138,0,286
BRDA:420,139,0,230
BRDA:425,140,0,257
BRDA:427,141,0,61
BRDA:427,142,0,196
BRDA:430,143,0,8
BRDA:431,144,0,8
BRDA:432,145,0,236
BRDA:432,146,0,188
BRDA:439,147,0,196
BRDA:442,148,0,60
BRDA:442,149,0,136
BRDA:446,150,0,78
BRDA:446,151,0,50
BRDA:454,152,0,136
BRDA:458,153,0,163
BRDA:459,154,0,53
BRDA:459,155,0,110
BRDA:462,156,0,251
BRDA:463,157,0,23
BRDA:463,158,0,22
BRDA:468,159,0,229
BRDA:470,160,0,58
BRDA:473,161,0,32
BRDA:473,162,0,0
BRDA:474,163,0,197
BRDA:492,164,0,206
BRDA:492,165,0,101
BRDA:493,166,0,23
BRDA:493,167,0,78
BRDA:494,168,0,23
BRDA:494,169,0,78
BRDA:498,170,0,23
BRDA:498,171,0,2
BRDA:501,172,0,2
BRDA:503,173,0,15
BRDA:505,174,0,42
BRDA:506,175,0,59
BRDA:506,176,0,18
BRDA:506,177,0,41
BRDA:508,178,0,128
BRDA:515,179,0,21
BRDA:527,180,0,107
BRDA:534,181,0,2
BRDA:534,182,0,106
BRDA:534,183,0,2
BRDA:539,184,0,105
BRDA:546,185,0,35
BRDA:557,186,0,70
BRDA:562,187,0,28
BRDA:573,188,0,27
BRDA:585,189,0,1
BRDA:599,190,0,42
BRDA:603,191,0,0
BRDA:614,192,0,42
BRDA:625,193,0,2
BRDA:630,194,0,40
BRDA:484,195,0,745
BRDA:484,196,0,632
BRDA:487,197,0,256
BRDA:487,198,0,0
BRDA:489,199,0,267
BRDA:489,200,0,128
BRDA:490,201,0,267
BRDA:490,202,0,128
BRDA:495,203,0,111
BRDA:502,204,0,111
BRDA:516,205,0,36
BRDA:545,206,0,164
BRDA:545,207,0,1
BRDA:572,208,0,19
BRDA:646,209,0,80
BRDA:672,210,0,0
BRDA:672,211,0,251
BRF:212
BRH:201
end_of_record
TN:
SF:src/lib/spaceId.js
FN:20,usableId
FN:25,spaceHeroPath
FN:33,resolveSpaceId
FN:46,isPinnedFeatured
FNF:4
FNH:4
FNDA:134,usableId
FNDA:37,spaceHeroPath
FNDA:78,resolveSpaceId
FNDA:88,isPinnedFeatured
DA:1,1
DA:2,1
DA:3,1
DA:4,1
DA:5,1
DA:6,1
DA:7,1
DA:8,1
DA:9,1
DA:10,1
DA:11,1
DA:12,1
DA:13,1
DA:14,1
DA:15,1
DA:17,1
DA:18,1
DA:19,1
DA:20,134
DA:21,134
DA:22,134
DA:24,1
DA:25,1
DA:26,37
DA:27,37
DA:28,37
DA:30,1
DA:31,1
DA:32,1
DA:33,1
DA:34,78
DA:35,78
DA:37,1
DA:38,1
DA:39,1
DA:40,1
DA:41,1
DA:42,1
DA:43,1
DA:44,1
DA:45,1
DA:46,1
DA:47,88
DA:48,88
LF:44
LH:44
BRDA:20,0,0,134
BRDA:21,1,0,93
BRDA:21,2,0,90
BRDA:21,3,0,44
BRDA:25,4,0,37
BRDA:27,5,0,24
BRDA:27,6,0,13
BRDA:33,7,0,78
BRDA:34,8,0,19
BRDA:34,9,0,10
BRDA:46,10,0,88
BRDA:47,11,0,87
BRDA:47,12,0,86
BRDA:47,13,0,34
BRF:14
BRH:14
end_of_record
TN:
SF:src/lib/status.js
FN:37,getStatusColors
FNF:1
FNH:1
FNDA:299,getStatusColors
DA:1,1
DA:2,1
DA:3,1
DA:4,1
DA:5,1
DA:6,1
DA:7,1
DA:8,1
DA:9,1
DA:10,1
DA:11,1
DA:15,1
DA:17,1
DA:18,1
DA:19,1
DA:20,1
DA:21,1
DA:22,1
DA:23,1
DA:24,1
DA:25,1
DA:26,1
DA:27,1
DA:28,1
DA:29,1
DA:30,1
DA:31,1
DA:32,1
DA:33,1
DA:34,1
DA:35,1
DA:37,1
DA:38,299
DA:39,299
LF:34
LH:34
BRDA:37,0,0,299
BRDA:38,1,0,2
BRF:2
BRH:2
end_of_record
TN:
SF:src/lib/todayBand.js
FN:34,num
FN:35,projName
FN:39,lonePlanting
FN:44,waterItem
FN:64,staleItem
FN:86,buildTodayItems
FN:106,todayBand
FNF:7
FNH:7
FNDA:16,num
FNDA:23,projName
FNDA:27,lonePlanting
FNDA:11,waterItem
FNDA:16,staleItem
FNDA:29,buildTodayItems
FNDA:14,todayBand
DA:1,1
DA:4,1
DA:5,1
DA:6,1
DA:7,1
DA:8,1
DA:9,1
DA:10,1
DA:11,1
DA:12,1
DA:13,1
DA:14,1
DA:15,1
DA:16,1
DA:17,1
DA:18,1
DA:19,1
DA:20,1
DA:21,1
DA:22,1
DA:23,1
DA:24,1
DA:26,1
DA:28,1
DA:29,1
DA:30,1
DA:32,1
DA:34,16
DA:35,23
DA:37,1
DA:38,1
DA:39,27
DA:40,27
DA:41,27
DA:42,27
DA:44,11
DA:45,11
DA:46,11
DA:47,11
DA:48,11
DA:49,11
DA:50,11
DA:51,2
DA:52,2
DA:53,2
DA:54,2
DA:55,2
DA:56,9
DA:57,9
DA:58,9
DA:59,9
DA:60,9
DA:61,9
DA:62,9
DA:64,16
DA:65,16
DA:66,16
DA:67,16
DA:68,16
DA:69,16
DA:70,2
DA:71,2
DA:72,2
DA:73,2
DA:74,2
DA:75,14
DA:76,14
DA:77,14
DA:78,14
DA:79,14
DA:80,14
DA:81,14
DA:83,1
DA:84,1
DA:85,1
DA:86,1
DA:87,29
DA:88,29
DA:89,29
DA:90,29
DA:91,29
DA:93,29
DA:94,29
DA:95,27
DA:96,27
DA:97,27
DA:98,27
DA:99,29
DA:100,29
DA:101,29
DA:102,29
DA:104,1
DA:105,1
DA:106,1
DA:107,14
DA:108,14
DA:109,14
LF:97
LH:97
BRDA:34,0,0,16
BRDA:34,1,0,0
BRDA:35,2,0,23
BRDA:35,3,0,14
BRDA:35,4,0,0
BRDA:39,5,0,27
BRDA:40,6,0,5
BRDA:40,7,0,22
BRDA:41,8,0,4
BRDA:41,9,0,23
BRDA:40,10,0,58
BRDA:44,11,0,11
BRDA:46,12,0,0
BRDA:50,13,0,2
BRDA:53,14,0,0
BRDA:55,15,0,9
BRDA:64,16,0,16
BRDA:66,17,0,0
BRDA:67,18,0,0
BRDA:69,19,0,2
BRDA:72,20,0,0
BRDA:74,21,0,14
BRDA:86,22,0,29
BRDA:87,23,0,22
BRDA:87,24,0,21
BRDA:87,25,0,8
BRDA:89,26,0,14
BRDA:89,27,0,12
BRDA:89,28,0,11
BRDA:91,29,0,17
BRDA:91,30,0,19
BRDA:91,31,0,16
BRDA:94,32,0,27
BRDA:95,33,0,4
BRDA:95,34,0,23
BRDA:97,35,0,2
BRDA:97,36,0,25
BRDA:100,37,0,10
BRDA:100,38,0,8
BRDA:100,39,0,0
BRDA:106,40,0,14
BRF:41
BRH:33
end_of_record
TN:
SF:src/lib/tokens.js
FN:50,iconCssVars
FNF:1
FNH:0
FNDA:0,iconCssVars
DA:1,1
DA:2,1
DA:3,1
DA:4,1
DA:5,1
DA:11,1
DA:12,1
DA:13,1
DA:14,1
DA:15,1
DA:16,1
DA:17,1
DA:18,1
DA:19,1
DA:20,1
DA:21,1
DA:23,1
DA:24,1
DA:25,1
DA:26,1
DA:27,1
DA:28,1
DA:29,1
DA:30,1
DA:31,1
DA:33,1
DA:34,1
DA:35,1
DA:36,1
DA:37,1
DA:38,1
DA:39,1
DA:40,1
DA:41,1
DA:43,1
DA:44,1
DA:45,1
DA:46,1
DA:47,1
DA:48,1
DA:49,1
DA:50,1
DA:51,0
DA:52,0
DA:54,1
DA:55,1
DA:56,1
DA:57,1
DA:58,1
DA:59,1
DA:60,1
DA:61,1
DA:62,1
DA:63,1
DA:64,1
DA:65,1
DA:66,1
DA:67,1
DA:68,1
DA:69,1
DA:70,1
DA:71,1
DA:72,1
DA:73,1
DA:74,1
DA:75,1
LF:66
LH:64
BRF:0
BRH:0
end_of_record
TN:
SF:src/lib/transcribe.js
FN:52,getSpeechRecognitionCtor
FN:62,isTranscriptionSupported
FN:66,noop
FN:79,startLiveTranscription
FN:116,clearWatchdogs
FN:121,armNoSpeechWatchdog
FN:132,safeAbort
FN:136,recognition.onstart
FN:142,recognition.onresult
FN:157,recognition.onerror
FN:171,recognition.onend
FN:197,stop
FN:203,cancel
FNF:13
FNH:12
FNDA:14,getSpeechRecognitionCtor
FNDA:3,isTranscriptionSupported
FNDA:0,noop
FNDA:11,startLiveTranscription
FNDA:11,clearWatchdogs
FNDA:11,armNoSpeechWatchdog
FNDA:4,safeAbort
FNDA:8,recognition.onstart
FNDA:3,recognition.onresult
FNDA:3,recognition.onerror
FNDA:3,recognition.onend
FNDA:1,stop
FNDA:2,cancel
DA:1,1
DA:2,1
DA:3,1
DA:4,1
DA:5,1
DA:6,1
DA:7,1
DA:8,1
DA:9,1
DA:10,1
DA:11,1
DA:12,1
DA:13,1
DA:14,1
DA:15,1
DA:16,1
DA:17,1
DA:18,1
DA:19,1
DA:20,1
DA:21,1
DA:22,1
DA:23,1
DA:24,1
DA:25,1
DA:26,1
DA:27,1
DA:28,1
DA:29,1
DA:30,1
DA:31,1
DA:32,1
DA:33,1
DA:34,1
DA:35,1
DA:36,1
DA:37,1
DA:38,1
DA:39,1
DA:40,1
DA:41,1
DA:42,1
DA:43,1
DA:44,1
DA:45,1
DA:46,1
DA:47,1
DA:49,1
DA:50,1
DA:52,14
DA:53,14
DA:54,14
DA:55,14
DA:57,1
DA:58,1
DA:59,1
DA:60,1
DA:61,1
DA:62,1
DA:63,3
DA:64,3
DA:66,0
DA:68,1
DA:69,1
DA:70,1
DA:71,1
DA:72,1
DA:73,1
DA:74,1
DA:75,1
DA:76,1
DA:77,1
DA:78,1
DA:79,1
DA:80,11
DA:81,11
DA:82,11
DA:83,11
DA:84,11
DA:85,11
DA:86,11
DA:87,11
DA:89,11
DA:90,11
DA:91,1
DA:92,1
DA:93,1
DA:95,10
DA:96,10
DA:97,10
DA:98,11
DA:99,0
DA:100,0
DA:101,0
DA:103,10
DA:104,10
DA:105,10
DA:106,10
DA:108,10
DA:109,10
DA:110,10
DA:111,10
DA:112,10
DA:113,10
DA:114,10
DA:116,10
DA:117,11
DA:118,11
DA:119,11
DA:121,10
DA:122,11
DA:123,11
DA:124,1
DA:125,1
DA:126,1
DA:127,1
DA:128,1
DA:129,1
DA:130,11
DA:132,10
DA:133,4
DA:134,4
DA:136,10
DA:137,8
DA:138,8
DA:139,8
DA:140,8
DA:142,10
DA:143,3
DA:144,3
DA:145,3
DA:146,3
DA:147,3
DA:148,3
DA:149,3
DA:150,3
DA:151,3
DA:152,3
DA:153,3
DA:154,3
DA:155,3
DA:157,10
DA:158,3
DA:159,3
DA:160,3
DA:161,3
DA:162,3
DA:163,2
DA:164,2
DA:165,2
DA:166,1
DA:167,0
DA:168,3
DA:169,3
DA:171,10
DA:172,3
DA:173,3
DA:174,3
DA:175,3
DA:176,3
DA:177,3
DA:179,11
DA:180,4
DA:181,1
DA:182,1
DA:183,1
DA:184,1
DA:185,4
DA:186,4
DA:188,10
DA:189,10
DA:190,11
DA:191,0
DA:192,0
DA:193,0
DA:194,0
DA:196,10
DA:197,10
DA:198,1
DA:199,1
DA:200,1
DA:201,1
DA:202,10
DA:203,10
DA:204,2
DA:205,2
DA:206,2
DA:207,2
DA:208,10
DA:209,10
DA:210,10
LF:191
LH:182
BRDA:52,0,0,14
BRDA:53,1,0,0
BRDA:54,2,0,4
BRDA:54,3,0,2
BRDA:62,4,0,3
BRDA:79,5,0,11
BRDA:90,6,0,1
BRDA:91,7,0,0
BRDA:93,8,0,10
BRDA:98,9,0,0
BRDA:101,10,0,10
BRDA:179,11,0,4
BRDA:186,12,0,10
BRDA:190,13,0,0
BRDA:194,14,0,10
BRDA:116,15,0,11
BRDA:117,16,0,2
BRDA:118,17,0,1
BRDA:121,18,0,11
BRDA:122,19,0,10
BRDA:122,20,0,1
BRDA:123,21,0,0
BRDA:123,22,0,1
BRDA:124,23,0,1
BRDA:125,24,0,0
BRDA:128,25,0,0
BRDA:132,26,0,4
BRDA:133,27,0,0
BRDA:136,28,0,8
BRDA:138,29,0,2
BRDA:142,30,0,3
BRDA:145,31,0,0
BRDA:148,32,0,0
BRDA:149,33,0,0
BRDA:150,34,0,0
BRDA:152,35,0,2
BRDA:153,36,0,0
BRDA:157,37,0,3
BRDA:159,38,0,0
BRDA:161,39,0,1
BRDA:162,40,0,2
BRDA:162,41,0,0
BRDA:163,42,0,0
BRDA:164,43,0,1
BRDA:165,44,0,1
BRDA:166,45,0,0
BRDA:168,46,0,0
BRDA:171,47,0,3
BRDA:173,48,0,0
BRDA:175,49,0,1
BRDA:175,50,0,2
BRDA:176,51,0,0
BRDA:180,52,0,1
BRDA:181,53,0,0
BRDA:184,54,0,0
BRDA:197,55,0,1
BRDA:198,56,0,0
BRDA:201,57,0,0
BRDA:203,58,0,2
BRDA:204,59,0,0
BRF:60
BRH:35
end_of_record
TN:
SF:src/lib/uploadPut.js
FN:18,putWithProgress
FN:33,cleanup
FN:37,fail
FN:44,armStallTimer
FNF:4
FNH:4
FNDA:30,putWithProgress
FNDA:30,cleanup
FNDA:20,fail
FNDA:47,armStallTimer
DA:1,1
DA:2,1
DA:3,1
DA:4,1
DA:5,1
DA:6,1
DA:7,1
DA:8,1
DA:9,1
DA:10,1
DA:11,1
DA:12,1
DA:13,1
DA:15,1
DA:16,1
DA:18,1
DA:19,30
DA:20,30
DA:21,30
DA:22,30
DA:23,30
DA:24,30
DA:25,30
DA:27,30
DA:28,30
DA:29,30
DA:30,30
DA:31,30
DA:33,30
DA:34,30
DA:35,30
DA:36,30
DA:37,30
DA:38,20
DA:39,9
DA:40,9
DA:41,20
DA:42,9
DA:43,20
DA:44,30
DA:45,47
DA:46,47
DA:47,47
DA:49,30
DA:50,30
DA:51,30
DA:52,20
DA:53,17
DA:54,20
DA:55,3
DA:56,3
DA:57,30
DA:58,30
DA:59,30
DA:60,21
DA:61,21
DA:62,21
DA:63,21
DA:64,2
DA:65,30
DA:66,30
DA:67,30
DA:69,30
DA:70,30
DA:71,30
DA:72,30
DA:73,30
LF:67
LH:67
BRDA:18,0,0,30
BRDA:23,1,0,22
BRDA:23,2,0,0
BRDA:25,3,0,0
BRDA:27,4,0,30
BRDA:31,5,0,1
BRDA:33,6,0,30
BRDA:37,7,0,20
BRDA:38,8,0,14
BRDA:38,9,0,11
BRDA:38,10,0,9
BRDA:41,11,0,0
BRDA:41,12,0,9
BRDA:44,13,0,47
BRDA:45,14,0,17
BRDA:46,15,0,2
BRDA:51,16,0,20
BRDA:52,17,0,3
BRDA:52,18,0,17
BRDA:54,19,0,17
BRDA:54,20,0,17
BRDA:54,21,0,3
BRDA:55,22,0,0
BRDA:59,23,0,21
BRDA:60,24,0,0
BRDA:63,25,0,19
BRDA:63,26,0,2
BRDA:66,27,0,7
BRDA:67,28,0,10
BRF:29
BRH:24
end_of_record
TN:
SF:src/lib/utils.js
FN:1,(empty-report)
FNF:1
FNH:0
FNDA:0,(empty-report)
DA:1,0
DA:3,0
DA:4,0
DA:5,0
DA:6,0
DA:7,0
DA:8,0
DA:9,0
DA:10,0
DA:11,0
LF:10
LH:0
BRDA:1,0,0,0
BRF:1
BRH:0
end_of_record
TN:
SF:src/lib/uxEvents.js
FN:29,uuid
FN:35,getSessionId
FN:47,sendUxEvent
FN:77,useUxFlow
FNF:4
FNH:4
FNDA:1,uuid
FNDA:4,getSessionId
FNDA:88,sendUxEvent
FNDA:485,useUxFlow
DA:1,1
DA:2,1
DA:3,1
DA:4,1
DA:5,1
DA:6,1
DA:7,1
DA:12,1
DA:13,1
DA:14,1
DA:15,1
DA:16,1
DA:17,1
DA:18,1
DA:19,1
DA:20,1
DA:21,1
DA:22,1
DA:23,1
DA:24,1
DA:25,1
DA:27,1
DA:29,1
DA:30,1
DA:31,0
DA:32,0
DA:34,1
DA:35,1
DA:36,4
DA:37,4
DA:38,4
DA:39,4
DA:40,4
DA:41,4
DA:42,0
DA:43,0
DA:44,4
DA:46,1
DA:47,1
DA:48,88
DA:49,2
DA:50,88
DA:51,3
DA:52,2
DA:53,2
DA:54,2
DA:55,2
DA:56,2
DA:57,2
DA:58,2
DA:59,2
DA:60,2
DA:61,2
DA:62,2
DA:63,2
DA:64,2
DA:65,2
DA:66,2
DA:67,1
DA:68,1
DA:69,1
DA:70,88
DA:72,1
DA:73,1
DA:74,1
DA:75,1
DA:76,1
DA:77,1
DA:78,485
DA:79,485
DA:80,485
DA:81,485
DA:82,485
DA:83,485
DA:85,485
DA:86,485
DA:88,485
DA:89,57
DA:90,485
DA:92,485
DA:93,28
DA:94,28
DA:95,28
DA:96,28
DA:97,28
DA:98,28
DA:99,28
DA:100,28
DA:101,485
DA:103,485
DA:104,485
LF:91
LH:87
BRDA:27,0,0,14
BRDA:29,1,0,1
BRDA:30,2,0,0
BRDA:35,3,0,4
BRDA:39,4,0,1
BRDA:41,5,0,0
BRDA:47,6,0,88
BRDA:48,7,0,86
BRDA:48,8,0,2
BRDA:50,9,0,0
BRDA:50,10,0,3
BRDA:50,11,0,2
BRDA:51,12,0,0
BRDA:51,13,0,2
BRDA:66,14,0,1
BRDA:77,15,0,485
BRDA:85,16,0,76
BRDA:86,17,0,71
BRDA:88,18,0,57
BRDA:92,19,0,28
BRDA:99,20,0,0
BRF:21
BRH:16
end_of_record
TN:
SF:src/lib/varietySpec.js
FN:5,fmtShu
FN:13,shuLabel
FN:22,determinacyLabel
FNF:3
FNH:3
FNDA:6,fmtShu
FNDA:149,shuLabel
FNDA:147,determinacyLabel
DA:1,1
DA:2,1
DA:3,1
DA:5,6
DA:6,6
DA:7,6
DA:8,2
DA:9,0
DA:10,0
DA:12,1
DA:13,1
DA:14,149
DA:15,149
DA:16,149
DA:17,149
DA:18,149
DA:19,149
DA:21,1
DA:22,1
DA:23,147
DA:24,147
DA:25,4
DA:26,4
DA:27,1
DA:28,0
DA:29,0
LF:26
LH:22
BRDA:5,0,0,6
BRDA:6,1,0,1
BRDA:6,2,0,5
BRDA:7,3,0,3
BRDA:7,4,0,2
BRDA:8,5,0,0
BRDA:13,6,0,149
BRDA:15,7,0,144
BRDA:15,8,0,144
BRDA:15,9,0,6
BRDA:15,10,0,5
BRDA:16,11,0,0
BRDA:16,12,0,1
BRDA:17,13,0,1
BRDA:17,14,0,6
BRDA:17,15,0,1
BRDA:17,16,0,4
BRDA:18,17,0,2
BRDA:18,18,0,2
BRDA:22,19,0,147
BRDA:23,20,0,144
BRDA:24,21,0,144
BRDA:24,22,0,4
BRDA:24,23,0,3
BRDA:25,24,0,1
BRDA:25,25,0,2
BRDA:26,26,0,1
BRDA:27,27,0,0
BRF:28
BRH:25
end_of_record
TN:
SF:src/lib/waterDue.js
FN:13,severityTier
FN:23,overdueLabel
FNF:2
FNH:2
FNDA:24,severityTier
FNDA:23,overdueLabel
DA:1,1
DA:2,1
DA:3,1
DA:6,1
DA:7,1
DA:8,1
DA:9,1
DA:10,1
DA:11,1
DA:13,1
DA:14,24
DA:15,24
DA:16,24
DA:17,15
DA:18,2
DA:19,2
DA:21,1
DA:22,1
DA:23,1
DA:24,23
DA:25,23
DA:26,21
DA:27,13
DA:28,13
LF:24
LH:24
BRDA:13,0,0,24
BRDA:15,1,0,2
BRDA:15,2,0,2
BRDA:15,3,0,22
BRDA:16,4,0,11
BRDA:16,5,0,16
BRDA:16,6,0,15
BRDA:16,7,0,11
BRDA:17,8,0,9
BRDA:17,9,0,2
BRDA:23,10,0,23
BRDA:25,11,0,2
BRDA:25,12,0,21
BRDA:26,13,0,8
BRDA:26,14,0,13
BRF:15
BRH:15
end_of_record
TN:
SF:src/lib/wateringScale.js
FN:19,clampHalf
FN:23,computeWateringScale
FN:62,canRail
FN:67,pillState
FNF:4
FNH:4
FNDA:212,clampHalf
FNDA:37,computeWateringScale
FNDA:46,canRail
FNDA:127,pillState
DA:1,1
DA:2,1
DA:3,1
DA:4,1
DA:5,1
DA:6,1
DA:7,1
DA:8,1
DA:9,1
DA:10,1
DA:11,1
DA:12,1
DA:13,1
DA:14,1
DA:15,1
DA:16,1
DA:17,1
DA:19,1
DA:21,1
DA:22,1
DA:23,1
DA:24,37
DA:25,37
DA:26,37
DA:27,37
DA:28,37
DA:29,37
DA:30,37
DA:31,37
DA:32,37
DA:33,37
DA:34,37
DA:35,37
DA:36,37
DA:38,37
DA:39,37
DA:40,37
DA:41,37
DA:42,37
DA:43,37
DA:45,37
DA:46,37
DA:47,37
DA:48,37
DA:49,34
DA:50,37
DA:51,37
DA:53,37
DA:54,37
DA:55,37
DA:56,37
DA:57,37
DA:58,37
DA:59,37
DA:61,1
DA:62,1
DA:63,46
DA:64,46
DA:66,1
DA:67,1
DA:68,127
DA:69,127
LF:62
LH:62
BRDA:19,0,0,212
BRDA:23,1,0,37
BRDA:24,2,0,0
BRDA:25,3,0,14
BRDA:26,4,0,14
BRDA:27,5,0,2
BRDA:27,6,0,2
BRDA:28,7,0,4
BRDA:31,8,0,12
BRDA:31,9,0,6
BRDA:33,10,0,35
BRDA:33,11,0,8
BRDA:41,12,0,2
BRDA:42,13,0,3
BRDA:42,14,0,34
BRDA:43,15,0,1
BRDA:47,16,0,2
BRDA:48,17,0,3
BRDA:48,18,0,34
BRDA:49,19,0,1
BRDA:50,20,0,10
BRDA:51,21,0,18
BRDA:62,22,0,46
BRDA:63,23,0,138
BRDA:67,24,0,127
BRDA:68,25,0,88
BRDA:68,26,0,39
BRF:27
BRH:26
end_of_record
TN:
SF:src/lib/wateringScale.test.js
FNF:0
FNH:0
DA:1,1
DA:2,1
DA:3,1
DA:4,1
DA:5,1
DA:6,1
DA:7,1
DA:8,1
DA:9,1
DA:10,1
DA:11,1
DA:12,1
DA:13,1
DA:14,1
DA:15,1
DA:16,1
DA:17,1
DA:18,1
DA:19,1
DA:20,1
DA:21,1
DA:22,1
DA:23,1
DA:24,1
DA:25,1
DA:26,1
DA:27,1
DA:28,1
DA:29,1
DA:30,1
DA:31,1
DA:32,1
DA:33,1
DA:34,1
DA:35,1
DA:36,1
DA:37,1
DA:38,1
DA:39,1
DA:40,1
DA:41,1
DA:42,1
DA:43,1
DA:44,1
DA:45,1
DA:46,1
DA:47,1
DA:48,1
DA:49,1
DA:50,1
DA:51,1
DA:52,1
DA:53,1
DA:54,1
DA:55,1
DA:56,1
DA:57,1
DA:58,1
DA:59,1
DA:60,1
DA:61,1
DA:62,1
DA:63,1
DA:64,1
DA:65,1
DA:66,1
DA:67,1
DA:68,1
LF:68
LH:68
BRDA:4,0,0,1
BRDA:5,1,0,1
BRDA:15,2,0,1
BRDA:21,3,0,1
BRDA:27,4,0,1
BRDA:33,5,0,1
BRDA:43,6,0,1
BRDA:54,7,0,1
BRDA:55,8,0,1
BRDA:62,9,0,1
BRDA:63,10,0,1
BRF:11
BRH:11
end_of_record
TN:
SF:src/lib/whatsNew.js
FN:9,cmpVersion
FN:22,isUnseen
FN:28,readSeen
FN:32,writeSeen
FNF:4
FNH:3
FNDA:10,cmpVersion
FNDA:6,isUnseen
FNDA:0,readSeen
FNDA:1,writeSeen
DA:1,1
DA:2,1
DA:3,1
DA:4,1
DA:5,1
DA:6,1
DA:8,1
DA:9,1
DA:10,10
DA:11,10
DA:12,10
DA:13,10
DA:14,22
DA:15,22
DA:16,22
DA:17,4
DA:18,4
DA:20,1
DA:21,1
DA:22,1
DA:23,6
DA:24,6
DA:25,3
DA:26,3
DA:28,1
DA:29,0
DA:30,0
DA:32,1
DA:33,1
DA:34,1
DA:35,1
DA:36,1
DA:37,1
DA:38,1
LF:34
LH:32
BRDA:9,0,0,10
BRDA:10,1,0,0
BRDA:11,2,0,0
BRDA:13,3,0,22
BRDA:14,4,0,5
BRDA:14,5,0,5
BRDA:15,6,0,6
BRDA:15,7,0,2
BRDA:15,8,0,4
BRDA:16,9,0,4
BRDA:10,10,0,29
BRDA:10,11,0,8
BRDA:11,12,0,30
BRDA:11,13,0,12
BRDA:22,14,0,6
BRDA:23,15,0,1
BRDA:23,16,0,5
BRDA:24,17,0,4
BRDA:24,18,0,2
BRDA:24,19,0,3
BRDA:32,20,0,1
BRDA:33,21,0,0
BRDA:37,22,0,0
BRF:23
BRH:19
end_of_record
